<?xml version="1.0" encoding="utf-8"?><testsuites name="pytest tests"><testsuite name="pytest" errors="0" failures="0" skipped="0" tests="217" time="173.067" timestamp="2026-09-13T00:04:13.593622+02:00" hostname="AlexSua"><testcase classname="tests.harness.test_b2_harness.TestB2Harness" name="test_canonical_exit_codes" time="23.411" /><testcase classname="tests.harness.test_b2_harness.TestB2Harness" name="test_closure_blocked_inputs_and_invalid_index_are_non_mutating" time="3.293" /><testcase classname="tests.harness.test_b2_harness.TestB2Harness" name="test_closure_rejects_gate_v_and_contract_mismatches" time="8.359" /><testcase classname="tests.harness.test_b2_harness.TestB2Harness" name="test_closure_requires_approval_and_final_manifest_integrity" time="7.441" /><testcase classname="tests.harness.test_b2_harness.TestB2Harness" name="test_closure_with_all_deliverables_empty_is_blocked" time="1.019" /><testcase classname="tests.harness.test_b2_harness.TestB2Harness" name="test_closure_with_empty_script_is_blocked_without_index_mutation" time="0.975" /><testcase classname="tests.harness.test_b2_harness.TestB2Harness" name="test_episode_duration_envelope_is_bound_through_closure" time="0.843" /><testcase classname="tests.harness.test_b2_harness.TestB2Harness" name="test_evidence_statuses" time="0.136" /><testcase classname="tests.harness.test_b2_harness.TestB2Harness" name="test_evidence_substantive_regression_cases" time="0.051" /><testcase classname="tests.harness.test_b2_harness.TestB2Harness" name="test_final_delivery_manifest_security_and_roles_regression" time="7.485" /><testcase classname="tests.harness.test_b2_harness.TestB2Harness" name="test_gate0_portable_path_does_not_require_local_settings_or_vault" time="0.027" /><testcase classname="tests.harness.test_b2_harness.TestB2Harness" name="test_gate0_preserves_legacy_vault_checks" time="0.041" /><testcase classname="tests.harness.test_b2_harness.TestB2Harness" name="test_index_write_error_returns_technical_error_without_pass" time="0.183" /><testcase classname="tests.harness.test_b2_harness.TestB2Harness" name="test_legacy_cli_regressions_and_workflow_contract" time="1.986" /><testcase classname="tests.harness.test_b2_harness.TestB2Harness" name="test_legacy_parser_is_exact_and_unambiguous" time="0.018" /><testcase classname="tests.harness.test_b2_harness.TestB2Harness" name="test_modern_episode_closure_does_not_require_vault_config" time="1.127" /><testcase classname="tests.harness.test_b2_harness.TestB2Harness" name="test_persisted_gate_result_rejects_missing_and_contradictory_fields" time="0.007" /><testcase classname="tests.harness.test_b2_harness.TestB2Harness" name="test_post_guion_language_gate_does_not_require_deferred_packaging_or_seo" time="0.017" /><testcase classname="tests.harness.test_b2_harness.TestB2Harness" name="test_post_script_inputs_block_and_output_is_portable" time="0.632" /><testcase classname="tests.harness.test_b2_harness.TestB2Harness" name="test_pre_and_post_ultra_use_distinct_gate_ids" time="0.639" /><testcase classname="tests.harness.test_b2_harness.TestB2Harness" name="test_registered_approved_duration_envelope_blocks_omitted_fallback" time="2.019" /><testcase classname="tests.harness.test_b2_harness.TestB2Harness" name="test_valid_closure_is_single_atomic_mutation" time="1.916" /><testcase classname="tests.harness.test_b2_harness.TestB2Harness" name="test_workflow_b2_requirements" time="0.006" /><testcase classname="tests.harness.test_b3_profile_pipeline" name="test_cli_pipeline_and_rejections" time="4.925" /><testcase classname="tests.harness.test_b3_i3_canonical_consumption" name="test_all_b3_i3_consumers_use_canonical_editorial_reference" time="0.304" /><testcase classname="tests.harness.test_b3_i3_canonical_consumption" name="test_gate_rejects_normalized_historical_references[workspace/05c_voice_profile.md]" time="0.237" /><testcase classname="tests.harness.test_b3_i3_canonical_consumption" name="test_gate_rejects_normalized_historical_references[workspace\\05c_voice_profile.md]" time="0.210" /><testcase classname="tests.harness.test_b3_i3_canonical_consumption" name="test_gate_rejects_normalized_historical_references[./workspace/05c_voice_profile.md]" time="0.208" /><testcase classname="tests.harness.test_b3_i3_canonical_consumption" name="test_gate_rejects_normalized_historical_references[workspace/./05c_voice_profile.md]" time="0.224" /><testcase classname="tests.harness.test_b3_i3_canonical_consumption" name="test_gate_rejects_normalized_historical_references[workspace/temp/../05c_voice_profile.md]" time="0.263" /><testcase classname="tests.harness.test_b3_i3_canonical_consumption" name="test_gate_rejects_normalized_historical_references[[voz](workspace/05c_voice_profile.md)]" time="0.226" /><testcase classname="tests.harness.test_b3_i3_canonical_consumption" name="test_gate_rejects_normalized_historical_references[`workspace\\05c_voice_profile.md`]" time="0.217" /><testcase classname="tests.harness.test_b3_i3_canonical_consumption" name="test_gate_rejects_normalized_historical_references[WORKSPACE/05C_VOICE_PROFILE.MD]" time="0.211" /><testcase classname="tests.harness.test_b3_i3_canonical_consumption" name="test_gate_avoids_false_positives[workspace/05c_voice_profile.mdx]" time="0.017" /><testcase classname="tests.harness.test_b3_i3_canonical_consumption" name="test_gate_avoids_false_positives[workspace/05c_voice_profile.md.backup]" time="0.016" /><testcase classname="tests.harness.test_b3_i3_canonical_consumption" name="test_gate_avoids_false_positives[workspace/otro_documento.md]" time="0.017" /><testcase classname="tests.harness.test_b3_i3_canonical_consumption" name="test_gate_avoids_false_positives[La palabra workspace no es una referencia.]" time="0.017" /><testcase classname="tests.harness.test_b3_i3_canonical_consumption" name="test_learning_candidate_contract_and_initial_decision" time="0.020" /><testcase classname="tests.harness.test_b3_i3_canonical_consumption" name="test_learning_skill_is_candidate_only_and_qa_cannot_approve_identity" time="0.005" /><testcase classname="tests.harness.test_b3_i3_canonical_consumption" name="test_historical_sources_remain_noncanonical_and_skills_keep_safe_gates" time="0.010" /><testcase classname="tests.harness.test_b3_i4_readiness" name="test_empty_specification_based_corpus_passes_without_audio_or_transcription" time="0.035" /><testcase classname="tests.harness.test_b3_i4_readiness" name="test_validated_authentic_corpus_cannot_be_empty" time="0.038" /><testcase classname="tests.harness.test_b3_i4_readiness" name="test_authentic_sample_passes_without_primary_semantics" time="0.057" /><testcase classname="tests.harness.test_b3_i4_readiness" name="test_future_incomplete_writing_sample_fails" time="0.061" /><testcase classname="tests.harness.test_b3_i4_readiness" name="test_missing_positive_or_negative_examples_fails" time="0.060" /><testcase classname="tests.harness.test_b3_i4_readiness" name="test_preflight_is_read_only_and_never_activates" time="0.615" /><testcase classname="tests.harness.test_b5_i1_editorial_input" name="test_episode_brief_requires_profile_checksum" time="0.008" /><testcase classname="tests.harness.test_b5_i1_editorial_input" name="test_active_profile_must_match_exactly" time="0.064" /><testcase classname="tests.harness.test_b5_i1_editorial_input" name="test_brief_contains_type_structure_and_source_policies" time="0.009" /><testcase classname="tests.harness.test_b5_i1_editorial_input" name="test_three_good_sources_are_valid_without_eight_url_minimum" time="0.065" /><testcase classname="tests.harness.test_b5_i1_editorial_input" name="test_research_separates_fact_interpretation_and_hypothesis" time="0.025" /><testcase classname="tests.harness.test_b5_i1_editorial_input" name="test_research_entry_without_locator_fails" time="0.025" /><testcase classname="tests.harness.test_b5_i1_editorial_input" name="test_formal_but_empty_evidence_does_not_pass" time="0.028" /><testcase classname="tests.harness.test_b5_i1_editorial_input" name="test_source_report_accepts_video_timestamp_and_lineage_metadata" time="0.022" /><testcase classname="tests.harness.test_b5_i1_editorial_input" name="test_evidence_gate_blocks_exact_quote_from_unreviewed_automatic_transcript" time="0.042" /><testcase classname="tests.harness.test_b5_i1_editorial_input" name="test_can_proceed_false_blocks" time="0.047" /><testcase classname="tests.harness.test_b5_i1_editorial_input" name="test_declared_limitations_warn" time="0.041" /><testcase classname="tests.harness.test_b5_i1_editorial_input" name="test_provisional_thesis_requires_research_and_evidence_lineage" time="0.011" /><testcase classname="tests.harness.test_b5_i1_editorial_input" name="test_provisional_and_refined_stages_are_not_confused" time="0.004" /><testcase classname="tests.harness.test_b5_i1_editorial_input" name="test_workflow_stops_before_curation_and_outline" time="0.004" /><testcase classname="tests.harness.test_b5_i1_editorial_input" name="test_evaluation_makes_no_network_calls" time="0.082" /><testcase classname="tests.harness.test_b5_i1_editorial_input" name="test_unavailable_with_can_proceed_true_blocks" time="0.019" /><testcase classname="tests.harness.test_b5_i1_editorial_input" name="test_unusable_source_status_cannot_support_positive_evidence[NOT_RECOVERED-PENDING]" time="0.024" /><testcase classname="tests.harness.test_b5_i1_editorial_input" name="test_unusable_source_status_cannot_support_positive_evidence[RECOVERED-PENDING]" time="0.022" /><testcase classname="tests.harness.test_b5_i1_editorial_input" name="test_unusable_source_status_cannot_support_positive_evidence[RECOVERED-NOT_REVIEWED]" time="0.023" /><testcase classname="tests.harness.test_b5_i1_editorial_input" name="test_recovered_and_verified_source_can_support_positive_evidence" time="0.020" /><testcase classname="tests.harness.test_b5_i1_editorial_input" name="test_unusable_source_cannot_be_referenced_by_positive_evidence_shapes" time="0.029" /><testcase classname="tests.harness.test_b5_i1_editorial_input" name="test_global_low_confidence_blocks" time="0.037" /><testcase classname="tests.harness.test_b5_i1_editorial_input" name="test_indirect_access_with_medium_confidence_warns" time="0.035" /><testcase classname="tests.harness.test_b5_i1_editorial_input" name="test_indirect_scene_in_escenas_verificadas_fails" time="0.029" /><testcase classname="tests.harness.test_b5_i1_editorial_input" name="test_direct_scene_in_escenas_descritas_indirectamente_fails" time="0.028" /><testcase classname="tests.harness.test_b5_i1_editorial_input" name="test_thesis_refined_stage_fails" time="0.015" /><testcase classname="tests.harness.test_b5_i1_editorial_input" name="test_thesis_source_ref_not_in_research_fails" time="0.015" /><testcase classname="tests.harness.test_b5_i1_editorial_input" name="test_thesis_source_ref_in_research_but_not_in_evidence_fails" time="0.015" /><testcase classname="tests.harness.test_b5_i1_editorial_input" name="test_cross_artifact_id_mismatch_fails" time="0.138" /><testcase classname="tests.harness.test_b5_i1_editorial_input" name="test_valid_provisional_thesis_with_pass_evidence_passes" time="0.100" /><testcase classname="tests.harness.test_b5_i1_editorial_input" name="test_brief_without_narrative_material_does_not_pass" time="0.040" /><testcase classname="tests.harness.test_b5_i1_editorial_input" name="test_pending_critical_coverage_requires_scope_decision" time="0.021" /><testcase classname="tests.harness.test_b5_i1_editorial_input" name="test_indirect_report_requires_prohibitions_and_disclosure" time="0.015" /><testcase classname="tests.harness.test_b5_i1_editorial_input" name="test_thesis_must_inherit_evidence_constraints" time="0.006" /><testcase classname="tests.harness.test_b5_i1_editorial_input" name="test_valid_provisional_thesis_with_warn_evidence_warns" time="0.073" /><testcase classname="tests.harness.test_b5_i1_editorial_input" name="test_thesis_gate_makes_no_network_calls" time="0.100" /><testcase classname="tests.harness.test_b5_i1_editorial_input" name="test_semantic_audit_missing_blocks" time="0.034" /><testcase classname="tests.harness.test_b5_i1_editorial_input" name="test_semantic_audit_wrong_checksum_fails" time="0.046" /><testcase classname="tests.harness.test_b5_i1_editorial_input" name="test_semantic_audit_generic_content_can_fail" time="0.049" /><testcase classname="tests.harness.test_b5_i1_editorial_input" name="test_semantic_audit_specific_candidate_can_pass" time="0.044" /><testcase classname="tests.harness.test_b5_i1_editorial_input" name="test_identified_claim_without_report_assessment_fails" time="0.050" /><testcase classname="tests.harness.test_b5_i1_editorial_input" name="test_untraceable_additional_claim_fails" time="0.060" /><testcase classname="tests.harness.test_b5_i1_editorial_input" name="test_semantic_audit_criteria_are_complete_and_unique" time="0.064" /><testcase classname="tests.harness.test_b5_i1_editorial_input" name="test_critical_not_satisfied_cannot_claim_pass_or_warn" time="0.050" /><testcase classname="tests.harness.test_b5_i1_editorial_input" name="test_limited_finding_requires_warn" time="0.048" /><testcase classname="tests.harness.test_b5_i1_editorial_input" name="test_partial_coverage_dispositions" time="0.072" /><testcase classname="tests.harness.test_b5_i1_editorial_input" name="test_partial_coverage_without_impact_fails" time="0.063" /><testcase classname="tests.harness.test_b5_i1_editorial_input" name="test_inherited_skills_are_marked_non_executable" time="0.006" /><testcase classname="tests.harness.test_b5_i2" name="test_research_closure_mode_requires_explicit_stage_and_components" time="0.292" /><testcase classname="tests.harness.test_b5_i2" name="test_b5_i2_integrates_three_final_works_dossiers_and_exact_independent_audit" time="0.580" /><testcase classname="tests.harness.test_b5_i2" name="test_b5_i2_r1_collection_and_audit_bindings_fail_closed[missing_dossier-WorkLifecycle requiere dossier ausente]" time="0.541" /><testcase classname="tests.harness.test_b5_i2" name="test_b5_i2_r1_collection_and_audit_bindings_fail_closed[wrong_work_dossier-WorkLifecycle y WorkResearchDossier difieren]" time="0.623" /><testcase classname="tests.harness.test_b5_i2" name="test_b5_i2_r1_collection_and_audit_bindings_fail_closed[audit_checksum-AUDITED_ARTIFACT_CHECKSUM_MISMATCH]" time="0.551" /><testcase classname="tests.harness.test_b5_i2" name="test_b5_i2_r1_collection_and_audit_bindings_fail_closed[audit_foreign_artifact-AUDITED_ARTIFACT_NOT_IN_CLOSURE]" time="0.635" /><testcase classname="tests.harness.test_b5_i2" name="test_b5_i2_r1_collection_and_audit_bindings_fail_closed[audit_not_independent-AUDITOR_EQUALS_PRODUCER_RUN]" time="0.646" /><testcase classname="tests.harness.test_b5_i2" name="test_r1_audit_binding_accepts_exact_current_tuple_with_historical_registry_output" time="0.853" /><testcase classname="tests.harness.test_b5_i2" name="test_invalid_independent_research_audit_is_not_ignored_by_b5_i2_gate" time="0.236" /><testcase classname="tests.harness.test_b5_i2" name="test_valid_independent_research_audit_routes_through_b5_i2_gate" time="0.269" /><testcase classname="tests.harness.test_b5_i2" name="test_research_closure_does_not_fabricate_aggregate_decision" time="0.191" /><testcase classname="tests.harness.test_b5_i2" name="test_b5_i2_consumes_research_pack_contradiction_disposition" time="0.224" /><testcase classname="tests.harness.test_b5_i2" name="test_b5_i2_consumes_specialist_research_validation" time="0.696" /><testcase classname="tests.harness.test_b5_i2" name="test_complete_coherent_case_passes_and_unanalysed_exclusion_is_allowed" time="0.327" /><testcase classname="tests.harness.test_b5_i2" name="test_b5_i1_checksum_divergence_fails[brief_checksum]" time="0.280" /><testcase classname="tests.harness.test_b5_i2" name="test_b5_i1_checksum_divergence_fails[research_checksum]" time="0.289" /><testcase classname="tests.harness.test_b5_i2" name="test_b5_i1_checksum_divergence_fails[evidence_report_checksum]" time="0.280" /><testcase classname="tests.harness.test_b5_i2" name="test_b5_i1_checksum_divergence_fails[thesis_checksum]" time="0.289" /><testcase classname="tests.harness.test_b5_i2" name="test_isolated_functional_control_fails[selected_without_analysis-curation-&lt;lambda&gt;-Material seleccionado sin NarrativeHumanAnalysis]" time="0.244" /><testcase classname="tests.harness.test_b5_i2" name="test_isolated_functional_control_fails[final_candidate_unresolved-curation-&lt;lambda&gt;-Curaci\xf3n FINAL no puede conservar candidatos sin resolver]" time="0.290" /><testcase classname="tests.harness.test_b5_i2" name="test_isolated_functional_control_fails[without_sequence-curation-&lt;lambda&gt;-sequence_rationale]" time="0.320" /><testcase classname="tests.harness.test_b5_i2" name="test_isolated_functional_control_fails[without_set_relationship-curation-&lt;lambda&gt;-set_relationship]" time="0.324" /><testcase classname="tests.harness.test_b5_i2" name="test_isolated_functional_control_fails[without_unique_contribution-curation-&lt;lambda&gt;-unique_contributions]" time="0.309" /><testcase classname="tests.harness.test_b5_i2" name="test_isolated_functional_control_fails[thesis_without_delta-thesis-&lt;lambda&gt;-changes_from_provisional]" time="0.315" /><testcase classname="tests.harness.test_b5_i2" name="test_isolated_functional_control_fails[supporting_evidence_missing-thesis-&lt;lambda&gt;-evidencia favorable inexistente]" time="0.337" /><testcase classname="tests.harness.test_b5_i2" name="test_isolated_functional_control_fails[counterevidence_missing-thesis-&lt;lambda&gt;-contraevidencia inexistente]" time="0.337" /><testcase classname="tests.harness.test_b5_i2" name="test_isolated_functional_control_fails[restriction_lost-thesis-&lt;lambda&gt;-pierde restricciones heredadas]" time="0.328" /><testcase classname="tests.harness.test_b5_i2" name="test_isolated_functional_control_fails[promise_without_tension-script_promise-&lt;lambda&gt;-central_tension]" time="0.323" /><testcase classname="tests.harness.test_b5_i2" name="test_isolated_functional_control_fails[promise_without_opening_obligation-script_promise-&lt;lambda&gt;-opening_obligations]" time="0.313" /><testcase classname="tests.harness.test_b5_i2" name="test_isolated_functional_control_fails[medium_without_mitigation-script_promise-&lt;lambda&gt;-MEDIUM exige mitigaci\xf3n]" time="0.572" /><testcase classname="tests.harness.test_b5_i2" name="test_isolated_functional_control_fails[curation_research_id-curation-&lt;lambda&gt;-curation.research_id]" time="0.337" /><testcase classname="tests.harness.test_b5_i2" name="test_isolated_functional_control_fails[thesis_research_id-thesis-&lt;lambda&gt;-thesis.research_id]" time="0.291" /><testcase classname="tests.harness.test_b5_i2" name="test_isolated_functional_control_fails[thesis_evidence_id-thesis-&lt;lambda&gt;-thesis.evidence_report_id]" time="0.288" /><testcase classname="tests.harness.test_b5_i2" name="test_isolated_functional_control_fails[thesis_audit_id-thesis-&lt;lambda&gt;-thesis.semantic_audit_id]" time="0.323" /><testcase classname="tests.harness.test_b5_i2" name="test_redundancy_missing_or_self_reference_fails[M-404]" time="0.341" /><testcase classname="tests.harness.test_b5_i2" name="test_redundancy_missing_or_self_reference_fails[M1]" time="0.317" /><testcase classname="tests.harness.test_b5_i2" name="test_selected_analysis_omitted_from_curation_lineage_fails" time="0.325" /><testcase classname="tests.harness.test_b5_i2" name="test_analysis_id_duplicate_fails" time="0.324" /><testcase classname="tests.harness.test_b5_i2" name="test_material_analyzed_twice_fails" time="0.364" /><testcase classname="tests.harness.test_b5_i2" name="test_candidate_material_id_duplicate_fails" time="0.290" /><testcase classname="tests.harness.test_b5_i2" name="test_exclusion_material_id_duplicate_fails" time="0.271" /><testcase classname="tests.harness.test_b5_i2" name="test_independent_provenance_is_required" time="0.205" /><testcase classname="tests.harness.test_b5_i2" name="test_producer_run_id_inexistente_fails" time="0.201" /><testcase classname="tests.harness.test_b5_i2" name="test_existing_run_that_did_not_produce_artifact_fails" time="0.254" /><testcase classname="tests.harness.test_b5_i2" name="test_registered_output_checksum_mismatch_fails" time="0.256" /><testcase classname="tests.harness.test_b5_i2" name="test_auditor_run_id_inexistente_fails" time="0.291" /><testcase classname="tests.harness.test_b5_i2" name="test_auditor_skill_or_version_mismatch_fails[auditor_skill_id-skill_id]" time="0.292" /><testcase classname="tests.harness.test_b5_i2" name="test_auditor_skill_or_version_mismatch_fails[auditor_skill_version-skill_version]" time="0.267" /><testcase classname="tests.harness.test_b5_i2" name="test_audit_over_old_checksums_fails" time="0.250" /><testcase classname="tests.harness.test_b5_i2" name="test_input_manifest_checksum_must_match_exact_artifacts" time="0.282" /><testcase classname="tests.harness.test_b5_i2" name="test_evaluated_excerpt_must_exist_in_referenced_field" time="0.250" /><testcase classname="tests.harness.test_b5_i2" name="test_evidence_excerpt_must_exist_in_referenced_evidence" time="0.219" /><testcase classname="tests.harness.test_b5_i2" name="test_analysis_finding_cannot_be_used_as_its_own_audit_evidence" time="0.260" /><testcase classname="tests.harness.test_b5_i2" name="test_relevant_artifact_must_be_covered_by_critical_audit" time="0.254" /><testcase classname="tests.harness.test_b5_i2" name="test_audit_created_by_same_execution_as_produced_artifacts_fails" time="0.250" /><testcase classname="tests.harness.test_b5_i2" name="test_auditor_that_also_produced_thesis_fails" time="0.534" /><testcase classname="tests.harness.test_b5_i2" name="test_critical_editorial_failure_or_unresolved_fails[NOT_SATISFIED]" time="0.302" /><testcase classname="tests.harness.test_b5_i2" name="test_critical_editorial_failure_or_unresolved_fails[UNRESOLVED]" time="0.329" /><testcase classname="tests.harness.test_b5_i2" name="test_limited_critical_editorial_decision_warns" time="0.288" /><testcase classname="tests.harness.test_b5_i2" name="test_synthetic_complete_provenance_passes_technical_integrity" time="0.214" /><testcase classname="tests.harness.test_b5_i2" name="test_real_operation_without_evaluator_blocks" time="0.226" /><testcase classname="tests.harness.test_b5_i2" name="test_orphan_artifact_or_evidence_references_fail" time="0.267" /><testcase classname="tests.harness.test_b5_i2" name="test_medium_with_mitigation_warns" time="0.314" /><testcase classname="tests.harness.test_b5_i2" name="test_equal_provisional_thesis_with_justification_is_allowed" time="0.300" /><testcase classname="tests.harness.test_b5_i2" name="test_inherited_restriction_with_unknown_affected_material_fails" time="0.320" /><testcase classname="tests.harness.test_b5_i2" name="test_required_disclosure_lost_in_curation_fails" time="0.343" /><testcase classname="tests.harness.test_b5_i2" name="test_excluded_claim_lost_in_curation_fails" time="0.310" /><testcase classname="tests.harness.test_b5_i2" name="test_b5_i3_not_started" time="0.004" /><testcase classname="tests.harness.test_b5_i2" name="test_synthetic_warn_is_operationally_blocked" time="0.333" /><testcase classname="tests.harness.test_b5_i2" name="test_real_provider_fail_is_not_ready" time="0.306" /><testcase classname="tests.harness.test_b5_i2" name="test_incoherent_decision_readiness_is_rejected[FAIL-READY_FOR_EDITORIAL_FUNCTIONAL_REVIEW-FAIL]" time="0.325" /><testcase classname="tests.harness.test_b5_i2" name="test_incoherent_decision_readiness_is_rejected[BLOCKED-READY_FOR_EDITORIAL_FUNCTIONAL_REVIEW-FAIL]" time="0.314" /><testcase classname="tests.harness.test_b5_i2" name="test_incoherent_decision_readiness_is_rejected[PASS-READY_FOR_EDITORIAL_FUNCTIONAL_REVIEW-FAIL]" time="0.306" /><testcase classname="tests.harness.test_b5_i2" name="test_material_checksum_incorrect_fails" time="0.322" /><testcase classname="tests.harness.test_b5_i2" name="test_material_reference_missing_blocks" time="0.321" /><testcase classname="tests.harness.test_b5_i2" name="test_material_checksum_from_other_material_fails" time="0.291" /><testcase classname="tests.harness.test_b5_i2" name="test_excluded_material_analysis_is_rejected" time="0.299" /><testcase classname="tests.harness.test_b5_i2" name="test_unauthorized_material_analysis_is_blocked" time="0.227" /><testcase classname="tests.harness.test_b5_i2" name="test_final_curation_rejects_divergent_selection_fields" time="0.211" /><testcase classname="tests.harness.test_b5_i2" name="test_final_curation_requires_three_to_five_substantive_materials" time="0.242" /><testcase classname="tests.harness.test_mission_completion_gate" name="test_valid_mission_gets_pass_and_preserves_protected_untracked" time="2.228" /><testcase classname="tests.harness.test_mission_completion_gate" name="test_non_repair_authorization_does_not_require_repair_evidence" time="2.217" /><testcase classname="tests.harness.test_mission_completion_gate" name="test_material_repair_requires_an_evidence_path" time="0.977" /><testcase classname="tests.harness.test_mission_completion_gate" name="test_material_repair_without_resolvable_evidence_blocks_completion" time="2.331" /><testcase classname="tests.harness.test_mission_completion_gate" name="test_material_repair_with_verified_evidence_can_complete" time="2.324" /><testcase classname="tests.harness.test_mission_completion_gate" name="test_material_completion_blocks_dependency_omitted_from_canonical_registry" time="2.375" /><testcase classname="tests.harness.test_mission_completion_gate" name="test_material_completion_blocks_unknown_canonical_downstream" time="2.600" /><testcase classname="tests.harness.test_mission_completion_gate" name="test_mission_scope_boolean_mismatch_blocks" time="2.365" /><testcase classname="tests.harness.test_mission_completion_gate" name="test_mission_scope_evidence_path_mismatch_blocks" time="2.226" /><testcase classname="tests.harness.test_mission_completion_gate" name="test_post_authorization_tampering_invalidates_authorization" time="2.292" /><testcase classname="tests.harness.test_mission_completion_gate" name="test_diff_check_failure_prevents_pass" time="2.524" /><testcase classname="tests.harness.test_mission_completion_gate" name="test_out_of_scope_change_prevents_pass" time="2.376" /><testcase classname="tests.harness.test_mission_completion_gate" name="test_duplicate_yaml_key_is_detected" time="2.166" /><testcase classname="tests.harness.test_mission_completion_gate" name="test_required_test_failure_prevents_pass" time="2.246" /><testcase classname="tests.harness.test_mission_completion_gate" name="test_forbidden_state_transition_prevents_pass" time="2.154" /><testcase classname="tests.harness.test_mission_completion_gate" name="test_gate_result_with_violations_cannot_be_pass" time="0.004" /><testcase classname="tests.harness.test_mission_completion_gate" name="test_contract_rejects_free_form_llm_claims" time="0.006" /><testcase classname="tests.harness.test_mission_completion_gate" name="test_gate_is_provider_and_ide_agnostic" time="2.168" /><testcase classname="tests.harness.test_mission_completion_gate" name="test_schema_check_uses_real_json_validation" time="2.050" /><testcase classname="tests.harness.test_mission_completion_gate" name="test_duplicate_yaml_key_inside_markdown_is_detected" time="2.119" /><testcase classname="tests.harness.test_mission_completion_gate" name="test_protected_untracked_content_change_prevents_pass" time="2.216" /><testcase classname="tests.harness.test_mission_completion_gate" name="test_dot_prefixed_protected_untracked_path_preserves_pass" time="2.223" /><testcase classname="tests.harness.test_mission_completion_gate" name="test_dot_prefixed_protected_untracked_content_change_prevents_pass" time="2.124" /><testcase classname="tests.harness.test_mission_completion_gate" name="test_new_file_inside_protected_tree_prevents_pass" time="2.120" /><testcase classname="tests.harness.test_mission_completion_gate" name="test_changed_remote_reference_prevents_pass" time="25.676" /></testsuite></testsuites>