<?xml version="1.0" encoding="utf-8"?><testsuites name="pytest tests"><testsuite name="pytest" errors="0" failures="0" skipped="0" tests="131" time="118.676" timestamp="2026-09-12T23:55:19.743755+02:00" hostname="AlexSua"><testcase classname="tests.ai.test_hybrid_runtime" name="test_handoff_without_completion_gate_is_blocked" time="24.215" /><testcase classname="tests.ai.test_hybrid_runtime" name="test_neutral_agent_harness_family_prepares_handoff_without_concrete_identity" time="4.039" /><testcase classname="tests.ai.test_hybrid_runtime" name="test_direct_neutral_agent_harness_handoff_requires_verified_route" time="2.484" /><testcase classname="tests.ai.test_hybrid_runtime" name="test_handoff_rejects_forged_pass_even_with_binding_shape" time="3.527" /><testcase classname="tests.ai.test_hybrid_runtime" name="test_profile_reasoning_effort_is_blocked_before_handoff_package" time="2.514" /><testcase classname="tests.ai.test_hybrid_runtime" name="test_resolved_agent_profile_prepares_handoff_without_integrated_executor" time="3.729" /><testcase classname="tests.ai.test_hybrid_runtime" name="test_forged_runtime_resolution_marker_cannot_prepare_profile_handoff" time="2.547" /><testcase classname="tests.ai.test_hybrid_runtime" name="test_forged_resolved_route_without_canonical_token_cannot_prepare_handoff" time="2.642" /><testcase classname="tests.ai.test_hybrid_runtime" name="test_handoff_rejects_pass_without_mandatory_evidence" time="2.453" /><testcase classname="tests.ai.test_hybrid_runtime" name="test_mock_produces_structurally_valid_output_but_is_not_real_editorial" time="0.164" /><testcase classname="tests.ai.test_hybrid_runtime" name="test_unknown_provider_fails" time="0.083" /><testcase classname="tests.ai.test_hybrid_runtime" name="test_api_without_key_blocks" time="0.058" /><testcase classname="tests.ai.test_hybrid_runtime" name="test_local_unavailable_blocks" time="0.402" /><testcase classname="tests.ai.test_hybrid_runtime" name="test_agent_handoff_package_is_importable_and_rejects_bad_checksum" time="3.799" /><testcase classname="tests.ai.test_hybrid_runtime" name="test_explicit_routing_is_respected_and_auto_never_falls_back_to_external_api" time="0.100" /><testcase classname="tests.ai.test_hybrid_runtime" name="test_real_run_is_recorded_in_canonical_provenance" time="0.256" /><testcase classname="tests.ai.test_hybrid_runtime" name="test_mock_b5_i2_flow_remains_blocked_for_editorial_decision" time="0.149" /><testcase classname="tests.ai.test_hybrid_runtime" name="test_runner_rejects_audit_without_original_b5_i1_evidence" time="0.032" /><testcase classname="tests.ai.test_hybrid_runtime" name="test_runner_rejects_provider_runtime_metadata_after_building_editorial_prompt" time="0.139" /><testcase classname="tests.ai.test_hybrid_runtime" name="test_shared_manifest_matches_gate_representation" time="0.043" /><testcase classname="tests.ai.test_hybrid_runtime" name="test_runtime_persists_real_producer_provenance[ANALYSIS_PRODUCER-analysis-narrative_human_analysis]" time="0.087" /><testcase classname="tests.ai.test_hybrid_runtime" name="test_runtime_persists_real_producer_provenance[CURATION_PRODUCER-curation-material_curation]" time="0.107" /><testcase classname="tests.ai.test_hybrid_runtime" name="test_runtime_persists_real_producer_provenance[THESIS_PRODUCER-refined_thesis-refined_thesis]" time="0.109" /><testcase classname="tests.ai.test_hybrid_runtime" name="test_runtime_persists_real_producer_provenance[SCRIPT_PROMISE_PRODUCER-script_promise-editorial_script_promise]" time="0.076" /><testcase classname="tests.ai.test_hybrid_runtime" name="test_runtime_persists_real_producer_provenance[SCRIPT_PRODUCT_PRODUCER-claims_ledger-claims_ledger]" time="0.069" /><testcase classname="tests.ai.test_hybrid_runtime" name="test_runtime_persists_real_producer_provenance[SCRIPT_PRODUCT_PRODUCER-work_lifecycle-work_lifecycle]" time="0.074" /><testcase classname="tests.ai.test_hybrid_runtime" name="test_runtime_persists_real_producer_provenance[SCRIPT_PRODUCT_PRODUCER-work_research_dossier-work_research_dossier]" time="0.077" /><testcase classname="tests.ai.test_hybrid_runtime" name="test_registry_checksum_follows_physical_json_bytes_across_indentation" time="0.137" /><testcase classname="tests.ai.test_hybrid_runtime" name="test_incompatible_role_artifact_is_rejected" time="0.011" /><testcase classname="tests.ai.test_hybrid_runtime" name="test_unknown_role_cannot_produce_b5_i2_analysis" time="0.013" /><testcase classname="tests.ai.test_hybrid_runtime" name="test_missing_output_path_is_rejected_for_producer" time="0.008" /><testcase classname="tests.ai.test_hybrid_runtime" name="test_duplicate_run_id_and_checksum_mismatch_are_rejected" time="0.033" /><testcase classname="tests.ai.test_hybrid_runtime" name="test_auto_and_api_do_not_authorize_external_use_from_environment" time="0.164" /><testcase classname="tests.ai.test_hybrid_runtime" name="test_handoff_import_rejects_foreign_package_and_persists_valid_result" time="3.756" /><testcase classname="tests.ai.test_hybrid_runtime" name="test_registry_failure_does_not_leave_orphan_audit" time="0.051" /><testcase classname="tests.ai.test_hybrid_runtime" name="test_recovery_after_interruption_between_replaces_restores_previous_state" time="3.677" /><testcase classname="tests.ai.test_hybrid_runtime" name="test_complete_commit_cleans_journal_and_backups" time="0.047" /><testcase classname="tests.ai.test_hybrid_runtime" name="test_provider_may_return_editorial_fields_only" time="0.297" /><testcase classname="tests.ai.test_hybrid_runtime" name="test_runner_accepts_audit_without_optional_early_packaging" time="0.148" /><testcase classname="tests.ai.test_hybrid_runtime" name="test_runner_accepts_optional_early_packaging_when_present" time="0.158" /><testcase classname="tests.ai.test_hybrid_runtime" name="test_fabricated_self_consistent_handoff_without_registry_is_rejected" time="3.840" /><testcase classname="tests.ai.test_hybrid_runtime" name="test_modified_package_with_recalculated_checksum_is_rejected_against_registry" time="3.891" /><testcase classname="tests.ai.test_hybrid_runtime" name="test_handoff_cannot_be_consumed_twice" time="3.957" /><testcase classname="tests.ai.test_hybrid_runtime" name="test_skill_changed_after_prepare_is_rejected" time="3.835" /><testcase classname="tests.ai.test_hybrid_runtime" name="test_persistence_failure_does_not_mark_handoff_consumed" time="3.802" /><testcase classname="tests.ai.test_hybrid_runtime" name="test_handoff_consume_failure_rolls_back_audit_and_registry" time="4.082" /><testcase classname="tests.ai.test_hybrid_runtime" name="test_auto_explicit_openai_provider_requires_authorization" time="0.086" /><testcase classname="tests.ai.test_hybrid_runtime" name="test_deepseek_availability_and_response_errors_are_classified_explicitly" time="0.238" /><testcase classname="tests.ai.test_r6_a_preparation" name="test_provenance_schema_supports_r6_registry_file" time="0.024" /><testcase classname="tests.ai.test_r6_a_preparation" name="test_r6_prompt_registry_entries_and_files_exist" time="0.008" /><testcase classname="tests.ai.test_r6_a_preparation" name="test_r6_prompt_text_mentions_active_profile_and_forbids_silent_modification" time="0.012" /><testcase classname="tests.ai.test_r6_a_preparation" name="test_r6_subagent_registry_uses_agent_handoff_and_is_not_activatable" time="0.075" /><testcase classname="tests.ai.test_r6_a_preparation" name="test_append_result_records_extended_r6_provenance_fields" time="0.042" /><testcase classname="tests.ai.test_r6_a_preparation" name="test_agent_handoff_registers_extended_preparation_fields" time="3.787" /><testcase classname="tests.ai.test_r6_a_preparation" name="test_negative_autoapproval_and_auditor_modification_remain_blocked" time="0.029" /><testcase classname="tests.ai.test_r6_b_0_hybrid_runtime" name="test_hybrid_profile_contract_declares_owner_authority_and_extensible_profiles" time="0.017" /><testcase classname="tests.ai.test_r6_b_0_hybrid_runtime" name="test_mvp_execution_family_selection_has_exactly_one_active_family" time="0.010" /><testcase classname="tests.ai.test_r6_b_0_hybrid_runtime" name="test_agent_harness_family_does_not_select_concrete_runtime_identity" time="0.019" /><testcase classname="tests.ai.test_r6_b_0_hybrid_runtime" name="test_agent_harness_family_rejects_concrete_identity_overrides" time="0.019" /><testcase classname="tests.ai.test_r6_b_0_hybrid_runtime" name="test_explicit_execution_family_must_match_operational_selector" time="0.034" /><testcase classname="tests.ai.test_r6_b_0_hybrid_runtime" name="test_explicit_profile_must_match_operational_selector" time="0.030" /><testcase classname="tests.ai.test_r6_b_0_hybrid_runtime" name="test_profile_without_selector_path_uses_canonical_selector" time="0.017" /><testcase classname="tests.ai.test_r6_b_0_hybrid_runtime" name="test_historical_execution_family_authorization_is_stale_against_current_mission" time="0.017" /><testcase classname="tests.ai.test_r6_b_0_hybrid_runtime" name="test_execution_family_selection_rejects_zero_or_multiple_active_families[families0]" time="0.016" /><testcase classname="tests.ai.test_r6_b_0_hybrid_runtime" name="test_execution_family_selection_rejects_zero_or_multiple_active_families[families1]" time="0.015" /><testcase classname="tests.ai.test_r6_b_0_hybrid_runtime" name="test_editorial_roles_traverse_canonical_profile_and_prompt_route" time="0.288" /><testcase classname="tests.ai.test_r6_b_0_hybrid_runtime" name="test_resolution_priority_is_per_run_then_profile_then_role_then_global" time="0.015" /><testcase classname="tests.ai.test_r6_b_0_hybrid_runtime" name="test_local_model_override_switches_models_without_code_change" time="0.034" /><testcase classname="tests.ai.test_r6_b_0_hybrid_runtime" name="test_api_provider_override_and_paid_guard_work_without_code_changes" time="0.028" /><testcase classname="tests.ai.test_r6_b_0_hybrid_runtime" name="test_agent_harness_route_uses_managed_provider_identity" time="0.019" /><testcase classname="tests.ai.test_r6_b_0_hybrid_runtime" name="test_opencode_profile_requires_owner_model_selection" time="0.026" /><testcase classname="tests.ai.test_r6_b_0_hybrid_runtime" name="test_reasoning_effort_is_fail_closed_when_executor_does_not_declare_support[codex_current-codex_cli-None]" time="0.022" /><testcase classname="tests.ai.test_r6_b_0_hybrid_runtime" name="test_reasoning_effort_is_fail_closed_when_executor_does_not_declare_support[opencode_free-opencode-owner-selected-free-model]" time="0.023" /><testcase classname="tests.ai.test_r6_b_0_hybrid_runtime" name="test_reasoning_effort_is_transport_only_when_executor_declares_support" time="0.022" /><testcase classname="tests.ai.test_r6_b_0_hybrid_runtime" name="test_agent_executor_real_mode_is_fail_closed_before_subprocess" time="0.008" /><testcase classname="tests.ai.test_r6_b_0_hybrid_runtime" name="test_unknown_profile_route_provider_and_executor_are_rejected" time="0.046" /><testcase classname="tests.ai.test_r6_b_0_hybrid_runtime" name="test_env_example_and_benchmark_matrix_are_ready_without_secrets" time="0.005" /><testcase classname="tests.ai.test_reduced_mission_execution" name="test_reduced_execution_converges_through_canonical_path" time="0.019" /><testcase classname="tests.ai.test_reduced_mission_execution" name="test_reduced_execution_repairs_and_reverifies" time="0.010" /><testcase classname="tests.ai.test_reduced_mission_execution" name="test_reduced_execution_rejects_false_pass_without_evidence" time="0.012" /><testcase classname="tests.ai.test_reduced_mission_execution" name="test_reduced_execution_cannot_converge_after_failed_implementation" time="0.006" /><testcase classname="tests.ai.test_reduced_mission_execution" name="test_reduced_execution_reports_max_iterations" time="0.011" /><testcase classname="tests.ai.test_reduced_mission_execution" name="test_reduced_execution_escalates_without_self_approval[INDEPENDENT_REVIEW]" time="0.010" /><testcase classname="tests.ai.test_reduced_mission_execution" name="test_reduced_execution_escalates_without_self_approval[OWNER_REVIEW]" time="0.009" /><testcase classname="tests.ai.test_role_execution_contract" name="test_role_contract_loads_prompt_profile_and_output_schema" time="0.040" /><testcase classname="tests.ai.test_role_execution_contract" name="test_script_roles_expose_content_contracts_and_required_context" time="0.104" /><testcase classname="tests.ai.test_role_execution_contract" name="test_final_auditor_requires_clean_independent_context" time="0.090" /><testcase classname="tests.ai.test_role_execution_contract" name="test_final_auditor_runtime_binding_owns_exact_script_identity" time="0.014" /><testcase classname="tests.ai.test_role_execution_contract" name="test_b5_i2_model_contract_exposes_only_cognitive_fields" time="0.053" /><testcase classname="tests.ai.test_role_execution_contract" name="test_semantic_audit_model_contract_keeps_cognitive_findings" time="0.050" /><testcase classname="tests.ai.test_role_execution_contract" name="test_software_rebinds_b5_i2_metadata_after_cognitive_projection" time="0.013" /><testcase classname="tests.ai.test_role_execution_contract" name="test_software_binds_semantic_audit_runtime_envelope" time="0.043" /><testcase classname="tests.ai.test_role_execution_contract" name="test_execute_synthetic_b5_i2_validates_projection_then_final_schema" time="0.085" /><testcase classname="tests.ai.test_role_execution_contract" name="test_execute_synthetic_youtube_package_reuses_canonical_handoff" time="0.142" /><testcase classname="tests.ai.test_role_execution_contract" name="test_execute_synthetic_early_packaging_rebinds_nested_runtime_metadata" time="0.081" /><testcase classname="tests.ai.test_role_execution_contract" name="test_execute_synthetic_semantic_audit_preserves_nested_status_and_final_schema" time="0.253" /><testcase classname="tests.ai.test_role_execution_contract" name="test_invalid_input_and_missing_role_are_classified" time="0.005" /><testcase classname="tests.ai.test_role_execution_contract" name="test_channel_intelligence_producer_prompt_is_stage_aware" time="0.096" /><testcase classname="tests.ai.test_role_execution_contract" name="test_channel_intelligence_stage_input_contracts_are_not_circular" time="0.032" /><testcase classname="tests.ai.test_role_execution_contract" name="test_ollama_response_parsing_allows_only_documented_fence_cleanup" time="0.002" /><testcase classname="tests.ai.test_role_execution_contract" name="test_model_invocation_timeout_is_runtime_block" time="0.111" /><testcase classname="tests.ai.test_role_execution_contract" name="test_output_contract_invalid_is_not_success" time="0.140" /><testcase classname="tests.ai.test_subagent_foundation.TestSubagentFoundation" name="test_atomic_write_rolls_back_on_failure" time="0.015" /><testcase classname="tests.ai.test_subagent_foundation.TestSubagentFoundation" name="test_context_is_isolated_per_run" time="0.029" /><testcase classname="tests.ai.test_subagent_foundation.TestSubagentFoundation" name="test_declared_limits_are_enforced" time="0.059" /><testcase classname="tests.ai.test_subagent_foundation.TestSubagentFoundation" name="test_every_registered_agent_has_active_prompt_and_contract" time="0.020" /><testcase classname="tests.ai.test_subagent_foundation.TestSubagentFoundation" name="test_handoff_checksum_rejects_alteration" time="0.005" /><testcase classname="tests.ai.test_subagent_foundation.TestSubagentFoundation" name="test_legacy_agents_are_absent_from_registry" time="0.053" /><testcase classname="tests.ai.test_subagent_foundation.TestSubagentFoundation" name="test_permissions_are_enforced" time="0.061" /><testcase classname="tests.ai.test_subagent_foundation.TestSubagentFoundation" name="test_producer_cannot_self_approve" time="0.021" /><testcase classname="tests.ai.test_subagent_foundation.TestSubagentFoundation" name="test_registry_defines_agent_handoff_compatible_agents" time="0.039" /><testcase classname="tests.ai.test_subagent_foundation.TestSubagentFoundation" name="test_registry_does_not_claim_demonstrated_agents_without_evidence" time="0.037" /><testcase classname="tests.ai.test_subagent_foundation.TestSubagentFoundation" name="test_synthetic_cannot_authorize_readiness" time="0.018" /><testcase classname="tests.ai.test_subagent_foundation.TestSubagentFoundation" name="test_tool_scope_is_enforced" time="0.033" /><testcase classname="tests.ai.test_subagent_foundation.TestSubagentFoundation" name="test_unknown_or_incompatible_role_is_rejected" time="0.033" /><testcase classname="tests.ai.test_subagent_foundation.TestSubagentFoundation" name="test_verifier_cannot_modify_audited_artifact" time="0.020" /><testcase classname="tests.ai.test_unified_execution_harness" name="test_agent_executor_provider_returns_structured_smoke_payload" time="0.013" /><testcase classname="tests.ai.test_unified_execution_harness" name="test_run_agent_role_cli_blocks_unregistered_role_capability" time="0.463" /><testcase classname="tests.ai.test_unified_execution_harness" name="test_reservation_finalization_failure_fails_result_and_preserves_unconsumed_state" time="0.017" /><testcase classname="tests.ai.test_unified_execution_harness" name="test_real_provenance_requires_verified_mission_authorization" time="0.011" /><testcase classname="tests.ai.test_unified_execution_harness" name="test_persist_execution_attempt_writes_attempt_without_run" time="0.030" /><testcase classname="tests.ai.test_unified_execution_harness" name="test_agent_executor_timeout_is_blocked" time="0.012" /><testcase classname="tests.application.test_plan013_closure" name="test_plan013_closure_converges_and_retries_idempotently" time="0.249" /><testcase classname="tests.application.test_plan013_closure" name="test_plan013_closure_rejects_identity_conflict" time="0.136" /><testcase classname="tests.application.test_plan013_closure" name="test_plan013_closure_rejects_incomplete_or_non_independent_audit" time="0.167" /><testcase classname="tests.application.test_plan013_closure" name="test_plan013_closure_rejects_stale_profile_and_incompatible_youtube_review" time="0.244" /><testcase classname="tests.application.test_plan013_closure" name="test_plan013_new_script_version_persists_invalidation" time="0.279" /><testcase classname="tests.application.test_plan013_script_coordinator" name="test_coordinator_returns_trace_without_inferring_approval" time="0.019" /><testcase classname="tests.application.test_plan013_script_coordinator" name="test_coordinator_routes_failed_audit_without_deciding_editorial_outcome" time="0.017" /><testcase classname="tests.application.test_plan013_script_coordinator" name="test_coordinator_rejects_stale_thesis_binding" time="0.003" /><testcase classname="tests.application.test_plan013_script_coordinator" name="test_coordinator_rejects_shared_auditor_run" time="22.852" /></testsuite></testsuites>