<?xml version="1.0" encoding="utf-8"?><testsuites name="pytest tests"><testsuite name="pytest" errors="0" failures="0" skipped="1" tests="13" time="54.135" timestamp="2026-09-13T00:03:11.200203+02:00" hostname="AlexSua"><testcase classname="tests.integration.test_r1_m11_integration" name="test_case_a_positive_composes_r1_capabilities_without_editorial_approval" time="22.113" /><testcase classname="tests.integration.test_r1_m11_integration" name="test_case_b_limited_is_preserved_across_claims_multilingual_and_audit" time="0.053" /><testcase classname="tests.integration.test_r1_m11_integration" name="test_case_c_blocked_material_claim_and_open_contradiction_fail_closed" time="0.017" /><testcase classname="tests.integration.test_r1_m11_integration" name="test_case_d_provenance_and_critical_doubt_keep_original_derived_and_return_routes" time="0.125" /><testcase classname="tests.integration.test_r1_m11_integration" name="test_case_e_reuse_specialist_audit_correction_and_invalidation_preserve_origin" time="0.057" /><testcase classname="tests.integration.test_r1_m11_integration" name="test_adapter_is_optional_neutral_and_cannot_become_authority_or_gate" time="0.051" /><testcase classname="tests.integration.test_r1_m11_integration" name="test_controlled_integration_cannot_promote_technical_result_to_higher_state" time="0.008" /><testcase classname="tests.opencode.test_controlled_integration.ControlledOpenCodeIntegrationTests" name="test_basic_rules_do_not_require_the_specialized_flow" time="0.197" /><testcase classname="tests.opencode.test_controlled_integration.ControlledOpenCodeIntegrationTests" name="test_opencode_discovers_the_configured_agents" time="8.140" /><testcase classname="tests.opencode.test_controlled_integration.ControlledOpenCodeIntegrationTests" name="test_preexisting_untracked_targets_are_not_changed_by_the_test" time="0.003"><skipped type="pytest.skip" message="Historical OpenCode fixture(s) absent; no workspace artifacts are fabricated: output/r6_b/, reference/Ejemplo_01.md, reference/estilo_usuario/Ejemplo_02.md">C:\Mis Documentos\Proyectos_Wds\proyecto_youtube\tests\opencode\test_controlled_integration.py:110: Historical OpenCode fixture(s) absent; no workspace artifacts are fabricated: output/r6_b/, reference/Ejemplo_01.md, reference/estilo_usuario/Ejemplo_02.md</skipped></testcase><testcase classname="tests.opencode.test_controlled_integration.ControlledOpenCodeIntegrationTests" name="test_preflight_is_read_only_and_requires_authorization_details" time="0.006" /><testcase classname="tests.opencode.test_controlled_integration.ControlledOpenCodeIntegrationTests" name="test_repository_keeps_controlled_opencode_permissions" time="0.007" /><testcase classname="tests.opencode.test_controlled_integration.ControlledOpenCodeIntegrationTests" name="test_reviewer_preserves_read_only_controls_and_new_review_dimensions" time="23.011" /></testsuite></testsuites>