<?xml version="1.0" encoding="utf-8"?><testsuites name="pytest tests"><testsuite name="pytest" errors="0" failures="0" skipped="0" tests="59" time="81.489" timestamp="2026-09-13T00:25:24.845036+02:00" hostname="AlexSua"><testcase classname="tests.harness.test_plan012_m7_b5" name="test_m7_e2e_invokes_canonical_b2_b3_b4_and_stops_before_narrative" time="11.597" /><testcase classname="tests.harness.test_plan012_m7_b5" name="test_research_v2_precondition_rejects_stale_handoff_with_old_inputs" time="1.708" /><testcase classname="tests.harness.test_plan012_m7_b5" name="test_research_v2_precondition_rejects_missing_restriction_binding" time="1.681" /><testcase classname="tests.harness.test_plan012_m7_b5" name="test_b5_i3_producer_run_ids_are_pure_provenance" time="1.684" /><testcase classname="tests.harness.test_plan012_m7_b5" name="test_b5_i3_preflight_requires_every_canonical_input_kind" time="0.002" /><testcase classname="tests.harness.test_plan012_m7_b5" name="test_m7_rejects_invalid_intermediate_before_m5_persistence" time="0.756" /><testcase classname="tests.harness.test_plan012_m7_b5" name="test_m7_preserves_explicit_human_works_and_has_no_silent_three_default" time="1.792" /><testcase classname="tests.harness.test_plan012_m7_b5" name="test_manual_selection_is_preserved_end_to_end" time="1.749" /><testcase classname="tests.harness.test_plan012_m7_b5" name="test_delegated_substitution_reaches_m5_m6_and_handoff" time="1.600" /><testcase classname="tests.harness.test_plan012_m7_b5" name="test_recovery_materialization_and_work_external_separation" time="1.658" /><testcase classname="tests.harness.test_plan012_m7_b5" name="test_resume_reuses_canonical_artifacts_after_m5" time="1.634" /><testcase classname="tests.harness.test_plan012_m7_b5" name="test_resume_reconciles_persisted_m6_manifest_before_handoff" time="1.963" /><testcase classname="tests.harness.test_plan012_m7_b5" name="test_resume_cli_path_reuses_completed_b2_or_m4_artifact[B2]" time="1.718" /><testcase classname="tests.harness.test_plan012_m7_b5" name="test_resume_cli_path_reuses_completed_b2_or_m4_artifact[M4]" time="1.868" /><testcase classname="tests.harness.test_plan012_m7_b5" name="test_research_v2_projection_resolves_all_selected_work_without_narrative_decisions" time="1.580" /><testcase classname="tests.harness.test_plan012_m7_b5" name="test_r1_authority_catalog_and_legacy_curation_are_explicit" time="0.002" /><testcase classname="tests.harness.test_plan012_m7_b5" name="test_resume_reconciles_lagging_b2_checkpoint_without_rerunning_b2" time="1.698" /><testcase classname="tests.harness.test_plan012_m7_b5" name="test_resume_reconciles_lagging_m4_checkpoint_without_rerunning_m4" time="1.929" /><testcase classname="tests.harness.test_plan012_m7_b5" name="test_resume_reuses_m6_audit_and_materializes_only_missing_downstream_artifact[manifest]" time="2.179" /><testcase classname="tests.harness.test_plan012_m7_b5" name="test_resume_reuses_m6_audit_and_materializes_only_missing_downstream_artifact[gate]" time="2.471" /><testcase classname="tests.harness.test_plan012_m7_b5" name="test_strict_acquisition_requires_physical_recovery_identity_and_checksum" time="0.050" /><testcase classname="tests.harness.test_plan012_m7_b5" name="test_default_acquisition_is_fail_closed_for_positive_unresolved_binding" time="0.003" /><testcase classname="tests.harness.test_plan012_m7_b5" name="test_upstream_invalidation_stales_and_regenerates_handoff" time="3.353" /><testcase classname="tests.harness.test_plan012_m7_b5" name="test_focal_invalidation_resumes_from_first_invalidated_stage_and_rejects_old_handoff[M5-unchanged_stages0]" time="2.461" /><testcase classname="tests.harness.test_plan012_m7_b5" name="test_focal_invalidation_resumes_from_first_invalidated_stage_and_rejects_old_handoff[M6-unchanged_stages1]" time="2.323" /><testcase classname="tests.harness.test_plan012_m7_b5" name="test_research_stop_more_required_reopens_focally_and_resolves" time="1.790" /><testcase classname="tests.harness.test_plan012_m7_b5" name="test_no_progress_guard_stops_without_research_ready" time="0.059" /><testcase classname="tests.harness.test_plan012_m7_b5" name="test_cli_requires_explicit_works_and_reports_non_productive_pass" time="1.573" /><testcase classname="tests.harness.test_plan012_m7_b5" name="test_extend01_isolated_authority_is_valid_but_live_and_tampered_state_fail" time="0.044" /><testcase classname="tests.harness.test_plan012_m7_b5" name="test_extend01_real_without_authorization_blocks_before_provider" time="0.154" /><testcase classname="tests.harness.test_plan012_m7_b5" name="test_extend01_mvp_preparation_loads_only_the_persisted_episode" time="0.116" /><testcase classname="tests.harness.test_plan012_m7_b5" name="test_extend01_real_entrypoint_is_episode_bound_and_blocks_without_b4_authorization" time="0.137" /><testcase classname="tests.harness.test_plan012_m7_b5" name="test_extend01_b4_prepares_external_handoff_and_stops_before_b2" time="0.336" /><testcase classname="tests.harness.test_plan012_m7_b5" name="test_extend01_b4_r1_imports_research_planning_and_resumes_without_replanning" time="0.807" /><testcase classname="tests.harness.test_plan012_m7_b5" name="test_extend01_verified_external_provenance_reenters_resume_context" time="0.535" /><testcase classname="tests.harness.test_plan012_m7_b5" name="test_extend01_b4_r3_imports_consecutive_cognitive_seams_without_repeating_b2" time="1.715" /><testcase classname="tests.harness.test_plan012_m7_b5" name="test_extend01_b4_r1_rejects_tampered_execution_controls" time="0.343" /><testcase classname="tests.harness.test_plan012_m7_b5" name="test_extend01_preparation_and_investigation_commands_have_distinct_dispatch" time="0.284" /><testcase classname="tests.harness.test_plan012_m7_b5" name="test_extend01_investigar_real_invokes_canonical_coordinator" time="0.116" /><testcase classname="tests.harness.test_plan012_m7_b5" name="test_extend01_b4_external_boundary_has_no_internal_runtime_selection" time="0.002" /><testcase classname="tests.harness.test_plan012_m7_b5" name="test_extend01_b4_bundle_is_separate_from_b1_b3_preparation" time="0.004" /><testcase classname="tests.harness.test_plan012_m7_b5" name="test_extend01_pending_boundary_does_not_claim_real_provenance" time="0.001" /><testcase classname="tests.harness.test_plan012_m7_b5" name="test_extend01_investigar_real_requires_operational_limits_but_not_topic_or_question" time="0.090" /><testcase classname="tests.harness.test_plan012_m7_b5" name="test_extend01_productive_adapters_bind_each_canonical_stage" time="0.113" /><testcase classname="tests.harness.test_plan012_m7_b5" name="test_extend01_persisted_episode_preserves_owner_research_bindings" time="0.090" /><testcase classname="tests.harness.test_plan012_m7_b5" name="test_extend01_persisted_episode_derives_standard_objective_when_unambiguous" time="0.147" /><testcase classname="tests.harness.test_plan012_m7_b5" name="test_extend01_real_adapters_transport_selection_chain_and_provenance" time="0.175" /><testcase classname="tests.harness.test_plan012_m7_b5" name="test_extend01_adapters_keep_functional_blockers_distinct" time="0.106" /><testcase classname="tests.harness.test_plan012_m7_b5" name="test_extend01_m4_missing_selection_fails_closed_after_b2" time="0.123" /><testcase classname="tests.harness.test_plan012_m7_b5" name="test_extend01_m4_recovers_valid_persisted_owner_selection" time="0.120" /><testcase classname="tests.harness.test_plan012_m7_b5" name="test_extend01_mock_and_failed_real_do_not_claim_real_execution" time="0.001" /><testcase classname="tests.harness.test_plan012_m7_b5" name="test_extend01_real_provenance_rejects_synthetic_fixture" time="0.001" /><testcase classname="tests.harness.test_plan012_m7_b5" name="test_extend01_real_route_runs_without_acquisition_selection" time="0.002" /><testcase classname="tests.harness.test_plan012_m7_b5" name="test_extend01_real_route_binds_canonical_vertical_and_stops_at_m6" time="0.002" /><testcase classname="tests.harness.test_plan012_m7_b5" name="test_extend01_real_route_rejects_post_m6_continuation" time="0.002" /><testcase classname="tests.harness.test_plan012_m7_b5" name="test_extend01_b4_r5_integrated_external_roundtrip_m4_m6" time="11.717" /><testcase classname="tests.harness.test_plan012_m7_b5" name="test_acquisition_is_neutral_and_preserves_provenance_and_status" time="0.017" /><testcase classname="tests.harness.test_plan012_m7_b5" name="test_research_to_script_handoff_preserves_consultative_fields_as_non_authoritative" time="1.849" /><testcase classname="tests.harness.test_plan012_m7_b5" name="test_extend01_max_iterations_is_bound_to_existing_guard_and_stops_before_editorial" time="8.897" /></testsuite></testsuites>