<?xml version="1.0" encoding="utf-8"?><testsuites name="pytest tests"><testsuite name="pytest" errors="0" failures="0" skipped="0" tests="192" time="380.003" timestamp="2026-09-13T00:18:51.347696+02:00" hostname="AlexSua"><testcase classname="tests.harness.test_plan007_p6a_vertical" name="test_p6a_topic_first_vertical_reaches_canonical_b5_i2_route" time="10.879" /><testcase classname="tests.harness.test_plan009_m1_vertical" name="test_m1_happy_path_uses_cli_application_service_and_persists_stop" time="2.412" /><testcase classname="tests.harness.test_plan009_m1_vertical" name="test_m1_terminal_cli_entrypoint_reaches_the_same_application_service" time="2.383" /><testcase classname="tests.harness.test_plan009_m1_vertical" name="test_m1_terminal_cli_entrypoint_uses_real_factory_with_explicit_synthetic_boundary" time="2.182" /><testcase classname="tests.harness.test_plan009_m1_vertical" name="test_m1_preflight_probe_does_not_reserve_single_use_authorization" time="0.446" /><testcase classname="tests.harness.test_plan009_m1_vertical" name="test_m1_invalid_cognitive_output_blocks_without_success[produce]" time="1.803" /><testcase classname="tests.harness.test_plan009_m1_vertical" name="test_m1_invalid_cognitive_output_blocks_without_success[review]" time="2.174" /><testcase classname="tests.harness.test_plan009_m1_vertical" name="test_m1_cognitive_proposal_cannot_emit_protected_fields" time="1.395" /><testcase classname="tests.harness.test_plan009_m1_vertical" name="test_m1_topic_first_rejects_a_cognitive_topic_proposal" time="1.469" /><testcase classname="tests.harness.test_plan009_m1_vertical" name="test_m1_non_topic_modes_accept_ai_topic_and_preserve_extended_user_fields[ANCHOR_WORK_FIRST]" time="2.350" /><testcase classname="tests.harness.test_plan009_m1_vertical" name="test_m1_non_topic_modes_accept_ai_topic_and_preserve_extended_user_fields[CORPUS_FIRST]" time="2.167" /><testcase classname="tests.harness.test_plan009_m1_vertical" name="test_m1_software_combines_proposal_with_user_and_canonical_data" time="2.148" /><testcase classname="tests.harness.test_plan009_m1_vertical" name="test_m1_cognitive_proposal_cannot_replace_user_question" time="1.533" /><testcase classname="tests.harness.test_plan009_m1_vertical" name="test_m1_topic_first_accepts_cognitive_question_without_narrative_work" time="2.174" /><testcase classname="tests.harness.test_plan009_m1_vertical" name="test_m1_persisted_cognitive_proposal_remains_bound_to_final_input" time="2.765" /><testcase classname="tests.harness.test_plan009_m1_vertical" name="test_m1_persisted_proposed_question_remains_bound_to_final_input" time="2.901" /><testcase classname="tests.harness.test_plan009_m1_vertical" name="test_m1_reviewer_actor_provenance_mismatch_blocks_fresh_execution" time="2.185" /><testcase classname="tests.harness.test_plan009_m1_vertical" name="test_m1_same_run_reviewer_is_blocked" time="2.298" /><testcase classname="tests.harness.test_plan009_m1_vertical" name="test_m1_fake_producer_declared_run_id_cannot_override_runtime" time="1.939" /><testcase classname="tests.harness.test_plan009_m1_vertical" name="test_m1_fake_reviewer_declared_run_id_cannot_override_runtime" time="2.200" /><testcase classname="tests.harness.test_plan009_m1_vertical" name="test_m1_missing_authorization_blocks_before_episode_creation" time="0.222" /><testcase classname="tests.harness.test_plan009_m1_vertical" name="test_m1_invalid_authorization_blocks_before_episode_creation" time="0.321" /><testcase classname="tests.harness.test_plan009_m1_vertical" name="test_m1_authorization_path_outside_repository_blocks_before_episode_creation" time="0.321" /><testcase classname="tests.harness.test_plan009_m1_vertical" name="test_m1_real_provider_and_mock_injection_are_blocked" time="0.004" /><testcase classname="tests.harness.test_plan009_m1_vertical" name="test_m2_real_requires_mission_authorization_even_with_neutral_family" time="0.114" /><testcase classname="tests.harness.test_plan009_m1_vertical" name="test_m2_real_without_authorization_blocks_before_provider" time="0.103" /><testcase classname="tests.harness.test_plan009_m1_vertical" name="test_m2_real_profile_mismatch_is_fail_closed" time="0.272" /><testcase classname="tests.harness.test_plan009_m1_vertical" name="test_m2_explicit_agent_profile_derives_only_declared_route" time="0.443" /><testcase classname="tests.harness.test_plan009_m1_vertical" name="test_m2_real_authorized_reaches_provider_boundary_without_external_call" time="2.365" /><testcase classname="tests.harness.test_plan009_m1_vertical" name="test_m1_real_provider_mode_is_blocked_before_episode_creation" time="0.399" /><testcase classname="tests.harness.test_plan009_m1_vertical" name="test_m1_synthetic_mode_without_fake_is_blocked_before_episode_creation" time="0.129" /><testcase classname="tests.harness.test_plan009_m1_vertical" name="test_m1_synthetic_mode_with_partial_fake_is_blocked_before_episode_creation" time="0.124" /><testcase classname="tests.harness.test_plan009_m1_vertical" name="test_m1_input_incomplete_and_tampered_provenance_block" time="3.232" /><testcase classname="tests.harness.test_plan009_m1_vertical" name="test_m1_anchor_work_binding_cannot_be_replaced_by_enrichment" time="0.027" /><testcase classname="tests.harness.test_plan009_m1_vertical" name="test_m1_human_handoff_binding_covers_all_entry_modes[human_input0]" time="0.006" /><testcase classname="tests.harness.test_plan009_m1_vertical" name="test_m1_human_handoff_binding_covers_all_entry_modes[human_input1]" time="0.006" /><testcase classname="tests.harness.test_plan009_m1_vertical" name="test_m1_human_handoff_binding_covers_all_entry_modes[human_input2]" time="0.004" /><testcase classname="tests.harness.test_plan009_m1_vertical" name="test_m1_critical_persistence_failure_does_not_report_success" time="2.219" /><testcase classname="tests.harness.test_plan009_m1_vertical" name="test_m1_authorization_capability_role_scope_and_route_are_fail_closed[UNKNOWN_CAPABILITY-CHANNEL_INTELLIGENCE_PRODUCER-EXECUTE_CAPABILITY-None-CAPABILITY_UNREGISTERED]" time="0.159" /><testcase classname="tests.harness.test_plan009_m1_vertical" name="test_m1_authorization_capability_role_scope_and_route_are_fail_closed[TOPIC_BELONGING_ASSESSMENT-WRONG_ROLE-EXECUTE_CAPABILITY-None-role scope]" time="0.159" /><testcase classname="tests.harness.test_plan009_m1_vertical" name="test_m1_authorization_capability_role_scope_and_route_are_fail_closed[TOPIC_BELONGING_ASSESSMENT-CHANNEL_INTELLIGENCE_PRODUCER-WRONG_OPERATION-None-operation scope]" time="0.152" /><testcase classname="tests.harness.test_plan009_m1_vertical" name="test_m1_authorization_capability_role_scope_and_route_are_fail_closed[TOPIC_BELONGING_ASSESSMENT-CHANNEL_INTELLIGENCE_PRODUCER-EXECUTE_CAPABILITY-WRONG_ROUTE-routing scope]" time="0.150" /><testcase classname="tests.harness.test_plan009_m1_vertical" name="test_m1_registry_and_routing_are_resolvable" time="0.395" /><testcase classname="tests.harness.test_plan009_m1_vertical" name="test_m1_producer_failure_is_recoverable_via_resume" time="4.140" /><testcase classname="tests.harness.test_plan009_m1_vertical" name="test_m1_reviewer_failure_is_recoverable_via_resume" time="4.351" /><testcase classname="tests.harness.test_plan009_m1_vertical" name="test_m1_persistence_failure_is_recoverable_via_resume" time="4.474" /><testcase classname="tests.harness.test_plan009_m1_vertical" name="test_m1_resume_is_idempotent_and_does_not_duplicate_artifacts" time="3.668" /><testcase classname="tests.harness.test_plan009_m1_vertical" name="test_m1_execution_checksums_bind_to_persisted_artifacts" time="2.347" /><testcase classname="tests.harness.test_plan009_m1_vertical" name="test_m1_tampered_persisted_artifact_fails_checksum_verification" time="2.363" /><testcase classname="tests.harness.test_plan009_m1_vertical" name="test_m1_lineage_has_no_unjustified_unknown" time="2.254" /><testcase classname="tests.harness.test_plan009_m1_vertical" name="test_m1_forged_lineage_run_id_is_detectable_against_execution_records" time="2.235" /><testcase classname="tests.harness.test_plan009_m1_vertical" name="test_m1_valid_persisted_vertical_without_workflow_state_reconstructs_stop" time="2.870" /><testcase classname="tests.harness.test_plan009_m1_vertical" name="test_m1_existing_stop_with_corrupt_artifact_is_not_accepted_as_idempotent" time="2.842" /><testcase classname="tests.harness.test_plan009_m1_vertical" name="test_m1_tampered_human_input_blocks_stop_reconstruction" time="3.036" /><testcase classname="tests.harness.test_plan009_m1_vertical" name="test_m1_inconsistent_reviewer_actor_provenance_blocks_stop_reconstruction" time="2.969" /><testcase classname="tests.harness.test_plan009_m1_vertical" name="test_m1_partial_vertical_evidence_is_preserved_when_recovery_retry_fails" time="4.057" /><testcase classname="tests.harness.test_plan009_m1_vertical" name="test_m1_incomplete_vertical_cannot_coexist_with_recorded_stop" time="2.844" /><testcase classname="tests.harness.test_plan009_m1_vertical" name="test_m1_partial_vertical_evidence_can_retry_atomically" time="5.180" /><testcase classname="tests.harness.test_plan009_m1_vertical" name="test_m1_corrupt_assessment_blocks_stop_reconstruction" time="2.991" /><testcase classname="tests.harness.test_plan009_m1_vertical" name="test_m1_corrupt_decision_blocks_stop_reconstruction" time="2.732" /><testcase classname="tests.harness.test_plan009_m1_vertical" name="test_m1_corrupt_lineage_blocks_stop_reconstruction" time="2.954" /><testcase classname="tests.harness.test_plan009_m1_vertical" name="test_m1_corrupt_execution_record_blocks_stop_reconstruction" time="3.009" /><testcase classname="tests.harness.test_plan009_m1_vertical" name="test_m1_incompatible_execution_runtime_blocks_stop_reconstruction" time="3.042" /><testcase classname="tests.harness.test_plan009_m1_vertical" name="test_m1_forged_raw_execution_checksum_blocks_stop_reconstruction" time="3.022" /><testcase classname="tests.harness.test_plan009_m1_vertical" name="test_m1_persisted_input_manifests_match_recomputed_runtime_manifests" time="2.330" /><testcase classname="tests.harness.test_plan009_m1_vertical" name="test_m1_forged_input_manifest_checksum_blocks_stop_reconstruction[ENRICHMENT]" time="3.047" /><testcase classname="tests.harness.test_plan009_m1_vertical" name="test_m1_forged_input_manifest_checksum_blocks_stop_reconstruction[PRODUCER]" time="3.086" /><testcase classname="tests.harness.test_plan009_m1_vertical" name="test_m1_forged_input_manifest_checksum_blocks_stop_reconstruction[REVIEWER]" time="2.934" /><testcase classname="tests.harness.test_plan009_m1_vertical" name="test_m1_incompatible_gate_blocks_stop_reconstruction" time="3.095" /><testcase classname="tests.harness.test_plan009_p2_roundtrip" name="test_public_result_import_entrypoint_uses_real_cli_and_persists" time="6.408" /><testcase classname="tests.harness.test_plan009_p2_roundtrip" name="test_public_result_import_entrypoint_rejects_result_without_episode_id" time="2.710" /><testcase classname="tests.harness.test_plan009_p2_roundtrip" name="test_roundtrip_three_stages_persists_and_stops" time="10.164" /><testcase classname="tests.harness.test_plan009_p2_roundtrip" name="test_p2_reporter_marks_pending_without_inventing_pass" time="2.118" /><testcase classname="tests.harness.test_plan009_p2_roundtrip" name="test_p2_reporter_reads_persisted_completion_and_cli_renders_it" time="11.103" /><testcase classname="tests.harness.test_plan009_p2_roundtrip" name="test_p2_reporter_exposes_persisted_evidence_failure" time="2.882" /><testcase classname="tests.harness.test_plan009_p2_roundtrip" name="test_p2_reporter_rejects_inconsistent_terminal_state" time="10.309" /><testcase classname="tests.harness.test_plan009_p2_roundtrip" name="test_roundtrip_duplicate_import_is_idempotent" time="3.515" /><testcase classname="tests.harness.test_plan009_p2_roundtrip" name="test_roundtrip_duplicate_without_provenance_is_blocked" time="3.536" /><testcase classname="tests.harness.test_plan009_p2_roundtrip" name="test_roundtrip_duplicate_with_provenance_run_mismatch_is_blocked" time="3.451" /><testcase classname="tests.harness.test_plan009_p2_roundtrip" name="test_roundtrip_duplicate_with_changed_result_run_id_is_blocked" time="3.527" /><testcase classname="tests.harness.test_plan009_p2_roundtrip" name="test_roundtrip_duplicate_with_changed_mission_is_blocked" time="3.350" /><testcase classname="tests.harness.test_plan009_p2_roundtrip" name="test_roundtrip_conflicting_duplicate_is_blocked" time="3.223" /><testcase classname="tests.harness.test_plan009_p2_roundtrip" name="test_roundtrip_final_resume_returns_stop_without_new_effects" time="11.853" /><testcase classname="tests.harness.test_plan009_p2_roundtrip" name="test_roundtrip_final_resume_rejects_deleted_envelope" time="10.586" /><testcase classname="tests.harness.test_plan009_p2_roundtrip" name="test_roundtrip_final_resume_rejects_tampered_envelope" time="10.787" /><testcase classname="tests.harness.test_plan009_p2_roundtrip" name="test_roundtrip_final_resume_rejects_tampered_result_index" time="10.893" /><testcase classname="tests.harness.test_plan009_p2_roundtrip" name="test_roundtrip_final_resume_rejects_tampered_execution_evidence" time="11.051" /><testcase classname="tests.harness.test_plan009_p2_roundtrip" name="test_roundtrip_import_rejects_wrong_stage_binding" time="2.291" /><testcase classname="tests.harness.test_plan009_p2_roundtrip" name="test_roundtrip_valid_result_with_wrong_persisted_checkpoint_is_blocked" time="2.421" /><testcase classname="tests.harness.test_plan009_p2_roundtrip" name="test_roundtrip_result_run_id_mismatch_is_blocked" time="5.028" /><testcase classname="tests.harness.test_plan009_p2_roundtrip" name="test_roundtrip_new_service_revalidates_tampered_persisted_envelope" time="3.514" /><testcase classname="tests.harness.test_plan009_p2_roundtrip" name="test_roundtrip_new_service_continues_from_persisted_checkpoint" time="3.989" /><testcase classname="tests.harness.test_plan009_p2_roundtrip" name="test_roundtrip_resume_rejects_incompatible_next_stage" time="3.456" /><testcase classname="tests.harness.test_plan009_p2_roundtrip" name="test_roundtrip_resume_is_idempotent_while_next_handoff_is_pending" time="4.701" /><testcase classname="tests.harness.test_plan009_p2_roundtrip" name="test_roundtrip_handoff_has_no_completion_gate_or_model_selection" time="1.822" /><testcase classname="tests.harness.test_plan009_p2_roundtrip" name="test_roundtrip_convergence_callbacks_fail_closed_for_invalid_boundary" time="0.005" /><testcase classname="tests.harness.test_plan010_m2_m3" name="test_m2_closes_only_irrecoverable_legacy_episode_and_unblocks_new_start" time="0.106" /><testcase classname="tests.harness.test_plan010_m2_m3" name="test_m2_refuses_a_healthy_topic_belonging_stop" time="0.080" /><testcase classname="tests.harness.test_plan010_m2_m3" name="test_m2_retries_after_interruption_using_the_index_recovery_journal" time="0.088" /><testcase classname="tests.harness.test_plan010_m2_m3" name="test_m2_rejects_an_index_targeting_the_vault_root" time="0.018" /><testcase classname="tests.harness.test_plan010_m2_m3" name="test_m2_rejects_an_index_path_escaping_the_episode_root" time="0.021" /><testcase classname="tests.harness.test_plan010_m2_m3" name="test_m2_cli_uses_the_same_administrative_service" time="0.049" /><testcase classname="tests.harness.test_plan010_m2_m3" name="test_m3_materializes_non_empty_canonical_prompt_at_cognitive_boundary" time="1.223" /><testcase classname="tests.harness.test_plan010_m2_m3" name="test_m3_blocks_tampered_compiled_profile_checksum" time="0.012" /><testcase classname="tests.harness.test_plan010_m2_m3" name="test_m3_blocks_missing_required_prompt_context" time="0.002" /><testcase classname="tests.harness.test_plan010_m2_m3" name="test_t1_modern_episode_binds_state_index_and_lineage_to_mission_a" time="2.335" /><testcase classname="tests.harness.test_plan010_m2_m3" name="test_t2_historical_provenance_survives_resume_under_mission_b" time="3.100" /><testcase classname="tests.harness.test_plan010_m2_m3" name="test_t3_state_index_inconsistency_rejects_persisted_vertical" time="3.085" /><testcase classname="tests.harness.test_plan010_m2_m3" name="test_t4_lineage_manipulation_rejects_persisted_vertical" time="3.056" /><testcase classname="tests.harness.test_plan010_m2_m3" name="test_coordinated_modern_to_legacy_metadata_downgrade_rejects" time="3.183" /><testcase classname="tests.harness.test_plan010_m2_m3" name="test_episode_origin_tamper_rejects_persisted_vertical[delete]" time="3.036" /><testcase classname="tests.harness.test_plan010_m2_m3" name="test_episode_origin_tamper_rejects_persisted_vertical[modify]" time="3.282" /><testcase classname="tests.harness.test_plan010_m2_m3" name="test_malformed_episode_origin_rejects_without_uncaught_type_error" time="3.305" /><testcase classname="tests.harness.test_plan010_m2_m3" name="test_unknown_origin_kind_rejects_incomplete_recovery_with_recomputed_checksum" time="2.514" /><testcase classname="tests.harness.test_plan010_m2_m3" name="test_t5_missing_modern_mission_binding_rejects_instead_of_becoming_legacy[state]" time="2.983" /><testcase classname="tests.harness.test_plan010_m2_m3" name="test_t5_missing_modern_mission_binding_rejects_instead_of_becoming_legacy[index]" time="3.084" /><testcase classname="tests.harness.test_plan010_m2_m3" name="test_t5_missing_modern_mission_binding_rejects_instead_of_becoming_legacy[lineage]" time="3.092" /><testcase classname="tests.harness.test_plan010_m2_m3" name="test_t5_both_modern_mission_bindings_missing_rejects_before_resume" time="2.899" /><testcase classname="tests.harness.test_plan010_m2_m3" name="test_t2_incomplete_modern_episode_does_not_reexecute_under_mission_b" time="2.964" /><testcase classname="tests.harness.test_plan010_m2_m3" name="test_new_execution_accepts_authorization_matching_live_current_mission" time="2.521" /><testcase classname="tests.harness.test_plan010_m2_m3" name="test_new_execution_rejects_none_as_inactive_current_mission" time="0.408" /><testcase classname="tests.harness.test_plan010_m2_m3" name="test_new_execution_rejects_authorization_not_matching_live_current_mission" time="0.401" /><testcase classname="tests.harness.test_plan010_m2_m3" name="test_legacy_m1_lineage_id_is_not_valid_for_new_execution" time="0.423" /><testcase classname="tests.harness.test_plan010_m2_m3" name="test_future_aligned_mission_needs_no_runtime_mission_id_patch" time="2.386" /><testcase classname="tests.harness.test_plan010_m2_m3" name="test_new_execution_rejects_hash_valid_minimal_live_state" time="0.400" /><testcase classname="tests.harness.test_plan010_m2_m3" name="test_m2_rejects_plan_specific_source_on_new_recovery" time="0.022" /><testcase classname="tests.harness.test_plan010_m2_m3" name="test_m3_legacy_persisted_execution_requires_verifiable_origin[anchored_legacy]" time="3.219" /><testcase classname="tests.harness.test_plan010_m2_m3" name="test_m3_legacy_persisted_execution_requires_verifiable_origin[pre_origin_unverifiable]" time="3.310" /><testcase classname="tests.harness.test_plan010_m2_m3" name="test_m3_rejects_tampered_current_prompt_provenance[prompt_id]" time="3.128" /><testcase classname="tests.harness.test_plan010_m2_m3" name="test_m3_rejects_tampered_current_prompt_provenance[prompt_version]" time="3.054" /><testcase classname="tests.harness.test_plan010_m2_m3" name="test_m3_rejects_tampered_current_prompt_provenance[prompt_checksum]" time="3.126" /><testcase classname="tests.harness.test_plan010_m2_m3" name="test_m3_rejects_tampered_current_prompt_provenance[prompt_input_checksum]" time="3.091" /><testcase classname="tests.harness.test_plan011_m3_b5_i3" name="test_final_schemas_are_valid_and_software_owns_runtime_fields[viewer_journey]" time="0.135" /><testcase classname="tests.harness.test_plan011_m3_b5_i3" name="test_final_schemas_are_valid_and_software_owns_runtime_fields[opening_design]" time="0.148" /><testcase classname="tests.harness.test_plan011_m3_b5_i3" name="test_final_schemas_are_valid_and_software_owns_runtime_fields[closing_design]" time="0.165" /><testcase classname="tests.harness.test_plan011_m3_b5_i3" name="test_final_schemas_are_valid_and_software_owns_runtime_fields[narrative_plan]" time="0.150" /><testcase classname="tests.harness.test_plan011_m3_b5_i3" name="test_m2_inputs_preserved_and_cognitive_boundary_isolated" time="0.138" /><testcase classname="tests.harness.test_plan011_m3_b5_i3" name="test_cognitive_output_that_writes_protected_fields_is_rejected" time="0.056" /><testcase classname="tests.harness.test_plan011_m3_b5_i3" name="test_m3_requires_the_canonical_input_set" time="0.017" /><testcase classname="tests.harness.test_plan011_m3_b5_i3" name="test_invalid_canonical_input_fails_closed[research_pack-{not-json-JSON inv\xe1lido]" time="0.083" /><testcase classname="tests.harness.test_plan011_m3_b5_i3" name="test_invalid_canonical_input_fails_closed[research_pack-{&quot;research_id&quot;:&quot;RP-001&quot;}-schema inv\xe1lido]" time="0.071" /><testcase classname="tests.harness.test_plan011_m3_b5_i3" name="test_canonical_input_episode_binding_fails_closed" time="0.076" /><testcase classname="tests.harness.test_plan011_m3_b5_i3" name="test_canonical_artifact_id_mismatch_fails_closed[refined_thesis]" time="0.106" /><testcase classname="tests.harness.test_plan011_m3_b5_i3" name="test_canonical_artifact_id_mismatch_fails_closed[material_curation]" time="0.118" /><testcase classname="tests.harness.test_plan011_m3_b5_i3" name="test_duration_budget_is_deterministic_for_positive_targets[15-2250]" time="0.002" /><testcase classname="tests.harness.test_plan011_m3_b5_i3" name="test_duration_budget_is_deterministic_for_positive_targets[20-3000]" time="0.002" /><testcase classname="tests.harness.test_plan011_m3_b5_i3" name="test_duration_budget_is_deterministic_for_positive_targets[17-2550]" time="0.003" /><testcase classname="tests.harness.test_plan011_m3_b5_i3" name="test_invalid_duration_fails_closed[0]" time="0.003" /><testcase classname="tests.harness.test_plan011_m3_b5_i3" name="test_invalid_duration_fails_closed[-1]" time="0.003" /><testcase classname="tests.harness.test_plan011_m3_b5_i3" name="test_automatic_duration_remains_unresolved_and_blocks_numeric_plan" time="0.149" /><testcase classname="tests.harness.test_plan011_m3_b5_i3" name="test_role_prompt_exposes_cognitive_contract_only" time="0.040" /><testcase classname="tests.harness.test_plan011_m3_b5_i3" name="test_narrative_architecture_is_proposal_only" time="0.005" /><testcase classname="tests.harness.test_plan011_m3_b5_i3" name="test_persistence_recovery_and_dependency_invalidation" time="0.675" /><testcase classname="tests.harness.test_youtube_adaptation_b5_i2" name="test_valid_gate_with_exact_real_provenance_passes" time="0.044" /><testcase classname="tests.harness.test_youtube_adaptation_b5_i2" name="test_persisted_b5_i2_approval_automatically_materializes_duration_envelope" time="0.365" /><testcase classname="tests.harness.test_youtube_adaptation_b5_i2" name="test_duration_profile_override_is_rejected_by_gate_and_loader" time="0.039" /><testcase classname="tests.harness.test_youtube_adaptation_b5_i2" name="test_invalid_active_profile_authority_fails_before_approval_or_fallback[corrupt]" time="0.050" /><testcase classname="tests.harness.test_youtube_adaptation_b5_i2" name="test_invalid_active_profile_authority_fails_before_approval_or_fallback[missing]" time="0.050" /><testcase classname="tests.harness.test_youtube_adaptation_b5_i2" name="test_invalid_active_profile_authority_fails_before_approval_or_fallback[missing_registry]" time="0.060" /><testcase classname="tests.harness.test_youtube_adaptation_b5_i2" name="test_invalid_active_profile_authority_fails_before_approval_or_fallback[inactive]" time="0.057" /><testcase classname="tests.harness.test_youtube_adaptation_b5_i2" name="test_invalid_active_profile_authority_fails_before_approval_or_fallback[inconsistent]" time="0.077" /><testcase classname="tests.harness.test_youtube_adaptation_b5_i2" name="test_invalid_active_profile_cannot_materialize_duration_approval" time="0.033" /><testcase classname="tests.harness.test_youtube_adaptation_b5_i2" name="test_valid_producer_package_schema" time="0.006" /><testcase classname="tests.harness.test_youtube_adaptation_b5_i2" name="test_valid_review_schema_uses_nine_capabilities" time="0.017" /><testcase classname="tests.harness.test_youtube_adaptation_b5_i2" name="test_active_strategic_return_uses_ci_taxonomy" time="0.009" /><testcase classname="tests.harness.test_youtube_adaptation_b5_i2" name="test_strategic_return_without_active_trigger_is_rejected" time="0.076" /><testcase classname="tests.harness.test_youtube_adaptation_b5_i2" name="test_wrong_producer_output_checksum_fails" time="0.072" /><testcase classname="tests.harness.test_youtube_adaptation_b5_i2" name="test_producer_with_other_role_or_agent_fails" time="0.044" /><testcase classname="tests.harness.test_youtube_adaptation_b5_i2" name="test_wrong_auditor_input_checksum_fails" time="0.053" /><testcase classname="tests.harness.test_youtube_adaptation_b5_i2" name="test_wrong_auditor_output_checksum_fails" time="0.050" /><testcase classname="tests.harness.test_youtube_adaptation_b5_i2" name="test_auditor_that_did_not_consume_exact_package_fails" time="0.054" /><testcase classname="tests.harness.test_youtube_adaptation_b5_i2" name="test_structural_handoff_rejects_missing_canonical_version" time="0.021" /><testcase classname="tests.harness.test_youtube_adaptation_b5_i2" name="test_synthetic_run_cannot_close_real_gate" time="0.052" /><testcase classname="tests.harness.test_youtube_adaptation_b5_i2" name="test_p6b_controlled_b5_i2_output_reaches_ya_gate_and_fails_closed" time="0.208" /><testcase classname="tests.harness.test_youtube_adaptation_b5_i2" name="test_overpromise_block_with_global_approval_fails" time="0.042" /><testcase classname="tests.harness.test_youtube_adaptation_b5_i2" name="test_opening_block_with_capability_pass_fails" time="0.061" /><testcase classname="tests.harness.test_youtube_adaptation_b5_i2" name="test_platform_high_without_mitigation_fails" time="0.061" /><testcase classname="tests.harness.test_youtube_adaptation_b5_i2" name="test_rights_high_without_mitigation_fails" time="0.158" /><testcase classname="tests.harness.test_youtube_adaptation_b5_i2" name="test_blocking_reasons_with_approval_fails" time="0.050" /><testcase classname="tests.harness.test_youtube_adaptation_b5_i2" name="test_required_changes_with_approval_fails" time="0.048" /><testcase classname="tests.harness.test_youtube_adaptation_b5_i2" name="test_independence_not_demonstrated_blocks" time="0.050" /><testcase classname="tests.harness.test_youtube_adaptation_b5_i2" name="test_missing_provenance_blocks" time="0.049" /><testcase classname="tests.harness.test_youtube_adaptation_b5_i2" name="test_coherent_request_changes_is_preserved" time="0.052" /><testcase classname="tests.harness.test_youtube_adaptation_b5_i2" name="test_coherent_block_is_preserved" time="0.057" /><testcase classname="tests.harness.test_youtube_adaptation_b5_i2" name="test_auditor_must_consume_original_thesis_ledger_and_evidence_refs" time="0.059" /><testcase classname="tests.harness.test_youtube_adaptation_b5_i2" name="test_platform_and_rights_generic_grounding_is_rejected" time="0.071" /><testcase classname="tests.harness.test_youtube_adaptation_b5_i2" name="test_platform_and_rights_unresolvable_grounding_is_rejected" time="0.067" /><testcase classname="tests.harness.test_plan013_synthetic_e2e" name="test_plan013_cp01_unavailable_evidence_is_blocked_before_positive_evaluation" time="0.009" /><testcase classname="tests.harness.test_plan013_synthetic_e2e" name="test_plan013_remaining_minimum_negative_cases_are_deterministic" time="1.704" /><testcase classname="tests.harness.test_plan013_synthetic_e2e" name="test_plan013_persisted_explicit_intended_use_wins_over_standard_derivation" time="0.093" /><testcase classname="tests.harness.test_plan013_synthetic_e2e" name="test_plan013_synthetic_path_keeps_one_script_identity_to_youtube_review" time="0.031" /><testcase classname="tests.harness.test_plan013_synthetic_e2e" name="test_plan013_integrated_synthetic_e2e_from_human_intake_to_convergent_close" time="12.013" /></testsuite></testsuites>