<?xml version="1.0" encoding="utf-8"?><testsuites name="pytest tests"><testsuite name="pytest" errors="0" failures="0" skipped="2" tests="1202" time="334.390" timestamp="2026-09-12T23:57:27.981928+02:00" hostname="AlexSua"><testcase classname="tests.core.test_all_schemas.TestAllJSONSchemas" name="test_all_schemas_are_valid_draft7" time="24.292" /><testcase classname="tests.core.test_all_schemas.TestAllJSONSchemas" name="test_every_research_contract_schema_has_valid_fixture" time="0.123" /><testcase classname="tests.core.test_all_schemas.TestAllJSONSchemas" name="test_every_schema_has_valid_fixture" time="0.620" /><testcase classname="tests.core.test_all_schemas.TestAllJSONSchemas" name="test_new_invalid_cases_for_hardness" time="0.032" /><testcase classname="tests.core.test_all_schemas.TestAllJSONSchemas" name="test_representative_invalid_fixtures" time="0.012" /><testcase classname="tests.core.test_all_schemas.TestAllJSONSchemas" name="test_schema_required_fields_in_properties" time="0.211" /><testcase classname="tests.core.test_application_intake" name="test_three_canonical_modes_are_valid" time="0.005" /><testcase classname="tests.core.test_application_intake" name="test_empty_human_content_is_rejected[kwargs0]" time="0.004" /><testcase classname="tests.core.test_application_intake" name="test_empty_human_content_is_rejected[kwargs1]" time="0.002" /><testcase classname="tests.core.test_application_intake" name="test_empty_human_content_is_rejected[kwargs2]" time="0.003" /><testcase classname="tests.core.test_application_intake" name="test_handoff_does_not_duplicate_or_complete_topic_belonging" time="0.006" /><testcase classname="tests.core.test_application_intake" name="test_question_and_context_are_distinct_bindings" time="0.006" /><testcase classname="tests.core.test_application_intake" name="test_extended_user_input_round_trips_through_handoff_without_losing_exact_instruction_text" time="0.005" /><testcase classname="tests.core.test_application_intake" name="test_duration_is_a_positive_integer_or_none[0]" time="0.003" /><testcase classname="tests.core.test_application_intake" name="test_duration_is_a_positive_integer_or_none[-1]" time="0.002" /><testcase classname="tests.core.test_application_intake" name="test_duration_is_a_positive_integer_or_none[True]" time="0.004" /><testcase classname="tests.core.test_application_intake" name="test_duration_is_a_positive_integer_or_none[20]" time="0.003" /><testcase classname="tests.core.test_application_intake" name="test_instruction_category_is_closed_and_text_is_required" time="0.002" /><testcase classname="tests.core.test_application_intake" name="test_non_interactive_cli_adapter_captures_duration_language_and_instruction_categories" time="0.003" /><testcase classname="tests.core.test_application_intake" name="test_live_authority_parser_rejects_duplicate_and_malformed_canonical_state" time="0.197" /><testcase classname="tests.core.test_application_intake" name="test_pending_request_is_recovered_and_consumed_idempotently" time="0.379" /><testcase classname="tests.core.test_application_intake" name="test_changed_handoff_does_not_make_service_decide_subject_staleness" time="0.142" /><testcase classname="tests.core.test_application_intake" name="test_work_start_modes_keep_topic_pending_and_profile_resolved[obra]" time="0.005" /><testcase classname="tests.core.test_application_intake" name="test_work_start_modes_keep_topic_pending_and_profile_resolved[corpus]" time="0.003" /><testcase classname="tests.core.test_application_intake" name="test_service_persists_original_input_and_index[human0]" time="0.469" /><testcase classname="tests.core.test_application_intake" name="test_service_persists_original_input_and_index[human1]" time="0.515" /><testcase classname="tests.core.test_application_intake" name="test_service_persists_original_input_and_index[human2]" time="0.455" /><testcase classname="tests.core.test_application_intake" name="test_service_resumes_registered_episode" time="0.660" /><testcase classname="tests.core.test_application_intake" name="test_storage_failure_does_not_report_success_or_leave_registered_folder" time="0.282" /><testcase classname="tests.core.test_application_intake" name="test_workflow_registration_rolls_back_partial_state" time="0.111" /><testcase classname="tests.core.test_application_intake" name="test_controlled_workflow_fails_closed_when_live_scope_is_not_available" time="0.016" /><testcase classname="tests.core.test_application_intake" name="test_controlled_workflow_ignores_a_later_revocation_outside_canonical_state" time="0.533" /><testcase classname="tests.core.test_application_intake" name="test_authority_uses_only_canonical_state_for_allow_and_block" time="0.947" /><testcase classname="tests.core.test_application_intake" name="test_controlled_workflow_rejects_multiline_authority_assignments" time="0.027" /><testcase classname="tests.core.test_application_intake" name="test_application_core_works_without_terminal" time="0.113" /><testcase classname="tests.core.test_application_intake" name="test_workflow_requests_are_consumed_and_decisions_capture_the_full_request" time="0.278" /><testcase classname="tests.core.test_application_intake" name="test_interactive_and_non_interactive_adapters_share_normalized_fields" time="0.007" /><testcase classname="tests.core.test_application_intake" name="test_interactive_input_captures_zero_or_more_instructions_custom_duration_and_other_language" time="0.009" /><testcase classname="tests.core.test_application_intake" name="test_interactive_input_rejects_missing_custom_duration_or_other_language[6--1-respuesta no puede estar vac\xeda]" time="0.007" /><testcase classname="tests.core.test_application_intake" name="test_interactive_input_rejects_missing_custom_duration_or_other_language[1--4-respuesta no puede estar vac\xeda]" time="0.007" /><testcase classname="tests.core.test_application_intake" name="test_active_mission_bundle_requires_an_explicit_canonical_pointer" time="0.214" /><testcase classname="tests.core.test_application_intake" name="test_cli_public_entrypoint_resolves_temporary_active_bundle_and_reaches_handoff" time="7.833" /><testcase classname="tests.core.test_application_intake" name="test_active_mission_bundle_rejects_a_contract_for_another_mission" time="1.466" /><testcase classname="tests.core.test_application_intake" name="test_cli_non_interactive_runs_the_same_application_service" time="0.036" /><testcase classname="tests.core.test_application_intake" name="test_human_decision_is_normalized_and_persisted" time="0.490" /><testcase classname="tests.core.test_application_intake" name="test_invalid_adapter_decision_is_not_persisted[decision0]" time="0.487" /><testcase classname="tests.core.test_application_intake" name="test_invalid_adapter_decision_is_not_persisted[decision1]" time="0.509" /><testcase classname="tests.core.test_application_intake" name="test_legacy_wrapper_storage_record_is_technical_only" time="0.037" /><testcase classname="tests.core.test_application_intake" name="test_legacy_storage_requires_gate0_channel_preparation" time="0.008" /><testcase classname="tests.core.test_application_intake" name="test_cancelled_decision_is_persisted_before_control_returns" time="0.487" /><testcase classname="tests.core.test_application_intake" name="test_expected_actor_and_channel_are_enforced_before_persistence" time="0.545" /><testcase classname="tests.core.test_application_intake" name="test_expected_channel_is_enforced_independently" time="0.558" /><testcase classname="tests.core.test_application_intake" name="test_expected_actor_is_enforced_independently" time="0.552" /><testcase classname="tests.core.test_application_intake" name="test_non_handoff_subject_is_delegated_to_workflow_for_staleness" time="0.319" /><testcase classname="tests.core.test_application_intake" name="test_workflow_owns_stale_subject_decision" time="0.271" /><testcase classname="tests.core.test_application_intake" name="test_recovery_revalidates_persisted_decision_before_workflow[actor_ref-mallory]" time="0.211" /><testcase classname="tests.core.test_application_intake" name="test_recovery_revalidates_persisted_decision_before_workflow[channel-FAKE]" time="0.179" /><testcase classname="tests.core.test_application_intake" name="test_recovery_revalidates_persisted_decision_before_workflow[request_checksum-aaaaaaaaaaaaaaaaaaaaaaaaaaaaaaaaaaaaaaaaaaaaaaaaaaaaaaaaaaaaaaaa]" time="0.149" /><testcase classname="tests.core.test_application_intake" name="test_recovery_revalidates_persisted_decision_before_workflow[episode_id-ep_9999]" time="0.155" /><testcase classname="tests.core.test_application_intake" name="test_recovery_revalidates_persisted_decision_before_workflow[request_id-REQ-OTHER]" time="0.143" /><testcase classname="tests.core.test_application_intake" name="test_recovery_revalidates_persisted_decision_before_workflow[selected_option-missing]" time="0.180" /><testcase classname="tests.core.test_application_intake" name="test_recovery_revalidates_persisted_decision_before_workflow[action-DO_WHATEVER]" time="0.203" /><testcase classname="tests.core.test_application_intake" name="test_recovery_revalidates_persisted_decision_before_workflow[occurred_at-not-a-date]" time="0.186" /><testcase classname="tests.core.test_application_intake" name="test_recovery_revalidates_persisted_decision_before_workflow[correction-value8]" time="0.195" /><testcase classname="tests.core.test_application_intake" name="test_recovery_rejects_unknown_persisted_decision_field" time="0.209" /><testcase classname="tests.core.test_application_intake" name="test_recovery_valid_persisted_decision_reaches_workflow_once" time="0.305" /><testcase classname="tests.core.test_application_intake" name="test_recovery_rejects_persisted_request_without_checksum" time="0.273" /><testcase classname="tests.core.test_application_intake" name="test_synchronous_stale_is_not_wrapped_as_storage_error" time="0.246" /><testcase classname="tests.core.test_application_intake" name="test_resume_rechecks_workflow_authority_before_consuming_pending_request" time="0.145" /><testcase classname="tests.core.test_application_intake" name="test_same_request_cannot_register_two_different_transitions" time="0.692" /><testcase classname="tests.core.test_application_intake" name="test_request_persistence_is_serialized_across_store_instances" time="0.681" /><testcase classname="tests.core.test_application_intake" name="test_request_persistence_is_serialized_across_processes" time="2.910" /><testcase classname="tests.core.test_application_intake" name="test_human_input_legacy_1_0_without_initial_question_remains_compatible" time="0.006" /><testcase classname="tests.core.test_application_intake" name="test_human_input_legacy_processing_status_round_trips" time="0.004" /><testcase classname="tests.core.test_application_intake" name="test_processing_status_accepts_schema_vocabulary[RECEIVED]" time="0.003" /><testcase classname="tests.core.test_application_intake" name="test_processing_status_accepts_schema_vocabulary[REGISTERED]" time="0.005" /><testcase classname="tests.core.test_application_intake" name="test_processing_status_accepts_schema_vocabulary[READY]" time="0.004" /><testcase classname="tests.core.test_application_intake" name="test_processing_status_accepts_schema_vocabulary[CANCELLED]" time="0.004" /><testcase classname="tests.core.test_application_intake" name="test_processing_status_rejects_unknown_values[BOGUS]" time="0.004" /><testcase classname="tests.core.test_application_intake" name="test_processing_status_rejects_unknown_values[]" time="0.002" /><testcase classname="tests.core.test_application_intake" name="test_processing_status_rejects_unknown_values[UNKNOWN]" time="0.005" /><testcase classname="tests.core.test_application_intake" name="test_human_input_direct_constructor_rejects_unknown_processing_status" time="0.002" /><testcase classname="tests.core.test_b3_activation_1_1" name="test_active_profile_is_registered_with_exact_pointer_checksum" time="0.060" /><testcase classname="tests.core.test_b3_i1_contracts" name="test_active_profile_payload_is_canonical_and_schema_valid" time="0.018" /><testcase classname="tests.core.test_b3_i1_contracts" name="test_profile_rejects_rigid_audience_and_platform_policy_in_stable_identity" time="0.035" /><testcase classname="tests.core.test_b3_i1_contracts" name="test_voice_sample_requires_authorship_authorization_and_checksum" time="0.025" /><testcase classname="tests.core.test_b3_i1_contracts" name="test_learning_candidate_requires_evidence_and_lineage" time="0.011" /><testcase classname="tests.core.test_b4_i1_contracts" name="test_responsibility_registry_schema_and_contracts" time="0.032" /><testcase classname="tests.core.test_b4_i1_contracts" name="test_skill_catalog_is_one_to_one_and_neutral" time="0.028" /><testcase classname="tests.core.test_b4_i1_contracts" name="test_general_capability_coverage_is_explicit_and_known" time="0.004" /><testcase classname="tests.core.test_b4_i1_contracts" name="test_no_general_skill_was_copied_into_local_repository" time="0.005" /><testcase classname="tests.core.test_b4_i1_contracts" name="test_b4_i1_artifacts_contain_no_legacy_team_or_provider_identifiers" time="0.011" /><testcase classname="tests.core.test_b4_i2_agent_prompts" name="test_agent_prompt_registry_schema" time="0.049" /><testcase classname="tests.core.test_b4_i2_agent_prompts" name="test_all_canonical_prompts_registered" time="0.005" /><testcase classname="tests.core.test_b4_i2_agent_prompts" name="test_all_prompts_are_active" time="0.005" /><testcase classname="tests.core.test_b4_i2_agent_prompts" name="test_all_prompt_versions_are_valid_semver" time="0.004" /><testcase classname="tests.core.test_b4_i2_agent_prompts" name="test_every_role_has_corresponding_prompt_file" time="0.007" /><testcase classname="tests.core.test_b4_i2_agent_prompts" name="test_every_prompt_file_has_corresponding_registry_entry" time="0.014" /><testcase classname="tests.core.test_b4_i2_agent_prompts" name="test_no_provider_or_model_identifiers_in_prompts" time="0.035" /><testcase classname="tests.core.test_b4_i2_agent_prompts" name="test_agent_prompt_registry_functional_metadata_is_utf8_clean" time="0.004" /><testcase classname="tests.core.test_b4_i2_agent_prompts" name="test_no_provider_or_model_identifiers_in_registry" time="0.006" /><testcase classname="tests.core.test_b4_i2_agent_prompts" name="test_no_provider_or_model_identifiers_in_runtime_example" time="0.004" /><testcase classname="tests.core.test_b4_i2_agent_prompts" name="test_editor_can_modify_script" time="0.005" /><testcase classname="tests.core.test_b4_i2_agent_prompts" name="test_editor_cannot_approve_own_result" time="0.006" /><testcase classname="tests.core.test_b4_i2_agent_prompts" name="test_auditor_cannot_modify_script" time="0.005" /><testcase classname="tests.core.test_b4_i2_agent_prompts" name="test_auditor_must_operate_in_clean_context" time="0.004" /><testcase classname="tests.core.test_b4_i2_agent_prompts" name="test_auditor_can_emit_pass_warn_fail_blocked" time="0.006" /><testcase classname="tests.core.test_b4_i2_agent_prompts" name="test_resolve_prompt_returns_active_contract" time="0.008" /><testcase classname="tests.core.test_b4_i2_agent_prompts" name="test_resolve_prompt_all_roles" time="0.034" /><testcase classname="tests.core.test_b4_i2_agent_prompts" name="test_resolve_prompt_blocks_on_unknown_role" time="0.006" /><testcase classname="tests.core.test_b4_i2_agent_prompts" name="test_example_runtime_is_not_used_automatically" time="0.007" /><testcase classname="tests.core.test_b4_i2_agent_prompts" name="test_example_runtime_is_template_only" time="0.012" /><testcase classname="tests.core.test_b4_i2_agent_prompts" name="test_resolve_runtime_requires_explicit_mock_config" time="0.019" /><testcase classname="tests.core.test_b4_i2_agent_prompts" name="test_resolve_runtime_all_roles_with_explicit_config" time="0.025" /><testcase classname="tests.core.test_b4_i2_agent_prompts" name="test_resolve_runtime_blocks_on_unknown_role" time="0.020" /><testcase classname="tests.core.test_b4_i2_agent_prompts" name="test_resolve_execution_returns_prompt_content_checksum_and_runtime" time="0.021" /><testcase classname="tests.core.test_b4_i2_agent_prompts" name="test_prompt_checksum_changes_when_exact_content_changes" time="0.053" /><testcase classname="tests.core.test_b4_i2_agent_prompts" name="test_editorial_quality_requirements_reach_effective_role_prompts" time="0.035" /><testcase classname="tests.core.test_b4_i2_agent_prompts" name="test_resolve_execution_makes_no_external_calls" time="0.036" /><testcase classname="tests.core.test_b4_i2_agent_prompts" name="test_operational_agents_and_subagents" time="0.005" /><testcase classname="tests.core.test_b4_i2_agent_prompts" name="test_agent_dir_is_not_canonical_seat" time="0.003" /><testcase classname="tests.core.test_b4_i2_agent_prompts" name="test_no_credentials_in_runtime_example" time="0.004" /><testcase classname="tests.core.test_b4_i2_agent_prompts" name="test_ai_runtime_config_schema" time="0.020" /><testcase classname="tests.core.test_b4_i2_agent_prompts" name="test_ai_runtime_separates_role_provider_model_adapter" time="0.004" /><testcase classname="tests.core.test_b4_i2_agent_prompts" name="test_ai_runtime_editor_isolation" time="0.003" /><testcase classname="tests.core.test_b4_i2_agent_prompts" name="test_resolve_prompt_blocks_when_prompt_file_missing" time="0.007" /><testcase classname="tests.core.test_b4_i2_agent_prompts" name="test_no_internal_team_identifiers_in_canonical_prompts_or_registry" time="0.022" /><testcase classname="tests.core.test_capability_audit" name="test_scope_validates_all_seeds_before_discovery" time="0.468" /><testcase classname="tests.core.test_capability_audit" name="test_empty_or_invalid_seed_cannot_produce_zero_candidate_pass" time="0.425" /><testcase classname="tests.core.test_capability_audit" name="test_universe_resolves_explicit_references_without_root_scan" time="1.400" /><testcase classname="tests.core.test_capability_audit" name="test_detector_patterns_are_not_treated_as_artifact_references" time="1.263" /><testcase classname="tests.core.test_capability_audit" name="test_policy_and_gate_are_reachable_non_capability_classes" time="1.231" /><testcase classname="tests.core.test_capability_audit" name="test_transitive_policy_to_gate_resolution_preserves_provenance_and_avoids_sibling_scan" time="1.214" /><testcase classname="tests.core.test_capability_audit" name="test_identity_alias_duplicate_and_unproven_collision_are_distinct_cases" time="1.150" /><testcase classname="tests.core.test_capability_audit" name="test_broken_reference_is_a_finding_and_not_hidden" time="1.322" /><testcase classname="tests.core.test_capability_audit" name="test_noncanonical_maturity_is_not_accepted_as_canonical" time="1.471" /><testcase classname="tests.core.test_capability_audit" name="test_deferred_and_non_executable_objects_do_not_become_current_capabilities" time="1.350" /><testcase classname="tests.core.test_capability_audit" name="test_delta_matches_universe_and_never_writes_registry" time="1.369" /><testcase classname="tests.core.test_capability_audit" name="test_writer_materializes_three_structured_artifacts" time="1.781" /><testcase classname="tests.core.test_channel_intelligence" name="test_active_profile_documentation_is_consistent" time="0.010" /><testcase classname="tests.core.test_channel_intelligence" name="test_topic_input_is_dynamic_but_bound_to_active_pointer" time="0.018" /><testcase classname="tests.core.test_channel_intelligence" name="test_ordinary_topic_has_valid_segregated_flow" time="0.082" /><testcase classname="tests.core.test_channel_intelligence" name="test_self_approval_same_run_and_checksum_mismatch_are_blocked" time="0.027" /><testcase classname="tests.core.test_channel_intelligence" name="test_tampering_assessment_or_decision_is_blocked" time="0.047" /><testcase classname="tests.core.test_channel_intelligence" name="test_each_structured_strategic_trigger_requires_escalation" time="0.229" /><testcase classname="tests.core.test_channel_intelligence" name="test_owner_decision_completes_only_escalated_flow" time="0.053" /><testcase classname="tests.core.test_channel_intelligence" name="test_non_approval_outcomes_never_pass_gate" time="0.123" /><testcase classname="tests.core.test_channel_intelligence" name="test_approval_with_conditions_requires_conditions" time="0.074" /><testcase classname="tests.core.test_channel_intelligence" name="test_capability_registry_is_operational_and_routing_exists" time="0.390" /><testcase classname="tests.core.test_channel_intelligence" name="test_topic_belonging_ready_not_authorized_capability_blocks_without_mission_authorization" time="0.364" /><testcase classname="tests.core.test_channel_intelligence" name="test_policy_and_prompts_reference_active_compiled_profile" time="0.009" /><testcase classname="tests.core.test_channel_intelligence" name="test_excluded_territory_blocks_and_unknown_territory_blocks" time="0.197" /><testcase classname="tests.core.test_channel_intelligence" name="test_active_territory_classification_is_deterministic_against_active_profile" time="0.011" /><testcase classname="tests.core.test_context_hardening" name="test_case_input_cannot_claim_normative_precedence" time="0.029" /><testcase classname="tests.core.test_context_hardening" name="test_manifest_binds_execution_identity" time="0.070" /><testcase classname="tests.core.test_context_hardening" name="test_self_contained_handoff_needs_real_justification" time="0.005" /><testcase classname="tests.core.test_context_manifest_lineage" name="test_child_manifest_records_run_lineage_and_no_conversation_inheritance" time="0.033" /><testcase classname="tests.core.test_context_manifest_lineage" name="test_equal_parent_and_child_run_blocks_context_resolution" time="0.013" /><testcase classname="tests.core.test_context_manifest_lineage" name="test_manifest_run_must_match_child_run" time="0.011" /><testcase classname="tests.core.test_context_manifest_lineage" name="test_child_context_ref_must_be_authorized" time="0.010" /><testcase classname="tests.core.test_contract_validation.TestContractValidation" name="test_audiovisual_provenance_keeps_timestamp" time="0.024" /><testcase classname="tests.core.test_contract_validation.TestContractValidation" name="test_claims_ledger_exact_quote_requires_provenance_evidence" time="0.007" /><testcase classname="tests.core.test_contract_validation.TestContractValidation" name="test_claims_ledger_no_source_fails" time="0.009" /><testcase classname="tests.core.test_contract_validation.TestContractValidation" name="test_claims_ledger_provenance_evidence_must_reference_claim_source" time="0.008" /><testcase classname="tests.core.test_contract_validation.TestContractValidation" name="test_claims_ledger_youtube_policy_requires_official_primary_authority" time="0.008" /><testcase classname="tests.core.test_contract_validation.TestContractValidation" name="test_derived_source_without_origin_fails" time="0.021" /><testcase classname="tests.core.test_contract_validation.TestContractValidation" name="test_editorial_script_approval_ambiguous_approver" time="0.008" /><testcase classname="tests.core.test_contract_validation.TestContractValidation" name="test_editorial_script_approval_for_production_is_invalid" time="0.007" /><testcase classname="tests.core.test_contract_validation.TestContractValidation" name="test_editorial_script_approval_missing_checksum" time="0.008" /><testcase classname="tests.core.test_contract_validation.TestContractValidation" name="test_editorial_script_approval_valid" time="0.007" /><testcase classname="tests.core.test_contract_validation.TestContractValidation" name="test_human_production_approval_cannot_declare_youtube_ready" time="0.010" /><testcase classname="tests.core.test_contract_validation.TestContractValidation" name="test_human_production_approval_valid" time="0.008" /><testcase classname="tests.core.test_contract_validation.TestContractValidation" name="test_human_publication_approval_fails_without_assets" time="0.007" /><testcase classname="tests.core.test_contract_validation.TestContractValidation" name="test_human_publication_approval_valid" time="0.008" /><testcase classname="tests.core.test_contract_validation.TestContractValidation" name="test_material_transcription_error_requires_primary_verification" time="0.022" /><testcase classname="tests.core.test_contract_validation.TestContractValidation" name="test_multilingual_decision_preserves_complete_catalogs_and_route_coherence" time="0.022" /><testcase classname="tests.core.test_contract_validation.TestContractValidation" name="test_multilingual_invalidation_requires_reevaluation_route" time="0.024" /><testcase classname="tests.core.test_contract_validation.TestContractValidation" name="test_multilingual_non_trigger_does_not_activate" time="0.028" /><testcase classname="tests.core.test_contract_validation.TestContractValidation" name="test_multilingual_not_activated_cannot_declare_material_risk" time="0.019" /><testcase classname="tests.core.test_contract_validation.TestContractValidation" name="test_multilingual_result_and_return_route_mismatch_fails" time="0.021" /><testcase classname="tests.core.test_contract_validation.TestContractValidation" name="test_multilingual_trigger_is_valid_and_tracks_affected_claims" time="0.018" /><testcase classname="tests.core.test_contract_validation.TestContractValidation" name="test_research_pack_phenomenon_extensions_validate" time="0.024" /><testcase classname="tests.core.test_contract_validation.TestContractValidation" name="test_research_pack_rejects_functional_sufficiency_before_ir4" time="0.021" /><testcase classname="tests.core.test_contract_validation.TestContractValidation" name="test_research_pack_rejects_unknown_claim_reference" time="0.021" /><testcase classname="tests.core.test_contract_validation.TestContractValidation" name="test_research_pack_validation" time="0.021" /><testcase classname="tests.core.test_contract_validation.TestContractValidation" name="test_secondary_youtube_source_cannot_self_declare_youtube_policy_authority" time="0.023" /><testcase classname="tests.core.test_contract_validation.TestContractValidation" name="test_source_original_and_derived_lineage_is_valid" time="0.022" /><testcase classname="tests.core.test_contract_validation.TestContractValidation" name="test_source_report_rejects_unknown_dependent_claim" time="0.013" /><testcase classname="tests.core.test_contract_validation.TestContractValidation" name="test_summary_or_review_cannot_prove_work_content" time="0.021" /><testcase classname="tests.core.test_contract_validation.TestContractValidation" name="test_transcription_types_are_distinguished" time="0.031" /><testcase classname="tests.core.test_contract_validation.TestContractValidation" name="test_unreviewed_automatic_transcript_cannot_support_exact_quote" time="0.023" /><testcase classname="tests.core.test_contract_validation.TestContractValidation" name="test_unverified_translation_cannot_replace_original_exact_formulation" time="0.022" /><testcase classname="tests.core.test_contract_validation.TestContractValidation" name="test_work_research_dossier_rejects_analysis_checksum_mismatch" time="0.023" /><testcase classname="tests.core.test_contract_validation.TestContractValidation" name="test_work_research_dossier_rejects_analysis_from_another_work" time="0.021" /><testcase classname="tests.core.test_contract_validation.TestContractValidation" name="test_work_research_dossier_rejects_analysis_version_mismatch" time="0.024" /><testcase classname="tests.core.test_contract_validation.TestContractValidation" name="test_work_research_dossier_rejects_claimed_fidelity_audit" time="0.023" /><testcase classname="tests.core.test_contract_validation.TestContractValidation" name="test_work_research_dossier_rejects_claims_ledger_checksum_mismatch" time="0.021" /><testcase classname="tests.core.test_contract_validation.TestContractValidation" name="test_work_research_dossier_rejects_incompatible_claim_states" time="0.024" /><testcase classname="tests.core.test_contract_validation.TestContractValidation" name="test_work_research_dossier_rejects_ledger_mismatch" time="0.025" /><testcase classname="tests.core.test_contract_validation.TestContractValidation" name="test_work_research_dossier_rejects_malformed_work_without_crashing" time="0.019" /><testcase classname="tests.core.test_contract_validation.TestContractValidation" name="test_work_research_dossier_rejects_missing_version" time="0.024" /><testcase classname="tests.core.test_contract_validation.TestContractValidation" name="test_work_research_dossier_rejects_undeclared_relation_analysis" time="0.023" /><testcase classname="tests.core.test_contract_validation.TestContractValidation" name="test_work_research_dossier_rejects_unknown_analysis" time="0.019" /><testcase classname="tests.core.test_contract_validation.TestContractValidation" name="test_work_research_dossier_rejects_unknown_claim" time="0.028" /><testcase classname="tests.core.test_contract_validation.TestContractValidation" name="test_work_research_dossier_validates" time="0.026" /><testcase classname="tests.core.test_cross_registry_integrity" name="test_semantic_implemented_capability_resolves_canonical_links" time="0.827" /><testcase classname="tests.core.test_cross_registry_integrity" name="test_defined_capability_does_not_require_implemented_semantic_links" time="0.674" /><testcase classname="tests.core.test_cross_registry_integrity" name="test_arbitrary_or_cross_domain_role_never_resolves_authority" time="0.659" /><testcase classname="tests.core.test_cross_registry_integrity" name="test_defined_invented_domain_cannot_resolve_by_text_only" time="0.778" /><testcase classname="tests.core.test_cross_registry_integrity" name="test_defined_capability_with_canonical_role_owner_resolves" time="0.595" /><testcase classname="tests.core.test_cross_registry_integrity" name="test_semantic_auditor_capability_resolves_canonical_links" time="0.602" /><testcase classname="tests.core.test_cross_registry_integrity" name="test_semantic_auditor_fails_when_routing_skill_is_not_canonical" time="0.640" /><testcase classname="tests.core.test_cross_registry_integrity" name="test_deterministic_route_does_not_require_semantic_links" time="0.646" /><testcase classname="tests.core.test_cross_registry_integrity" name="test_semantic_route_entrypoint_must_match_real_implementation" time="0.721" /><testcase classname="tests.core.test_cross_registry_integrity" name="test_topic_route_entrypoint_is_required_after_m1" time="0.665" /><testcase classname="tests.core.test_cross_registry_integrity" name="test_executable_lifecycle_requires_route_entrypoint[READY_NOT_AUTHORIZED]" time="0.623" /><testcase classname="tests.core.test_cross_registry_integrity" name="test_executable_lifecycle_requires_route_entrypoint[ACTIVE]" time="0.645" /><testcase classname="tests.core.test_cross_registry_integrity" name="test_topic_route_invalid_declared_skill_fails" time="0.655" /><testcase classname="tests.core.test_editorial_profile_registry" name="test_registration_is_deterministic_and_rejects_overwrite" time="0.070" /><testcase classname="tests.core.test_editorial_profile_registry" name="test_activation_requires_matching_evidence_and_updates_registry" time="0.048" /><testcase classname="tests.core.test_editorial_profile_registry" name="test_activation_rejects_obsolete_functional_source_checksum" time="0.017" /><testcase classname="tests.core.test_editorial_profile_registry" name="test_activation_rejects_invented_functional_source" time="0.017" /><testcase classname="tests.core.test_editorial_profile_registry" name="test_activation_rejects_duplicate_or_inconsistent_lineage_sources" time="0.016" /><testcase classname="tests.core.test_editorial_profile_registry" name="test_invalid_approval_chain_is_recorded_without_mutating_profile_files" time="0.034" /><testcase classname="tests.core.test_editorial_profile_registry" name="test_pending_profile_state_can_be_registered_without_active_pointer" time="0.032" /><testcase classname="tests.core.test_editorial_profile_registry" name="test_lineage_single_identity_and_incompatible_checksum_fails" time="0.004" /><testcase classname="tests.core.test_editorial_profile_registry" name="test_active_profile_lineage_is_single_verifiable_identity" time="0.034" /><testcase classname="tests.core.test_editorial_profile_registry" name="test_b3_lineage_reconciles_registry_corpus_and_physical_source" time="0.016" /><testcase classname="tests.core.test_editorial_profile_registry" name="test_b3_lineage_rejects_manifest_checksum_used_as_source_checksum" time="0.056" /><testcase classname="tests.core.test_editorial_profile_registry" name="test_b3_lineage_rejects_cross_registry_identity_mismatch" time="0.054" /><testcase classname="tests.core.test_engineering_skills" name="test_engineering_skills_are_discoverable_outside_product_catalog" time="0.045" /><testcase classname="tests.core.test_engineering_skills" name="test_general_capabilities_have_an_explicit_non_product_seat" time="0.008" /><testcase classname="tests.core.test_engineering_skills" name="test_engineering_skill_references_are_local_and_existing" time="0.013" /><testcase classname="tests.core.test_engineering_skills" name="test_minimal_use_preparation_and_traceability_on_project_context" time="0.006" /><testcase classname="tests.core.test_execution_preflight_context_lineage" name="test_preflight_binds_reduced_mission_lineage_into_context_manifest" time="0.013" /><testcase classname="tests.core.test_execution_preflight_context_lineage" name="test_preflight_loads_only_matching_reduced_mission_contract" time="0.017" /><testcase classname="tests.core.test_final_script_review" name="test_final_script_review_binds_exact_script_and_keeps_sensors_non_normative" time="0.034" /><testcase classname="tests.core.test_final_script_review" name="test_final_script_review_requires_exact_identity" time="0.003" /><testcase classname="tests.core.test_final_script_review" name="test_final_script_review_rejects_stale_profile_and_incompatible_actor" time="0.031" /><testcase classname="tests.core.test_gate_result.TestGateResultModule" name="test_contradiction_raises_error" time="0.007" /><testcase classname="tests.core.test_gate_result.TestGateResultModule" name="test_gate_result_exit_code_mapping" time="0.003" /><testcase classname="tests.core.test_gate_result.TestGateResultModule" name="test_gate_result_pass_exit_code" time="0.006" /><testcase classname="tests.core.test_gate_result.TestGateResultModule" name="test_unknown_status_raises_error" time="0.008" /><testcase classname="tests.core.test_hardening_completion_generator" name="test_completion_review_has_common_envelope_and_deterministic_identity" time="2.834" /><testcase classname="tests.core.test_hardening_completion_generator" name="test_completion_review_detects_stale_source" time="0.035" /><testcase classname="tests.core.test_hardening_completion_generator" name="test_empty_or_incomplete_report_is_never_fresh" time="0.032" /><testcase classname="tests.core.test_hardening_completion_generator" name="test_missing_source_or_bad_checksum_is_never_fresh" time="0.046" /><testcase classname="tests.core.test_hardening_completion_generator" name="test_completion_review_cannot_hide_failed_cross_registry_report" time="2.968" /><testcase classname="tests.core.test_hardening_completion_generator" name="test_th05_freshness_requires_and_tracks_material_generator" time="0.048" /><testcase classname="tests.core.test_hardening_completion_generator" name="test_plan_005_missing_schema_is_unverifiable_not_exception" time="0.021" /><testcase classname="tests.core.test_hardening_completion_review" name="test_completion_review_does_not_convert_pending_external_review_to_pass" time="0.005" /><testcase classname="tests.core.test_initiative_registry" name="test_empty_registry_and_minimal_capture_are_valid" time="0.022" /><testcase classname="tests.core.test_initiative_registry" name="test_initiative_contract_rejects_unauthorized_or_incoherent_execution" time="0.098" /><testcase classname="tests.core.test_initiative_registry" name="test_init_001_is_a_valid_non_authorized_capture" time="0.019" /><testcase classname="tests.core.test_invalidation.TestInvalidationModule" name="test_approval_validity_by_checksum" time="0.005" /><testcase classname="tests.core.test_invalidation.TestInvalidationModule" name="test_candidate_learning_cannot_modify_profile" time="0.003" /><testcase classname="tests.core.test_invalidation.TestInvalidationModule" name="test_invalidation_record_logging" time="0.003" /><testcase classname="tests.core.test_invalidation.TestInvalidationModule" name="test_profile_change_classification_is_strict" time="0.003" /><testcase classname="tests.core.test_invalidation.TestInvalidationModule" name="test_recursive_invalidation_and_cycle_prevention" time="0.004" /><testcase classname="tests.core.test_invalidation.TestInvalidationModule" name="test_selective_invalidation_with_real_dependency_consumer" time="0.024" /><testcase classname="tests.core.test_material_decision_registry" name="test_real_registry_is_valid" time="0.166" /><testcase classname="tests.core.test_material_decision_registry" name="test_real_legacy_file_refs_resolve" time="0.136" /><testcase classname="tests.core.test_material_decision_registry" name="test_view_is_derived_from_registry" time="0.003" /><testcase classname="tests.core.test_material_decision_registry" name="test_gate_script_passes_on_real_registry" time="0.675" /><testcase classname="tests.core.test_material_decision_registry" name="test_valid_minimal_registry_is_valid" time="0.007" /><testcase classname="tests.core.test_material_decision_registry" name="test_valid_succession_chain_is_accepted" time="0.014" /><testcase classname="tests.core.test_material_decision_registry" name="test_duplicate_decision_id_is_violation" time="0.017" /><testcase classname="tests.core.test_material_decision_registry" name="test_successor_to_missing_id_is_violation" time="0.011" /><testcase classname="tests.core.test_material_decision_registry" name="test_self_reference_is_violation" time="0.020" /><testcase classname="tests.core.test_material_decision_registry" name="test_two_cycle_is_violation" time="0.009" /><testcase classname="tests.core.test_material_decision_registry" name="test_three_cycle_is_violation" time="0.006" /><testcase classname="tests.core.test_material_decision_registry" name="test_successor_historica_is_contradictory" time="0.005" /><testcase classname="tests.core.test_material_decision_registry" name="test_vigente_with_superseded_by_is_violation" time="0.008" /><testcase classname="tests.core.test_material_decision_registry" name="test_sustituida_without_superseded_by_is_violation" time="0.009" /><testcase classname="tests.core.test_material_decision_registry" name="test_historica_with_succession_is_violation" time="0.020" /><testcase classname="tests.core.test_material_decision_registry" name="test_invented_authority_is_rejected" time="0.019" /><testcase classname="tests.core.test_material_decision_registry" name="test_authority_vocabulary_matches_canonical_config" time="0.004" /><testcase classname="tests.core.test_material_decision_registry" name="test_missing_reason_is_violation" time="0.019" /><testcase classname="tests.core.test_material_decision_registry" name="test_missing_authority_is_violation" time="0.012" /><testcase classname="tests.core.test_material_decision_registry" name="test_missing_state_is_violation" time="0.016" /><testcase classname="tests.core.test_material_decision_registry" name="test_empty_evidence_is_rejected" time="0.014" /><testcase classname="tests.core.test_material_decision_registry" name="test_nonexistent_evidence_path_is_rejected" time="0.019" /><testcase classname="tests.core.test_material_decision_registry" name="test_nonexistent_consumer_is_rejected" time="0.031" /><testcase classname="tests.core.test_material_decision_registry" name="test_nonexistent_authority_successor_is_rejected" time="0.031" /><testcase classname="tests.core.test_material_decision_registry" name="test_absolute_external_reference_is_rejected" time="0.049" /><testcase classname="tests.core.test_material_decision_registry" name="test_absolute_external_evidence_is_rejected" time="0.052" /><testcase classname="tests.core.test_material_decision_registry" name="test_traversal_external_reference_is_rejected" time="0.053" /><testcase classname="tests.core.test_material_decision_registry" name="test_valid_internal_paths_remain_accepted" time="0.059" /><testcase classname="tests.core.test_material_decision_registry" name="test_external_consumer_is_rejected" time="0.070" /><testcase classname="tests.core.test_material_decision_registry" name="test_external_legacy_file_is_rejected" time="0.066" /><testcase classname="tests.core.test_material_decision_registry" name="test_external_authority_successor_is_rejected" time="0.074" /><testcase classname="tests.core.test_material_decision_registry" name="test_legacy_file_cannot_be_vigente" time="0.013" /><testcase classname="tests.core.test_material_decision_registry" name="test_derived_view_cannot_be_evidence" time="0.010" /><testcase classname="tests.core.test_material_decision_registry" name="test_real_registry_has_no_derived_view_evidence" time="0.005" /><testcase classname="tests.core.test_material_decision_registry" name="test_external_symlink_is_rejected_when_supported" time="0.049"><skipped type="pytest.skip" message="el entorno no permite crear symlinks">C:\Mis Documentos\Proyectos_Wds\proyecto_youtube\tests\core\test_material_decision_registry.py:361: el entorno no permite crear symlinks</skipped></testcase><testcase classname="tests.core.test_material_decision_registry" name="test_executable_legacy_is_rejected" time="0.028" /><testcase classname="tests.core.test_material_decision_registry" name="test_duplicate_file_path_is_violation" time="0.017" /><testcase classname="tests.core.test_material_decision_registry" name="test_legacy_file_with_missing_decision_is_violation" time="0.014" /><testcase classname="tests.core.test_material_decision_registry" name="test_duplicate_vigente_for_subject_is_violation" time="0.018" /><testcase classname="tests.core.test_material_decision_registry" name="test_view_includes_duplicacion_material" time="0.003" /><testcase classname="tests.core.test_material_decision_registry" name="test_view_divergence_is_detected" time="0.008" /><testcase classname="tests.core.test_material_decision_registry" name="test_supersedes_field_is_no_longer_used" time="0.003" /><testcase classname="tests.core.test_mission_convergence" name="test_loop_repairs_deterministic_and_adversarial_failures_until_converged" time="0.004" /><testcase classname="tests.core.test_mission_convergence" name="test_failed_implementation_never_converges_without_repair_evidence" time="0.004" /><testcase classname="tests.core.test_mission_convergence" name="test_failed_implementation_cannot_converge_after_declared_repair" time="0.003" /><testcase classname="tests.core.test_mission_convergence" name="test_boolean_or_evidence_free_pass_cannot_converge_in_governed_mode" time="0.003" /><testcase classname="tests.core.test_mission_convergence" name="test_legacy_boolean_helpers_remain_available_only_when_explicit" time="0.003" /><testcase classname="tests.core.test_mission_convergence" name="test_iterations_exhausted_preserves_history_and_escalates_when_required" time="0.004" /><testcase classname="tests.core.test_mission_convergence" name="test_sensitive_change_always_escalates_to_independent_review" time="0.003" /><testcase classname="tests.core.test_mission_convergence" name="test_reduced_mission_contract_requires_useful_structured_minimum" time="0.028" /><testcase classname="tests.core.test_mutation_baseline" name="test_base_probe_runs_against_the_isolated_base_module" time="0.339" /><testcase classname="tests.core.test_mutation_baseline" name="test_real_security_mutation_is_killed_only_after_valid_baseline" time="0.721" /><testcase classname="tests.core.test_mutation_baseline" name="test_undetected_mutation_is_a_survivor_not_a_kill" time="0.776" /><testcase classname="tests.core.test_mutation_baseline" name="test_equivalent_mutant_is_not_counted_as_a_weakness" time="0.748" /><testcase classname="tests.core.test_mutation_baseline" name="test_infrastructure_failure_is_never_counted_as_killed" time="3.047" /><testcase classname="tests.core.test_mutation_baseline" name="test_report_counts_are_reproducible_and_derived_from_records" time="6.516" /><testcase classname="tests.core.test_mutation_baseline" name="test_probe_timeout_is_infrastructure_error" time="0.026" /><testcase classname="tests.core.test_plan007_p2_contracts" name="test_topic_first_entry_allows_missing_work_but_pre_b5_i1_approval_requires_door" time="0.045" /><testcase classname="tests.core.test_plan007_p2_contracts" name="test_topic_first_requires_research_evidence_before_pre_b5_i1_approval" time="0.042" /><testcase classname="tests.core.test_plan007_p2_contracts" name="test_topic_first_research_enrichment_preserves_mode_and_can_cross_pre_b5_i1" time="0.060" /><testcase classname="tests.core.test_plan007_p2_contracts" name="test_topic_first_less_than_five_candidates_requires_approved_exception" time="0.078" /><testcase classname="tests.core.test_plan007_p2_contracts" name="test_topic_first_refs_without_materialized_research_cannot_approve" time="0.047" /><testcase classname="tests.core.test_plan007_p2_contracts" name="test_work_research_dossier_is_progressive_before_review" time="0.030" /><testcase classname="tests.core.test_plan007_p2_contracts" name="test_claims_ledger_requires_non_empty_unique_ids_and_text" time="0.011" /><testcase classname="tests.core.test_plan012_m2_contracts" name="test_research_plan_is_explicit_and_has_no_silent_three_work_default" time="0.025" /><testcase classname="tests.core.test_plan012_m2_contracts" name="test_research_plan_uses_claim_specific_evidence_dimensions_without_universal_taxonomy" time="0.013" /><testcase classname="tests.core.test_plan012_m2_contracts" name="test_intake_keeps_research_role_and_editorial_intent_separate" time="0.010" /><testcase classname="tests.core.test_plan012_m2_contracts" name="test_pre_research_planning_builds_separate_context_and_source_access" time="0.074" /><testcase classname="tests.core.test_plan012_m2_contracts" name="test_intended_use_resolution_preserves_precedence_origin_and_ambiguity" time="0.003" /><testcase classname="tests.core.test_plan012_m2_contracts" name="test_intended_use_resolution_is_persisted_in_pre_research_brief" time="0.035" /><testcase classname="tests.core.test_plan012_m2_contracts" name="test_pre_research_topic_only_preserves_owner_authority_without_inventing_work[OWNER_DECIDES]" time="0.036" /><testcase classname="tests.core.test_plan012_m2_contracts" name="test_pre_research_topic_only_preserves_owner_authority_without_inventing_work[DELEGATED_TO_RESEARCH]" time="0.033" /><testcase classname="tests.core.test_plan012_m2_contracts" name="test_pre_research_channel_context_projects_canonical_audience_hypotheses" time="0.067" /><testcase classname="tests.core.test_plan012_m2_contracts" name="test_owner_material_is_snapshotted_checksum_bound_and_exposed_in_source_access" time="0.181" /><testcase classname="tests.core.test_plan012_m2_contracts" name="test_b1_registry_and_prompt_remain_non_executable_and_pre_b2" time="0.008" /><testcase classname="tests.core.test_plan012_m2_contracts" name="test_research_planning_role_requires_all_pre_research_inputs" time="0.010" /><testcase classname="tests.core.test_plan012_m2_contracts" name="test_research_prompt_1_1_is_a_superset_of_1_0" time="0.007" /><testcase classname="tests.core.test_plan012_m2_contracts" name="test_research_planning_binds_lightweight_proposal_to_canonical_plan" time="0.020" /><testcase classname="tests.core.test_plan012_m2_contracts" name="test_research_planning_productive_producer_binds_and_persists_with_injected_executor" time="0.149" /><testcase classname="tests.core.test_plan012_m2_contracts" name="test_claims_ledger_can_exist_before_script" time="0.015" /><testcase classname="tests.core.test_plan012_m2_contracts" name="test_research_pack_v2_separates_evidence_and_states" time="0.042" /><testcase classname="tests.core.test_plan012_m2_contracts" name="test_v2_positive_source_requires_and_accepts_real_acquisition_binding[research_pack]" time="0.041" /><testcase classname="tests.core.test_plan012_m2_contracts" name="test_v2_positive_source_requires_and_accepts_real_acquisition_binding[source_access_and_evidence_report]" time="0.051" /><testcase classname="tests.core.test_plan012_m2_contracts" name="test_v2_acquisition_binding_rejects_positive_evidence_without_real_recovery[mutation0]" time="0.045" /><testcase classname="tests.core.test_plan012_m2_contracts" name="test_v2_acquisition_binding_rejects_positive_evidence_without_real_recovery[mutation1]" time="0.050" /><testcase classname="tests.core.test_plan012_m2_contracts" name="test_v2_acquisition_binding_rejects_positive_evidence_without_real_recovery[mutation2]" time="0.050" /><testcase classname="tests.core.test_plan012_m2_contracts" name="test_research_ready_with_limitations_requires_downstream_restrictions" time="0.011" /><testcase classname="tests.core.test_plan012_m2_contracts" name="test_research_v2_does_not_require_narrative_curation_fields" time="0.010" /><testcase classname="tests.core.test_plan012_m3_b2_base_research" name="test_b2_deepening_targets_are_research_owned" time="0.402" /><testcase classname="tests.core.test_plan012_m3_b2_base_research" name="test_b2_rejects_comparison_without_cognitive_deepening_targets" time="0.352" /><testcase classname="tests.core.test_plan012_m3_b2_base_research" name="test_b2_accepts_targets_only_for_eligible_researched_works" time="0.472" /><testcase classname="tests.core.test_plan012_m3_b2_base_research" name="test_research_plan_is_required_before_any_cognitive_step" time="0.018" /><testcase classname="tests.core.test_plan012_m3_b2_base_research" name="test_no_silent_work_count_and_dynamic_discovery_without_quota" time="0.296" /><testcase classname="tests.core.test_plan012_m3_b2_base_research" name="test_research_role_and_editorial_intent_remain_separate" time="0.003" /><testcase classname="tests.core.test_plan012_m3_b2_base_research" name="test_hypothesis_cannot_be_promoted_to_provisional_thesis" time="0.311" /><testcase classname="tests.core.test_plan012_m3_b2_base_research" name="test_base_research_pool_is_heuristic_not_a_minimum_quota" time="0.359" /><testcase classname="tests.core.test_plan012_m3_b2_base_research" name="test_base_research_pool_accepts_subset_and_preserves_filtered_discovery" time="0.470" /><testcase classname="tests.core.test_plan012_m3_b2_base_research" name="test_preliminary_fidelity_preserves_explicit_risks" time="0.439" /><testcase classname="tests.core.test_plan012_m3_b2_base_research" name="test_fail_closed_evidence_is_reused_from_m2" time="0.054" /><testcase classname="tests.core.test_plan012_m3_b2_base_research" name="test_software_ai_software_boundary_and_persistence_order" time="0.586" /><testcase classname="tests.core.test_plan012_m3_b2_base_research" name="test_b2_rejects_preinjected_evidence_report" time="0.020" /><testcase classname="tests.core.test_plan012_m3_b2_base_research" name="test_research_outputs_do_not_make_narrative_decisions" time="0.124" /><testcase classname="tests.core.test_plan012_m3_b2_base_research" name="test_m2_compatible_dossier_shape_passes_existing_validator" time="0.011" /><testcase classname="tests.core.test_plan012_m3_b2_base_research" name="test_initial_sufficiency_reuses_research_stop_and_blocks_invalid_status" time="0.262" /><testcase classname="tests.core.test_plan012_m3_b2_base_research" name="test_provisional_thesis_is_allowed_only_after_valid_sufficiency" time="0.356" /><testcase classname="tests.core.test_plan012_m3_b2_base_research" name="test_research_comparison_is_investigative_and_not_narrative" time="0.853" /><testcase classname="tests.core.test_plan012_m3_b2_base_research" name="test_no_progress_guard_detects_repetition_cycle_and_iteration_limit" time="0.004" /><testcase classname="tests.core.test_plan012_m3_b2_base_research" name="test_acquisition_metadata_is_materialized_by_software" time="0.379" /><testcase classname="tests.core.test_plan012_m3_b2_base_research" name="test_cognitive_output_cannot_claim_acquisition_binding" time="0.081" /><testcase classname="tests.core.test_plan012_m3_b2_base_research" name="test_software_projection_rejects_cognitive_identity_metadata" time="0.396" /><testcase classname="tests.core.test_plan012_m3_b2_base_research" name="test_work_locator_requires_software_acquisition_binding" time="0.182" /><testcase classname="tests.core.test_plan012_m3_b2_base_research" name="test_research_stop_must_bind_to_real_execution_scopes" time="0.577" /><testcase classname="tests.core.test_plan012_m3_b2_base_research" name="test_b2_thesis_projection_removes_legacy_editorial_fields[packaging_alignment]" time="0.390" /><testcase classname="tests.core.test_plan012_m3_b2_base_research" name="test_b2_thesis_projection_removes_legacy_editorial_fields[viewer_transformation]" time="0.363" /><testcase classname="tests.core.test_plan012_m3_b2_base_research" name="test_b2_prompt_and_skill_keep_research_out_of_narrative" time="0.008" /><testcase classname="tests.core.test_plan012_m3_b2_base_research" name="test_research_plan_binding_preserves_ids_relations_gaps_and_specialists" time="0.034" /><testcase classname="tests.core.test_plan012_m4_b3_deep_research" name="test_m4_runs_selection_deep_research_and_fidelity_without_m5" time="1.450" /><testcase classname="tests.core.test_plan012_m4_b3_deep_research" name="test_m4_mission_contract_is_loadable_by_runtime_model" time="0.029" /><testcase classname="tests.core.test_plan012_m4_b3_deep_research" name="test_m4_evidence_report_changes_when_deep_work_or_fidelity_changes" time="0.576" /><testcase classname="tests.core.test_plan012_m4_b3_deep_research" name="test_m4_stop_status_changes_deep_evidence_sufficiency" time="0.592" /><testcase classname="tests.core.test_plan012_m4_b3_deep_research" name="test_m4_preserves_explicit_risks_and_deep_limitations" time="1.305" /><testcase classname="tests.core.test_plan012_m4_b3_deep_research" name="test_m4_rejects_human_substitution_outside_candidate_set" time="0.633" /><testcase classname="tests.core.test_plan012_m4_b3_deep_research" name="test_m4_delegated_selection_is_scoped" time="1.460" /><testcase classname="tests.core.test_plan012_m4_b3_deep_research" name="test_m4_software_owns_invented_identity_and_timestamp" time="1.160" /><testcase classname="tests.core.test_plan012_m4_b3_deep_research" name="test_m4_requires_software_work_acquisition_binding" time="0.754" /><testcase classname="tests.core.test_plan012_m4_b3_deep_research" name="test_m4_binds_research_stop_to_real_deep_scopes" time="1.225" /><testcase classname="tests.core.test_plan012_m4_b3_deep_research" name="test_m4_requires_provisional_thesis_and_deepening_targets" time="1.850" /><testcase classname="tests.core.test_plan012_m4_b3_deep_research" name="test_m4_enforces_selection_policy_and_confirmed_target" time="1.466" /><testcase classname="tests.core.test_plan012_m4_b3_deep_research" name="test_m4_recommended_target_requires_explicit_acceptance_before_selection" time="0.584" /><testcase classname="tests.core.test_plan012_m4_b3_deep_research" name="test_m4_recommended_target_rejects_selection_without_quantity_resolution" time="0.670" /><testcase classname="tests.core.test_plan012_m4_b3_deep_research" name="test_m4_recommended_target_rejects_alternative_below_minimum" time="0.675" /><testcase classname="tests.core.test_plan012_m4_b3_deep_research" name="test_m4_not_declared_rejects_human_selection" time="0.652" /><testcase classname="tests.core.test_plan012_m4_b3_deep_research" name="test_m4_not_declared_rejects_delegated_selection" time="0.657" /><testcase classname="tests.core.test_plan012_m4_b3_deep_research" name="test_m4_explicit_target_modification_four_to_three_is_accepted" time="1.179" /><testcase classname="tests.core.test_plan012_m4_b3_deep_research" name="test_m4_rejects_invented_deep_evidence_reference" time="1.104" /><testcase classname="tests.core.test_plan012_m4_b3_deep_research" name="test_m4_rejects_technical_identifiers_as_deep_evidence_refs[W1]" time="0.778" /><testcase classname="tests.core.test_plan012_m4_b3_deep_research" name="test_m4_rejects_technical_identifiers_as_deep_evidence_refs[RP-FIXTURE]" time="0.752" /><testcase classname="tests.core.test_plan012_m4_b3_deep_research" name="test_m4_rejects_technical_identifiers_as_deep_evidence_refs[RP-FIXTURE:THESIS:PROVISIONAL]" time="0.801" /><testcase classname="tests.core.test_plan012_m4_b3_deep_research" name="test_m4_rejects_technical_identifiers_as_deep_evidence_refs[RP-FIXTURE:COMPARISON:INITIAL]" time="0.755" /><testcase classname="tests.core.test_plan012_m4_b3_deep_research" name="test_m4_rejects_invented_evidence_type_separation_reference" time="0.693" /><testcase classname="tests.core.test_plan012_m4_b3_deep_research" name="test_m4_rejects_invented_delegated_selection_evidence_reference" time="0.577" /><testcase classname="tests.core.test_plan012_m4_b3_deep_research" name="test_m4_rejects_technical_identifier_as_delegated_evidence_ref" time="0.872" /><testcase classname="tests.core.test_plan012_m4_b3_deep_research" name="test_m4_delegated_target_count_is_not_invented_by_software" time="0.641" /><testcase classname="tests.core.test_plan012_m4_b3_deep_research" name="test_m4_delegated_selection_is_cognitive_and_not_first_option" time="1.213" /><testcase classname="tests.core.test_plan012_m4_b3_deep_research" name="test_m4_rejects_deep_stop_using_b2_intended_use" time="0.772" /><testcase classname="tests.core.test_plan012_m4_b3_deep_research" name="test_m4_materializes_open_scope_and_post_deep_orthogonal_states" time="1.125" /><testcase classname="tests.core.test_plan012_m4_b3_deep_research" name="test_m4_rejects_invented_work_locator_and_keeps_dossier_identity_exact" time="0.798" /><testcase classname="tests.core.test_plan012_m4_b3_deep_research" name="test_m4_accepts_new_software_recovered_work_representation" time="1.599" /><testcase classname="tests.core.test_plan012_m4_b3_deep_research" name="test_m4_persists_deep_research_without_legacy_narrative_analysis" time="1.233" /><testcase classname="tests.core.test_plan012_m4_b3_deep_research" name="test_m4_deep_research_categories_are_adaptive[decisions-NOT_MATERIAL]" time="1.272" /><testcase classname="tests.core.test_plan012_m4_b3_deep_research" name="test_m4_deep_research_categories_are_adaptive[actions-NOT_MATERIAL]" time="1.236" /><testcase classname="tests.core.test_plan012_m4_b3_deep_research" name="test_m4_deep_research_categories_are_adaptive[interpretations-NOT_APPLICABLE]" time="1.222" /><testcase classname="tests.core.test_plan012_m4_b3_deep_research" name="test_m4_rejects_empty_deep_research_category_without_materiality_status" time="1.165" /><testcase classname="tests.core.test_plan012_m4_b3_deep_research" name="test_m4_rejects_selection_of_work_without_research_target" time="0.644" /><testcase classname="tests.core.test_plan012_m4_b3_deep_research" name="test_m4_instructions_define_delegated_selection_as_adaptive_set_optimization" time="0.006" /><testcase classname="tests.core.test_plan012_m4_b3_deep_research" name="test_m4_deep_output_preserves_provisional_thesis_linkage" time="1.212" /><testcase classname="tests.core.test_plan012_m4_b3_deep_research" name="test_m4_passes_b2_thesis_targets_and_risks_into_deep_cognition" time="1.207" /><testcase classname="tests.core.test_plan012_m4_b3_deep_research" name="test_m4_artifact_reference_prioritizes_exact_dossier_identity" time="0.004" /><testcase classname="tests.core.test_plan012_m5_b3_post_deep" name="test_m5_consumes_real_m4_outputs_and_keeps_m6_boundary" time="1.572" /><testcase classname="tests.core.test_plan012_m5_b3_post_deep" name="test_m5_evidence_report_derives_claim_sufficiency_comparison_and_thesis" time="1.016" /><testcase classname="tests.core.test_plan012_m5_b3_post_deep" name="test_m5_consolidates_domains_rivals_and_open_gap" time="1.431" /><testcase classname="tests.core.test_plan012_m5_b3_post_deep" name="test_m5_rejects_unknown_or_mixed_evidence[&lt;lambda&gt;-EVIDENCE_REF_UNRESOLVED]" time="1.232" /><testcase classname="tests.core.test_plan012_m5_b3_post_deep" name="test_m5_rejects_unknown_or_mixed_evidence[&lt;lambda&gt;-EVIDENCE_TYPES_MIXED0]" time="1.198" /><testcase classname="tests.core.test_plan012_m5_b3_post_deep" name="test_m5_rejects_unknown_or_mixed_evidence[&lt;lambda&gt;-EVIDENCE_TYPES_MIXED1]" time="1.478" /><testcase classname="tests.core.test_plan012_m5_b3_post_deep" name="test_m5_rejects_unknown_or_mixed_evidence[&lt;lambda&gt;-SUPPORTING_EVIDENCE_REQUIRED]" time="1.101" /><testcase classname="tests.core.test_plan012_m5_b3_post_deep" name="test_m5_rejects_unknown_or_mixed_evidence[&lt;lambda&gt;-SUPPORTING_EVIDENCE_NOT_IN_SOURCE_REFS]" time="1.281" /><testcase classname="tests.core.test_plan012_m5_b3_post_deep" name="test_m5_persists_owner_review_before_continuing_after_selection_change" time="1.902" /><testcase classname="tests.core.test_plan012_m5_b3_post_deep" name="test_m5_approved_material_change_returns_to_research_without_refined_thesis[REPLACE-affected_work_ids0]" time="1.499" /><testcase classname="tests.core.test_plan012_m5_b3_post_deep" name="test_m5_approved_material_change_returns_to_research_without_refined_thesis[ADD-affected_work_ids1]" time="1.599" /><testcase classname="tests.core.test_plan012_m5_b3_post_deep" name="test_m5_delegated_selection_does_not_convert_to_owner_request" time="1.549" /><testcase classname="tests.core.test_plan012_m5_b3_post_deep" name="test_m5_delegated_post_deep_decision_rejects_untrusted_output[&lt;lambda&gt;-EVIDENCE_REF_UNRESOLVED]" time="1.778" /><testcase classname="tests.core.test_plan012_m5_b3_post_deep" name="test_m5_delegated_post_deep_decision_rejects_untrusted_output[&lt;lambda&gt;-SCOPE_INVALID]" time="1.351" /><testcase classname="tests.core.test_plan012_m5_b3_post_deep" name="test_m5_delegated_post_deep_rejects_approved_work_outside_authorized_scope[ADD-affected_work_ids0]" time="1.315" /><testcase classname="tests.core.test_plan012_m5_b3_post_deep" name="test_m5_delegated_post_deep_rejects_approved_work_outside_authorized_scope[REPLACE-affected_work_ids1]" time="1.598" /><testcase classname="tests.core.test_plan012_m5_b3_post_deep" name="test_m5_delegated_post_deep_decision_applies_only_authorized_route[REDUCE-affected_work_ids0-resulting_work_ids0-READY_FOR_OWNER_REVIEW]" time="1.520" /><testcase classname="tests.core.test_plan012_m5_b3_post_deep" name="test_m5_delegated_post_deep_decision_applies_only_authorized_route[REMOVE-affected_work_ids1-resulting_work_ids1-READY_FOR_OWNER_REVIEW]" time="1.574" /><testcase classname="tests.core.test_plan012_m5_b3_post_deep" name="test_m5_accepts_canonical_preclaim_contradiction_bound_to_phenomenon" time="1.479" /><testcase classname="tests.core.test_plan012_m5_b3_post_deep" name="test_m5_links_preclaim_contradiction_to_claim_when_cognition_identifies_material_impact" time="1.795" /><testcase classname="tests.core.test_plan012_m5_b3_post_deep" name="test_m5_requires_explicit_post_deep_perspectives_and_overinterpretation_findings" time="2.652" /><testcase classname="tests.core.test_plan012_m5_b3_post_deep" name="test_m5_rejects_silent_selection_change_and_unsubstantiated_gap_closure" time="2.757" /><testcase classname="tests.core.test_plan012_m5_b3_post_deep" name="test_m5_thesis_preserves_provisional_lineage_without_audit_or_narrative" time="1.493" /><testcase classname="tests.core.test_plan012_m5_b3_post_deep" name="test_m5_rejects_modified_provisional_thesis_with_same_id" time="1.156" /><testcase classname="tests.core.test_plan012_m5_b3_post_deep" name="test_m5_rejects_m4_output_with_same_id_but_different_canonical_binding" time="1.360" /><testcase classname="tests.core.test_plan012_m5_b3_post_deep" name="test_m5_rejects_m4_work_evidence_reclassified_as_external_reality" time="1.349" /><testcase classname="tests.core.test_plan012_m5_b3_post_deep" name="test_m5_owner_approve_remove_reduce_updates_effective_selection[REMOVE-W2-expected_ids0]" time="1.484" /><testcase classname="tests.core.test_plan012_m5_b3_post_deep" name="test_m5_owner_approve_remove_reduce_updates_effective_selection[REDUCE-W3-expected_ids1]" time="1.463" /><testcase classname="tests.core.test_plan012_m5_b3_post_deep" name="test_m5_recovers_persisted_human_decision_before_manifest_update" time="1.879" /><testcase classname="tests.core.test_plan012_m5_b3_post_deep" name="test_m5_refined_thesis_rejects_uninvestigated_work_or_unverified_evidence[&lt;lambda&gt;-MATERIAL_CONTRIBUTION_WORK_INVALID]" time="1.319" /><testcase classname="tests.core.test_plan012_m5_b3_post_deep" name="test_m5_refined_thesis_rejects_uninvestigated_work_or_unverified_evidence[&lt;lambda&gt;-EVIDENCE_REF_UNRESOLVED]" time="1.427" /><testcase classname="tests.core.test_plan012_m5_b3_post_deep" name="test_m5_records_each_allowed_provisional_disposition[CONFIRMED]" time="1.725" /><testcase classname="tests.core.test_plan012_m5_b3_post_deep" name="test_m5_records_each_allowed_provisional_disposition[MODIFIED]" time="1.350" /><testcase classname="tests.core.test_plan012_m5_b3_post_deep" name="test_m5_records_each_allowed_provisional_disposition[REJECTED]" time="1.502" /><testcase classname="tests.core.test_plan012_m5_b3_post_deep" name="test_m5_records_each_allowed_provisional_disposition[LIMITED]" time="1.379" /><testcase classname="tests.core.test_plan012_m5_b3_post_deep" name="test_m5_prompt_carries_post_deep_cognitive_boundary" time="0.005" /><testcase classname="tests.core.test_plan012_m6_b4_research_ready" name="test_m6_emits_audit_manifest_and_gate_from_exact_m5_package" time="2.865" /><testcase classname="tests.core.test_plan012_m6_b4_research_ready" name="test_m6_requires_explicit_methodological_coverage" time="0.004" /><testcase classname="tests.core.test_plan012_m6_b4_research_ready" name="test_m6_requires_semantic_basis_for_each_finding" time="2.097" /><testcase classname="tests.core.test_plan012_m6_b4_research_ready" name="test_m6_limited_finding_requires_explicit_limitation" time="2.289" /><testcase classname="tests.core.test_plan012_m6_b4_research_ready" name="test_m6_valid_sufficient_package_reaches_research_ready" time="2.379" /><testcase classname="tests.core.test_plan012_m6_b4_research_ready" name="test_m6_blocked_claim_can_be_restricted_without_blocking_the_whole_package" time="1.944" /><testcase classname="tests.core.test_plan012_m6_b4_research_ready" name="test_m6_necessary_blocked_claim_remains_a_global_blocker" time="2.464" /><testcase classname="tests.core.test_plan012_m6_b4_research_ready" name="test_m6_material_claim_more_research_required_remains_a_global_blocker" time="2.001" /><testcase classname="tests.core.test_plan012_m6_b4_research_ready" name="test_m6_rejects_same_id_m5_output_with_different_checksum" time="1.339" /><testcase classname="tests.core.test_plan012_m6_b4_research_ready" name="test_m6_rejects_same_id_m5_output_with_different_binding_metadata[artifact_version]" time="0.808" /><testcase classname="tests.core.test_plan012_m6_b4_research_ready" name="test_m6_rejects_same_id_m5_output_with_different_binding_metadata[checksum]" time="0.424" /><testcase classname="tests.core.test_plan012_m6_b4_research_ready" name="test_m6_rejects_missing_material_m5_artifact" time="0.474" /><testcase classname="tests.core.test_plan012_m6_b4_research_ready" name="test_m6_fails_closed_when_dependency_is_invalidated" time="0.659" /><testcase classname="tests.core.test_plan012_m6_b4_research_ready" name="test_m6_fails_closed_when_material_payload_is_stale" time="0.455" /><testcase classname="tests.core.test_plan012_m6_b4_research_ready" name="test_m6_rejects_non_independent_actor_or_run" time="0.688" /><testcase classname="tests.core.test_plan012_m6_b4_research_ready" name="test_m6_rejects_caller_supplied_provenance_registry" time="0.934" /><testcase classname="tests.core.test_plan012_m6_b4_research_ready" name="test_m6_rejects_auditor_run_that_did_not_produce_current_audit" time="1.081" /><testcase classname="tests.core.test_plan012_m6_b4_research_ready" name="test_m6_rejects_when_runtime_does_not_register_current_audit_output" time="2.456" /><testcase classname="tests.core.test_plan012_m6_b4_research_ready" name="test_m6_fails_closed_when_material_upstream_provenance_is_unknown" time="1.600" /><testcase classname="tests.core.test_plan012_m6_b4_research_ready" name="test_m6_rejects_m4_manifest_changed_after_m5_even_with_recalculated_checksum" time="1.780" /><testcase classname="tests.core.test_plan012_m6_b4_research_ready" name="test_m6_upstream_m4_more_research_required_blocks_ready" time="2.693" /><testcase classname="tests.core.test_plan012_m6_b4_research_ready" name="test_m6_rejects_source_report_from_other_episode_or_research" time="1.585" /><testcase classname="tests.core.test_plan012_m6_b4_research_ready" name="test_m6_rejects_same_real_executor_even_when_declared_provenance_differs" time="2.192" /><testcase classname="tests.core.test_plan012_m6_b4_research_ready" name="test_m6_rejects_same_real_executor_from_runtime_even_when_labels_differ" time="2.206" /><testcase classname="tests.core.test_plan012_m6_b4_research_ready" name="test_m6_context_repository_root_cannot_redirect_canonical_registry" time="2.283" /><testcase classname="tests.core.test_plan012_m6_b4_research_ready" name="test_m6_registry_run_binds_exact_audit_execution_output" time="2.432" /><testcase classname="tests.core.test_plan012_m6_b4_research_ready" name="test_m6_rejects_same_real_executor_under_changed_labels" time="2.119" /><testcase classname="tests.core.test_plan012_m6_b4_research_ready" name="test_m6_empty_audit_cannot_produce_research_ready" time="1.722" /><testcase classname="tests.core.test_plan012_m6_b4_research_ready" name="test_m6_preserves_approved_with_limits_deep_fidelity_restrictions" time="2.574" /><testcase classname="tests.core.test_plan012_m6_b4_research_ready" name="test_m6_research_ready_manifest_binds_full_material_chain" time="2.446" /><testcase classname="tests.core.test_plan012_m6_b4_research_ready" name="test_m6_auditor_receives_research_plan_fidelity_and_source_chain" time="2.290" /><testcase classname="tests.core.test_plan012_m6_b4_research_ready" name="test_m6_blocked_audit_produces_not_ready_manifest_and_blocked_gate" time="2.323" /><testcase classname="tests.core.test_plan012_m6_b4_research_ready" name="test_m6_cognitive_output_cannot_set_technical_identity_or_readiness" time="2.123" /><testcase classname="tests.core.test_plan012_m6_b4_research_ready" name="test_m6_preserves_limitations_and_has_no_narrative_or_b5_outputs" time="2.699" /><testcase classname="tests.core.test_plan012_m6_b4_research_ready" name="test_m6_keeps_human_selection_lineage_in_read_only_handoff" time="2.343" /><testcase classname="tests.core.test_plan012_m6_b4_research_ready" name="test_m6_gate_and_manifest_contracts_reject_invalid_shapes" time="0.013" /><testcase classname="tests.core.test_plan013_front_b_acquisition" name="test_front_b_materializes_search_fetch_verify_registry_neutrally" time="0.056" /><testcase classname="tests.core.test_plan013_front_b_acquisition" name="test_front_b_unavailable_is_fail_closed_without_fabricated_sources" time="0.038" /><testcase classname="tests.core.test_plan013_front_b_acquisition" name="test_front_b_unacquired_candidate_cannot_be_positive_evidence" time="0.016" /><testcase classname="tests.core.test_plan013_front_b_acquisition" name="test_front_b_positive_binding_requires_software_controlled" time="0.030" /><testcase classname="tests.core.test_plan013_front_b_acquisition" name="test_front_b_verify_failure_preserves_provenance_and_error" time="0.048" /><testcase classname="tests.core.test_plan_005_authority_reconciliation" name="test_workload_respects_convergence_owner_floor" time="0.005" /><testcase classname="tests.core.test_plan_005_authority_reconciliation" name="test_workload_escalated_above_floor_is_never_downgraded" time="0.005" /><testcase classname="tests.core.test_plan_005_authority_reconciliation" name="test_workload_cannot_silently_downgrade_convergence_floor" time="0.006" /><testcase classname="tests.core.test_plan_005_authority_reconciliation" name="test_workload_policy_origin_reconciled_with_default" time="0.008" /><testcase classname="tests.core.test_plan_005_authority_reconciliation" name="test_assert_no_review_downgrade_is_canonical_reconciliation_guard" time="0.004" /><testcase classname="tests.core.test_plan_005_authority_reconciliation" name="test_route_reconciliation_bounds_resolved_provider" time="0.003" /><testcase classname="tests.core.test_plan_005_authority_reconciliation" name="test_route_reconciliation_blocks_unknown_provider_fail_closed" time="0.003" /><testcase classname="tests.core.test_plan_005_authority_reconciliation" name="test_route_reconciliation_blocks_provider_outside_candidate_set" time="0.003" /><testcase classname="tests.core.test_plan_005_authority_reconciliation" name="test_route_reconciliation_requires_authorized_candidate_set" time="0.004" /><testcase classname="tests.core.test_plan_005_authority_reconciliation" name="test_route_reconciliation_rejects_profile_outside_candidate_set" time="0.003" /><testcase classname="tests.core.test_plan_005_authority_reconciliation" name="test_route_reconciliation_consistent_with_policy_decision" time="0.006" /><testcase classname="tests.core.test_plan_005_invariants" name="test_delegate_without_authorization_is_fail_closed" time="0.004" /><testcase classname="tests.core.test_plan_005_invariants" name="test_delegate_without_parent_candidate_set_is_fail_closed" time="0.003" /><testcase classname="tests.core.test_plan_005_invariants" name="test_inline_or_escalate_do_not_require_delegation_authorization" time="0.003" /><testcase classname="tests.core.test_plan_005_invariants" name="test_child_scope_wider_than_parent_blocks" time="0.004" /><testcase classname="tests.core.test_plan_005_invariants" name="test_child_context_refs_outside_parent_blocks" time="0.003" /><testcase classname="tests.core.test_plan_005_invariants" name="test_child_operation_outside_parent_blocks" time="0.002" /><testcase classname="tests.core.test_plan_005_invariants" name="test_child_capability_and_role_outside_parent_block" time="0.002" /><testcase classname="tests.core.test_plan_005_invariants" name="test_child_depth_exceeding_parent_blocks" time="0.004" /><testcase classname="tests.core.test_plan_005_invariants" name="test_child_within_parent_authority_holds" time="0.004" /><testcase classname="tests.core.test_plan_005_invariants" name="test_owner_review_cannot_become_self_only" time="0.004" /><testcase classname="tests.core.test_plan_005_invariants" name="test_independent_review_cannot_become_self_only" time="0.003" /><testcase classname="tests.core.test_plan_005_invariants" name="test_owner_review_downgrade_to_internal_is_blocked" time="0.003" /><testcase classname="tests.core.test_plan_005_invariants" name="test_review_levels_are_canonical" time="0.004" /><testcase classname="tests.core.test_plan_005_invariants" name="test_review_origin_is_provenance_not_level" time="0.003" /><testcase classname="tests.core.test_plan_005_invariants" name="test_internal_review_is_provenance_with_canonical_level" time="0.003" /><testcase classname="tests.core.test_plan_005_invariants" name="test_applied_skill_without_canonical_ref_blocks" time="0.004" /><testcase classname="tests.core.test_plan_005_invariants" name="test_applied_skill_with_wrong_checksum_or_missing_evidence_blocks" time="0.004" /><testcase classname="tests.core.test_plan_005_invariants" name="test_applied_skill_with_full_provenance_holds" time="0.002" /><testcase classname="tests.core.test_plan_005_invariants" name="test_stale_recovery_does_not_resume" time="0.003" /><testcase classname="tests.core.test_plan_005_invariants" name="test_blocked_recovery_topologies_are_safe" time="0.005" /><testcase classname="tests.core.test_plan_005_invariants" name="test_orphan_or_ambiguous_reservation_is_not_authorization" time="0.003" /><testcase classname="tests.core.test_plan_005_invariants" name="test_fresh_lease_resume_is_allowed" time="0.004" /><testcase classname="tests.core.test_plan_005_invariants" name="test_same_reservation_lease_without_recovery_status_blocks" time="0.003" /><testcase classname="tests.core.test_plan_005_invariants" name="test_parent_run_equals_child_run_blocks" time="0.004" /><testcase classname="tests.core.test_plan_005_invariants" name="test_manifest_run_mismatches_child_run_blocks" time="0.005" /><testcase classname="tests.core.test_plan_005_invariants" name="test_inherited_conversation_history_blocks" time="0.003" /><testcase classname="tests.core.test_plan_005_invariants" name="test_fresh_child_manifest_holds" time="0.002" /><testcase classname="tests.core.test_plan_005_invariants" name="test_pass_without_evidence_refs_is_invalid" time="0.003" /><testcase classname="tests.core.test_plan_005_invariants" name="test_pass_with_empty_evidence_ref_is_invalid" time="0.003" /><testcase classname="tests.core.test_plan_005_invariants" name="test_pass_with_real_evidence_refs_holds" time="0.002" /><testcase classname="tests.core.test_plan_005_invariants" name="test_non_pass_results_do_not_require_evidence" time="0.003" /><testcase classname="tests.core.test_plan_005_invariants" name="test_demo_with_promotion_flags_is_blocked" time="0.003" /><testcase classname="tests.core.test_plan_005_invariants" name="test_controlled_demo_without_promotion_holds" time="0.004" /><testcase classname="tests.core.test_plan_005_invariants" name="test_route_outside_authorized_candidate_set_blocks" time="0.004" /><testcase classname="tests.core.test_plan_005_invariants" name="test_route_selected_without_profile_blocks" time="0.002" /><testcase classname="tests.core.test_plan_005_invariants" name="test_route_within_candidate_set_holds" time="0.003" /><testcase classname="tests.core.test_plan_005_invariants" name="test_recommend_or_blocked_do_not_select" time="0.005" /><testcase classname="tests.core.test_plan_005_invariants" name="test_increment_pass_does_not_authorize_next" time="0.003" /><testcase classname="tests.core.test_plan_005_invariants" name="test_increment_pass_without_next_authorization_holds" time="0.003" /><testcase classname="tests.core.test_plan_005_invariants" name="test_unknown_invariant_is_fail_closed" time="0.003" /><testcase classname="tests.core.test_plan_005_real_consumer_integration" name="test_real_runtime_blocks_route_outside_authorized_candidate_set" time="0.101" /><testcase classname="tests.core.test_plan_005_real_consumer_integration" name="test_real_runtime_blocks_profile_outside_authorized_set" time="0.131" /><testcase classname="tests.core.test_plan_005_real_consumer_integration" name="test_real_runtime_rejects_unknown_provider_fail_closed" time="0.100" /><testcase classname="tests.core.test_plan_005_real_consumer_integration" name="test_real_runtime_requires_authorized_candidate_set_when_governed" time="0.066" /><testcase classname="tests.core.test_plan_005_real_consumer_integration" name="test_ready_not_authorized_without_authorization_path_is_blocked_by_execute" time="0.050" /><testcase classname="tests.core.test_plan_005_real_consumer_integration" name="test_non_executable_capability_without_authorization_is_blocked_by_execute[NON_EXECUTABLE_CURRENT]" time="0.060" /><testcase classname="tests.core.test_plan_005_real_consumer_integration" name="test_non_executable_capability_without_author
[...]
"test_initial_claim_disappearing_without_disposition_is_rejected" time="0.028" /><testcase classname="tests.core.test_r1_m9" name="test_initial_claim_can_be_explicitly_not_assessed" time="0.029" /><testcase classname="tests.core.test_r1_m9" name="test_not_assessed_requires_reason" time="0.029" /><testcase classname="tests.core.test_r1_m9" name="test_no_longer_relevant_requires_justification" time="0.027" /><testcase classname="tests.core.test_r1_m9" name="test_final_affected_claim_requires_exactly_one_assessment" time="0.025" /><testcase classname="tests.core.test_r1_m9" name="test_duplicate_assessments_are_rejected" time="0.029" /><testcase classname="tests.core.test_r1_m9" name="test_not_supported_cannot_replace_not_assessed" time="0.027" /><testcase classname="tests.core.test_r1_m9" name="test_new_claim_within_scope_keeps_discovery_lineage" time="0.032" /><testcase classname="tests.core.test_r1_m9" name="test_new_claim_without_discovery_trace_is_rejected" time="0.026" /><testcase classname="tests.core.test_r1_m9" name="test_new_claim_requires_activation_relationship" time="0.036" /><testcase classname="tests.core.test_r1_m9" name="test_new_claim_requires_originating_evidence" time="0.032" /><testcase classname="tests.core.test_r1_m9" name="test_material_mission_change_requires_activation_reassessment" time="0.026" /><testcase classname="tests.core.test_r1_m9" name="test_material_mission_change_can_be_explicitly_reassessed" time="0.024" /><testcase classname="tests.core.test_r1_m9" name="test_same_mission_explicitly_remains_not_required" time="0.025" /><testcase classname="tests.core.test_r1_m9" name="test_non_material_reformulation_within_scope_passes" time="0.025" /><testcase classname="tests.core.test_r1_m9" name="test_material_question_change_without_new_claim_can_require_reassessment" time="0.031" /><testcase classname="tests.core.test_r1_m9" name="test_material_specialty_scope_and_object_changes_require_reassessment" time="0.072" /><testcase classname="tests.core.test_r1_m9" name="test_material_specialty_change_is_valid_when_explicitly_reassessed" time="0.026" /><testcase classname="tests.core.test_r1_m9" name="test_specialty_change_cannot_be_within_original_mission" time="0.024" /><testcase classname="tests.core.test_r1_m9" name="test_specialty_change_requires_specialty_dimension" time="0.025" /><testcase classname="tests.core.test_r1_m9" name="test_specialty_change_cannot_remain_not_required" time="0.032" /><testcase classname="tests.core.test_r1_m9" name="test_not_assessed_blocked_by_prerequisite_allows_no_evidence_refs" time="0.029" /><testcase classname="tests.core.test_r1_m9" name="test_not_assessed_insufficient_evidence_allows_no_evidence_refs" time="0.022" /><testcase classname="tests.core.test_r1_m9" name="test_not_assessed_unknown_declared_evidence_is_rejected" time="0.022" /><testcase classname="tests.core.test_r1_m9" name="test_material_change_hidden_by_not_required_is_rejected" time="0.025" /><testcase classname="tests.core.test_r1_m9" name="test_required_without_material_change_or_discovery_is_rejected" time="0.028" /><testcase classname="tests.core.test_r1_m9" name="test_text_difference_does_not_infer_materiality" time="0.261" /><testcase classname="tests.core.test_r1_m9" name="test_activation_original_is_preserved" time="0.024" /><testcase classname="tests.core.test_r1_m9" name="test_initial_unknown_claim_remains_rejected" time="0.021" /><testcase classname="tests.core.test_r1_m9" name="test_duplicate_json_members_are_rejected_before_schema_validation" time="0.003" /><testcase classname="tests.core.test_r1_m9" name="test_contribution_evidence_must_be_declared_by_contribution" time="0.028" /><testcase classname="tests.core.test_r1_m9" name="test_specialist_identity_ids_are_unique_within_research_pack" time="0.033" /><testcase classname="tests.core.test_repair_integrity" name="test_valid_repair_passes_and_gate_is_green" time="0.113" /><testcase classname="tests.core.test_repair_integrity" name="test_repair_cannot_be_shallower_than_root_cause" time="0.090" /><testcase classname="tests.core.test_repair_integrity" name="test_policy_change_requires_governance_review" time="0.089" /><testcase classname="tests.core.test_repair_integrity" name="test_policy_change_can_resume_with_verified_authority_resolution" time="0.582" /><testcase classname="tests.core.test_repair_integrity" name="test_unhandled_downstream_is_rejected" time="0.070" /><testcase classname="tests.core.test_repair_integrity" name="test_not_required_does_not_satisfy_downstream_obligation" time="0.093" /><testcase classname="tests.core.test_repair_integrity" name="test_detector_change_requires_regression" time="0.094" /><testcase classname="tests.core.test_repair_integrity" name="test_fake_provenance_origin_and_evidence_are_rejected" time="0.094" /><testcase classname="tests.core.test_repair_integrity" name="test_self_review_and_same_run_are_blocked" time="0.079" /><testcase classname="tests.core.test_repair_integrity" name="test_compensating_patch_requires_evidence_and_review" time="0.086" /><testcase classname="tests.core.test_repair_integrity" name="test_known_downstream_dependency_cannot_be_omitted" time="0.094" /><testcase classname="tests.core.test_repair_integrity" name="test_canonical_downstream_resolution_includes_transitive_dependents" time="0.133" /><testcase classname="tests.core.test_repair_integrity" name="test_gate_blocks_unknown_downstream_knowledge" time="0.072" /><testcase classname="tests.core.test_repair_integrity" name="test_repair_evidence_cannot_select_fake_provenance_registry" time="0.058" /><testcase classname="tests.core.test_repair_integrity" name="test_reviewer_output_mutation_is_derived_from_provenance" time="0.093" /><testcase classname="tests.core.test_repair_integrity" name="test_reviewer_without_modification_manifest_cannot_close" time="0.103" /><testcase classname="tests.core.test_repair_integrity" name="test_capability_must_match_repair_run_when_provenance_registers_it" time="0.112" /><testcase classname="tests.core.test_repair_integrity" name="test_artifact_version_must_match_declared_canonical_version" time="0.100" /><testcase classname="tests.core.test_repair_integrity" name="test_sensitive_detector_regression_ref_requires_resolvable_structured_reference" time="0.137" /><testcase classname="tests.core.test_repair_integrity" name="test_l5_authority_must_be_recognized_structured_authority" time="0.115" /><testcase classname="tests.core.test_repair_integrity" name="test_th02_regression_fixture_is_real_guard_coverage" time="6.612" /><testcase classname="tests.core.test_repair_integrity" name="test_cosmetic_repair_that_does_not_change_origin_is_blocked" time="0.121" /><testcase classname="tests.core.test_repair_integrity" name="test_repair_without_real_diff_is_unverifiable" time="0.118" /><testcase classname="tests.core.test_repair_integrity" name="test_repair_changing_unrelated_artifact_is_not_the_origin" time="0.145" /><testcase classname="tests.core.test_research_audit" name="test_independent_audit_accepts_distinct_actor_and_run" time="0.013" /><testcase classname="tests.core.test_research_audit" name="test_same_producer_and_auditor_cannot_be_independent" time="0.011" /><testcase classname="tests.core.test_research_audit" name="test_detected_defect_routes_to_origin_without_mutating_producer_output" time="0.016" /><testcase classname="tests.core.test_research_audit" name="test_defect_without_origin_route_fails_closed" time="0.011" /><testcase classname="tests.core.test_research_audit" name="test_each_defect_requires_its_own_route_even_with_same_origin" time="0.007" /><testcase classname="tests.core.test_research_audit" name="test_pass_with_pending_findings_or_defects_fails_closed" time="0.024" /><testcase classname="tests.core.test_research_audit" name="test_multiple_producer_runs_follow_canonical_b5_pattern" time="0.010" /><testcase classname="tests.core.test_research_audit" name="test_multiple_producer_auditor_sharing_a_producer_run_is_rejected" time="0.009" /><testcase classname="tests.core.test_research_audit" name="test_declared_single_producer_must_match_all_audited_artifacts" time="0.010" /><testcase classname="tests.core.test_research_audit" name="test_duplicate_defect_id_fails_closed" time="0.009" /><testcase classname="tests.core.test_research_audit" name="test_duplicate_correction_route_defect_id_fails_closed" time="0.009" /><testcase classname="tests.core.test_runtime_contamination_guard" name="test_local_absolute_path_allowed_but_team_reference_in_same_file_fails" time="0.043" /><testcase classname="tests.core.test_runtime_contamination_guard" name="test_local_absolute_path_alone_is_allowed" time="0.037" /><testcase classname="tests.core.test_runtime_contamination_guard" name="test_active_surface_cannot_be_reclassified_as_historical_by_marker_text" time="0.045" /><testcase classname="tests.core.test_runtime_contamination_guard" name="test_active_plan_surface_team_marker_is_not_hidden_by_coordination_allowlist" time="0.060" /><testcase classname="tests.core.test_runtime_contamination_guard" name="test_overlapping_roots_scan_each_file_only_once" time="0.066" /><testcase classname="tests.core.test_runtime_contamination_guard" name="test_default_mode_scans_scanner_reports_but_hides_only_nonblocking_historical_details" time="7.526" /><testcase classname="tests.core.test_runtime_contamination_guard" name="test_cli_finishes_quickly_on_realistic_repository_copy" time="1.087" /><testcase classname="tests.core.test_runtime_contamination_guard" name="test_historical_plan_reference_still_blocks_team_markers" time="0.082" /><testcase classname="tests.core.test_runtime_contamination_guard" name="test_historical_team_variants_and_obsolete_locator_block" time="0.058" /><testcase classname="tests.core.test_runtime_contamination_guard" name="test_optional_executor_catalog_is_visible_but_non_blocking" time="0.062" /><testcase classname="tests.core.test_runtime_contamination_guard" name="test_optional_adapter_surfaces_and_negative_assertions_are_non_blocking" time="0.081" /><testcase classname="tests.core.test_runtime_contamination_guard" name="test_negative_provider_regex_is_non_blocking" time="0.047" /><testcase classname="tests.core.test_runtime_contamination_guard" name="test_live_authority_catches_suffixed_human_team_identifier" time="0.040" /><testcase classname="tests.core.test_status.TestStatusModule" name="test_approver_identity_validation" time="0.004" /><testcase classname="tests.core.test_status.TestStatusModule" name="test_status_transitions" time="0.005" /><testcase classname="tests.core.test_status.TestStatusModule" name="test_valid_artifact_status" time="0.004" /><testcase classname="tests.core.test_status.TestStatusModule" name="test_valid_gate_status" time="0.005" /><testcase classname="tests.core.test_text_integrity" name="test_active_surfaces_have_no_text_integrity_residues" time="1.362" /><testcase classname="tests.core.test_th03_operational_demo" name="test_th03_operational_flow_and_real_attacks" time="3.539" /><testcase classname="tests.core.test_transversal_capability_governance" name="test_current_capability_registry_has_resolvable_authority_domains" time="0.306" /><testcase classname="tests.core.test_transversal_capability_governance" name="test_executable_capability_outside_registry_is_reported" time="0.018" /><testcase classname="tests.core.test_transversal_capability_governance" name="test_context_required_is_resolved_with_exact_bytes" time="0.027" /><testcase classname="tests.core.test_transversal_capability_governance" name="test_context_blocks_traversal_and_required_checksum_mismatch" time="0.019" /><testcase classname="tests.core.test_transversal_capability_governance" name="test_mission_authorization_binds_live_state_and_authority" time="0.061" /><testcase classname="tests.core.test_transversal_capability_governance" name="test_mission_authorization_rejects_none_as_inactive_current_mission" time="0.047" /><testcase classname="tests.core.test_transversal_capability_governance" name="test_mission_authorization_material_decision_binding_is_fail_closed" time="0.072" /><testcase classname="tests.core.test_transversal_capability_governance" name="test_mission_authorization_accepts_canonical_material_decision_binding" time="0.064" /><testcase classname="tests.core.test_transversal_capability_governance" name="test_mission_authorization_rejects_non_canonical_material_registry" time="0.059" /><testcase classname="tests.core.test_transversal_capability_governance" name="test_mission_authorization_rejects_material_authority_domain_mismatch" time="0.055" /><testcase classname="tests.core.test_transversal_capability_governance" name="test_mission_authorization_rejects_invalid_material_decision_variants" time="0.140" /><testcase classname="tests.core.test_transversal_capability_governance" name="test_mission_replay_reservation_is_single_use" time="0.025" /><testcase classname="tests.core.test_transversal_capability_governance" name="test_topic_first_no_work_is_valid_and_other_modes_block" time="0.021" /><testcase classname="tests.core.test_transversal_capability_governance" name="test_context_json_uses_separate_raw_and_canonical_checksums" time="0.035" /><testcase classname="tests.core.test_transversal_capability_governance" name="test_optional_context_failure_is_explicitly_recorded" time="0.024" /><testcase classname="tests.core.test_transversal_capability_governance" name="test_symlink_escape_is_blocked_when_platform_allows_symlinks" time="0.029"><skipped type="pytest.skip" message="symlink creation is unavailable in this environment">C:\Mis Documentos\Proyectos_Wds\proyecto_youtube\tests\core\test_transversal_capability_governance.py:373: symlink creation is unavailable in this environment</skipped></testcase><testcase classname="tests.core.test_transversal_capability_governance" name="test_compatible_executor_substitution_does_not_change_functional_authority" time="0.068" /><testcase classname="tests.core.test_transversal_capability_governance" name="test_replay_reservation_is_atomic_under_concurrency" time="0.099" /><testcase classname="tests.core.test_transversal_capability_governance" name="test_topic_modes_require_corpus_and_clarify_real_topic_first" time="0.025" /><testcase classname="tests.core.test_transversal_capability_governance" name="test_missing_entry_mode_is_rejected_by_canonical_schema" time="0.011" /><testcase classname="tests.core.test_transversal_capability_governance" name="test_topic_belonging_readiness_is_explicitly_authorized_by_m1" time="0.332" /><testcase classname="tests.core.test_transversal_capability_governance" name="test_portability_gate_preserves_operational_metadata_but_rejects_functional_binding" time="0.004" /><testcase classname="tests.core.test_transversal_capability_governance" name="test_semantic_artifacts_are_required_only_after_implementation" time="0.024" /><testcase classname="tests.core.test_transversal_capability_governance" name="test_deterministic_executability_does_not_require_semantic_artifacts" time="0.029" /><testcase classname="tests.core.test_version_manifest.TestVersionManifest" name="test_compute_checksum_deterministic" time="0.004" /><testcase classname="tests.core.test_version_manifest.TestVersionManifest" name="test_empty_version_rejected" time="0.005" /><testcase classname="tests.core.test_version_manifest.TestVersionManifest" name="test_version_registration_and_overwrite_prevention" time="0.004" /><testcase classname="tests.core.test_work_lifecycle" name="test_discovered_to_screened_is_valid" time="0.019" /><testcase classname="tests.core.test_work_lifecycle" name="test_screened_to_finalist_requires_dossier_reference" time="0.022" /><testcase classname="tests.core.test_work_lifecycle" name="test_finalist_to_final_selected_requires_curation_and_function" time="0.068" /><testcase classname="tests.core.test_work_lifecycle" name="test_finalist_promotion_is_valid_when_dossier_references_resolve" time="0.047" /><testcase classname="tests.core.test_work_lifecycle" name="test_final_selected_with_identified_dossier_fails_closed" time="0.060" /><testcase classname="tests.core.test_work_lifecycle" name="test_finalist_without_dossier_collection_fails_closed" time="0.027" /><testcase classname="tests.core.test_work_lifecycle" name="test_final_selected_dossier_identity_and_research_context_must_match" time="0.053" /><testcase classname="tests.core.test_work_lifecycle" name="test_promotional_jumps_fail_closed" time="0.025" /><testcase classname="tests.core.test_work_lifecycle" name="test_anchor_does_not_promote_without_transition" time="0.016" /><testcase classname="tests.core.test_work_lifecycle" name="test_transition_requires_reason_evidence_authority_and_version" time="0.023" /><testcase classname="tests.core.test_work_lifecycle" name="test_reopened_is_not_a_primary_state" time="0.015" /><testcase classname="tests.core.test_work_lifecycle" name="test_reopened_preserves_lineage_and_return_state" time="0.020" /><testcase classname="tests.core.test_work_lifecycle" name="test_derived_states_require_real_history" time="0.051" /><testcase classname="tests.core.test_work_lifecycle" name="test_reopened_to_discovered_cannot_hide_truncated_origin_history" time="0.022" /><testcase classname="tests.core.test_work_lifecycle" name="test_reopened_requires_existing_same_work_prior_transition" time="0.038" /><testcase classname="tests.core.test_work_lifecycle" name="test_reopened_must_reference_immediate_prior_transition_after_two_reopenings" time="0.028" /><testcase classname="tests.core.test_work_lifecycle" name="test_transition_ids_must_be_unique" time="0.023" /><testcase classname="tests.core.test_work_lifecycle" name="test_transition_authority_must_resolve_to_script_product_registry_entry" time="0.052" /><testcase classname="tests.core.test_work_lifecycle" name="test_transition_history_must_be_contiguous" time="0.019" /><testcase classname="tests.core.test_work_lifecycle" name="test_exclusion_and_invalidation_types_have_matching_targets" time="0.042" /><testcase classname="tests.core.test_work_lifecycle" name="test_stage_depth_is_progressive_and_structural" time="0.051" /><testcase classname="tests.core.test_work_lifecycle" name="test_critical_doubt_authorizes_focused_research_only" time="0.019" /><testcase classname="tests.core.test_work_lifecycle" name="test_resolved_critical_doubt_requires_evidence_and_return_route" time="0.038" /><testcase classname="tests.core.test_work_lifecycle" name="test_external_critical_doubt_routes_require_exact_trigger" time="0.081" /><testcase classname="tests.core.test_work_lifecycle" name="test_external_route_without_trigger_cannot_pass" time="0.028" /><testcase classname="tests.core.test_work_lifecycle" name="test_critical_doubt_return_route_must_match_outcome" time="0.019" /><testcase classname="tests.core.test_work_lifecycle" name="test_non_trigger_does_not_authorize_critical_doubt" time="0.017" /><testcase classname="tests.core.test_work_lifecycle" name="test_invalidated_doubt_cuts_authorization" time="0.016" /><testcase classname="tests.core.test_work_lifecycle" name="test_screening_normal_range_is_five_to_eight" time="0.027" /><testcase classname="tests.core.test_work_lifecycle" name="test_declared_set_cannot_be_not_applicable" time="0.013" /><testcase classname="tests.core.test_work_lifecycle" name="test_explicit_exception_consumes_existing_authority_reference" time="0.016" /><testcase classname="tests.core.test_work_lifecycle" name="test_implicit_exception_is_rejected" time="0.016" /><testcase classname="tests.core.test_work_lifecycle" name="test_three_to_five_substantive_final_works_pass_with_curation" time="0.044" /><testcase classname="tests.core.test_work_lifecycle" name="test_decorative_work_cannot_complete_final_minimum" time="0.040" /><testcase classname="tests.core.test_work_lifecycle" name="test_excluded_or_invalidated_work_cannot_reopen_directly_to_selected" time="24.164" /></testsuite></testsuites>