<?xml version="1.0" encoding="utf-8"?><testsuites name="pytest tests"><testsuite name="pytest" errors="0" failures="0" skipped="0" tests="356" time="48.495" timestamp="2026-08-12T16:15:27.743232+02:00" hostname="AlexSua"><testcase classname="tests.core.test_plan_005_invariants" name="test_delegate_without_authorization_is_fail_closed" time="0.006" /><testcase classname="tests.core.test_plan_005_invariants" name="test_delegate_without_parent_candidate_set_is_fail_closed" time="0.001" /><testcase classname="tests.core.test_plan_005_invariants" name="test_inline_or_escalate_do_not_require_delegation_authorization" time="0.001" /><testcase classname="tests.core.test_plan_005_invariants" name="test_child_scope_wider_than_parent_blocks" time="0.003" /><testcase classname="tests.core.test_plan_005_invariants" name="test_child_authority_without_parent_authority_blocks" time="0.001" /><testcase classname="tests.core.test_plan_005_invariants" name="test_child_context_refs_outside_parent_blocks" time="0.001" /><testcase classname="tests.core.test_plan_005_invariants" name="test_child_operation_outside_parent_blocks" time="0.001" /><testcase classname="tests.core.test_plan_005_invariants" name="test_child_capability_and_role_outside_parent_block" time="0.001" /><testcase classname="tests.core.test_plan_005_invariants" name="test_child_depth_exceeding_parent_blocks" time="0.003" /><testcase classname="tests.core.test_plan_005_invariants" name="test_child_within_parent_authority_holds" time="0.001" /><testcase classname="tests.core.test_plan_005_invariants" name="test_owner_review_cannot_become_self_only" time="0.001" /><testcase classname="tests.core.test_plan_005_invariants" name="test_independent_review_cannot_become_self_only" time="0.001" /><testcase classname="tests.core.test_plan_005_invariants" name="test_owner_review_downgrade_to_internal_is_blocked" time="0.001" /><testcase classname="tests.core.test_plan_005_invariants" name="test_noncanonical_required_or_selected_review_blocks" time="0.001" /><testcase classname="tests.core.test_plan_005_invariants" name="test_review_levels_are_canonical" time="0.001" /><testcase classname="tests.core.test_plan_005_invariants" name="test_review_origin_is_provenance_not_level" time="0.001" /><testcase classname="tests.core.test_plan_005_invariants" name="test_internal_review_is_provenance_with_canonical_level" time="0.001" /><testcase classname="tests.core.test_plan_005_invariants" name="test_applied_skill_without_canonical_ref_blocks" time="0.001" /><testcase classname="tests.core.test_plan_005_invariants" name="test_applied_skill_with_wrong_checksum_or_missing_evidence_blocks" time="0.001" /><testcase classname="tests.core.test_plan_005_invariants" name="test_applied_skill_with_full_provenance_holds" time="0.003" /><testcase classname="tests.core.test_plan_005_invariants" name="test_stale_recovery_does_not_resume" time="0.001" /><testcase classname="tests.core.test_plan_005_invariants" name="test_stale_recovery_without_blocked_topology_is_fail_closed" time="0.001" /><testcase classname="tests.core.test_plan_005_invariants" name="test_blocked_recovery_topologies_are_safe" time="0.001" /><testcase classname="tests.core.test_plan_005_invariants" name="test_orphan_or_ambiguous_reservation_is_not_authorization" time="0.001" /><testcase classname="tests.core.test_plan_005_invariants" name="test_same_reservation_lease_is_not_supported" time="0.001" /><testcase classname="tests.core.test_plan_005_invariants" name="test_parent_run_equals_child_run_blocks" time="0.002" /><testcase classname="tests.core.test_plan_005_invariants" name="test_manifest_run_mismatches_child_run_blocks" time="0.001" /><testcase classname="tests.core.test_plan_005_invariants" name="test_inherited_conversation_history_blocks" time="0.001" /><testcase classname="tests.core.test_plan_005_invariants" name="test_fresh_child_manifest_holds" time="0.001" /><testcase classname="tests.core.test_plan_005_invariants" name="test_pass_without_evidence_refs_is_invalid" time="0.001" /><testcase classname="tests.core.test_plan_005_invariants" name="test_pass_with_empty_evidence_ref_is_invalid" time="0.002" /><testcase classname="tests.core.test_plan_005_invariants" name="test_pass_with_real_evidence_refs_holds" time="0.001" /><testcase classname="tests.core.test_plan_005_invariants" name="test_non_pass_results_do_not_require_evidence" time="0.001" /><testcase classname="tests.core.test_plan_005_invariants" name="test_demo_with_promotion_flags_is_blocked" time="0.001" /><testcase classname="tests.core.test_plan_005_invariants" name="test_controlled_demo_without_promotion_holds" time="0.001" /><testcase classname="tests.core.test_plan_005_invariants" name="test_route_outside_authorized_candidate_set_blocks" time="0.001" /><testcase classname="tests.core.test_plan_005_invariants" name="test_route_selected_without_profile_blocks" time="0.002" /><testcase classname="tests.core.test_plan_005_invariants" name="test_route_selected_without_candidate_set_blocks" time="0.001" /><testcase classname="tests.core.test_plan_005_invariants" name="test_route_within_candidate_set_holds" time="0.001" /><testcase classname="tests.core.test_plan_005_invariants" name="test_recommend_or_blocked_do_not_select" time="0.001" /><testcase classname="tests.core.test_plan_005_invariants" name="test_increment_pass_does_not_authorize_next" time="0.002" /><testcase classname="tests.core.test_plan_005_invariants" name="test_increment_pass_without_next_authorization_holds" time="0.002" /><testcase classname="tests.core.test_plan_005_invariants" name="test_unknown_invariant_is_fail_closed" time="0.001" /><testcase classname="tests.core.test_delegation_policy_and_contract" name="test_trivial_task_is_inline" time="0.003" /><testcase classname="tests.core.test_delegation_policy_and_contract" name="test_separable_task_without_canonical_authorization_escalates" time="0.003" /><testcase classname="tests.core.test_delegation_policy_and_contract" name="test_authority_conflict_escalates" time="0.002" /><testcase classname="tests.core.test_delegation_policy_and_contract" name="test_delegation_without_explicit_authority_never_delegates" time="0.002" /><testcase classname="tests.core.test_delegation_policy_and_contract" name="test_fabricated_mission_authorization_is_verified_at_use" time="0.003" /><testcase classname="tests.core.test_delegation_policy_and_contract" name="test_mutated_loaded_authorization_is_blocked" time="0.008" /><testcase classname="tests.core.test_delegation_policy_and_contract" name="test_child_scope_cannot_expand_parent" time="0.032" /><testcase classname="tests.core.test_delegation_policy_and_contract" name="test_child_contract_has_parent_checksum_and_valid_schema" time="0.043" /><testcase classname="tests.core.test_delegation_policy_and_contract" name="test_depth_cannot_be_raised_by_child" time="0.042" /><testcase classname="tests.core.test_delegation_policy_and_contract" name="test_child_context_cannot_expand_parent_context_refs" time="0.028" /><testcase classname="tests.core.test_delegation_policy_and_contract" name="test_child_missing_parent_authority_blocks" time="0.007" /><testcase classname="tests.core.test_delegation_policy_and_contract" name="test_caller_injected_parent_authority_is_ignored" time="0.009" /><testcase classname="tests.core.test_delegation_policy_and_contract" name="test_parent_delegation_binding_cannot_be_mutated" time="0.031" /><testcase classname="tests.core.test_context_manifest_lineage" name="test_child_manifest_records_run_lineage_and_no_conversation_inheritance" time="0.021" /><testcase classname="tests.core.test_context_manifest_lineage" name="test_equal_parent_and_child_run_blocks_context_resolution" time="0.005" /><testcase classname="tests.core.test_context_manifest_lineage" name="test_manifest_run_must_match_child_run" time="0.005" /><testcase classname="tests.core.test_context_manifest_lineage" name="test_child_context_ref_must_be_authorized" time="0.006" /><testcase classname="tests.core.test_skill_digest_and_feedback" name="test_digest_resolves_full_canonical_source_and_is_bounded" time="0.005" /><testcase classname="tests.core.test_skill_digest_and_feedback" name="test_digest_source_missing_blocks" time="0.002" /><testcase classname="tests.core.test_skill_digest_and_feedback" name="test_applied_requires_resolution_and_application_evidence" time="0.005" /><testcase classname="tests.core.test_skill_digest_and_feedback" name="test_feedback_records_canonical_provenance" time="0.012" /><testcase classname="tests.core.test_skill_digest_and_feedback" name="test_feedback_rejects_fabricated_provenance" time="0.005" /><testcase classname="tests.core.test_skill_digest_and_feedback" name="test_application_evidence_binds_to_mission" time="0.009" /><testcase classname="tests.core.test_skill_digest_and_feedback" name="test_application_evidence_binds_to_exact_run" time="0.009" /><testcase classname="tests.core.test_review_workload_and_recovery" name="test_review_uses_canonical_levels_and_origin" time="0.002" /><testcase classname="tests.core.test_review_workload_and_recovery" name="test_review_floor_is_derived_when_caller_omits_floor" time="0.006" /><testcase classname="tests.core.test_review_workload_and_recovery" name="test_owner_review_cannot_be_downgraded" time="0.002" /><testcase classname="tests.core.test_review_workload_and_recovery" name="test_recovery_round_trip_is_checksum_and_revision_bound" time="0.007" /><testcase classname="tests.core.test_review_workload_and_recovery" name="test_current_single_use_reservation_blocks_unsafe_resume" time="0.001" /><testcase classname="tests.core.test_review_workload_and_recovery" name="test_missing_reservation_requires_new_authorization" time="0.001" /><testcase classname="tests.core.test_review_workload_and_recovery" name="test_declarative_lease_requires_new_authorization" time="0.001" /><testcase classname="tests.core.test_plan_005_demos" name="test_d1_small_task_inline" time="0.139" /><testcase classname="tests.core.test_plan_005_demos" name="test_d2_wide_separable_task_delegates" time="0.073" /><testcase classname="tests.core.test_plan_005_demos" name="test_d2_scope_expansion_is_fail_closed" time="0.020" /><testcase classname="tests.core.test_plan_005_demos" name="test_d3_internal_review_and_repair_converge" time="0.027" /><testcase classname="tests.core.test_plan_005_demos" name="test_d4_authority_condition_escalates" time="0.031" /><testcase classname="tests.core.test_plan_005_demos" name="test_d5_recovery_after_restart_continues_without_duplication" time="0.065" /><testcase classname="tests.core.test_plan_005_demos" name="test_d5_stale_recovery_is_fail_closed" time="0.021" /><testcase classname="tests.core.test_plan_005_demos" name="test_d6_route_stays_inside_authorized_candidate_set" time="0.024" /><testcase classname="tests.core.test_plan_005_transitive_freshness.TestTransitiveFreshness" name="test_hardening_review_is_stale_through_downstream_evidence" time="0.569" /><testcase classname="tests.core.test_plan_005_transitive_freshness.TestTransitiveFreshness" name="test_leaf_report_fresh_but_consumer_is_stale" time="0.047" /><testcase classname="tests.core.test_plan_005_transitive_freshness.TestTransitiveFreshness" name="test_two_level_graph_fresh" time="0.033" /><testcase classname="tests.core.test_plan_005_transitive_freshness.TestTransitiveFreshness" name="test_missing_leaf_is_unverifiable" time="0.013" /><testcase classname="tests.core.test_plan_005_transitive_freshness.TestTransitiveFreshness" name="test_cycle_is_safe" time="0.035" /><testcase classname="tests.core.test_plan_005_transitive_freshness.TestTransitiveFreshness" name="test_stale_dominates_unverifiable" time="0.013" /><testcase classname="tests.core.test_plan_005_transitive_freshness.TestCompletionDerivedFromTransitiveFreshness" name="test_completion_claim_with_stale_evidence_violates" time="0.001" /><testcase classname="tests.core.test_plan_005_transitive_freshness.TestCompletionDerivedFromTransitiveFreshness" name="test_completion_claim_with_fresh_evidence_holds" time="0.001" /><testcase classname="tests.core.test_plan_005_transitive_freshness.TestCompletionDerivedFromTransitiveFreshness" name="test_completion_claim_without_freshness_field_violates" time="0.001" /><testcase classname="tests.core.test_plan_005_transitive_freshness.TestCompletionDerivedFromTransitiveFreshness" name="test_non_completion_claim_is_not_policed" time="0.001" /><testcase classname="tests.core.test_all_schemas.TestAllJSONSchemas" name="test_all_schemas_are_valid_draft7" time="0.569" /><testcase classname="tests.core.test_all_schemas.TestAllJSONSchemas" name="test_delegated_pass_requires_evidence" time="0.002" /><testcase classname="tests.core.test_all_schemas.TestAllJSONSchemas" name="test_every_research_contract_schema_has_valid_fixture" time="0.016" /><testcase classname="tests.core.test_all_schemas.TestAllJSONSchemas" name="test_every_schema_has_valid_fixture" time="0.179" /><testcase classname="tests.core.test_all_schemas.TestAllJSONSchemas" name="test_new_invalid_cases_for_hardness" time="0.011" /><testcase classname="tests.core.test_all_schemas.TestAllJSONSchemas" name="test_representative_invalid_fixtures" time="0.004" /><testcase classname="tests.core.test_all_schemas.TestAllJSONSchemas" name="test_schema_required_fields_in_properties" time="0.067" /><testcase classname="tests.core.test_plan_005_real_consumer_integration" name="test_real_runtime_blocks_route_outside_authorized_candidate_set" time="0.029" /><testcase classname="tests.core.test_plan_005_real_consumer_integration" name="test_real_runtime_blocks_profile_outside_authorized_set" time="0.029" /><testcase classname="tests.core.test_plan_005_real_consumer_integration" name="test_real_runtime_rejects_unknown_provider_fail_closed" time="0.033" /><testcase classname="tests.core.test_plan_005_real_consumer_integration" name="test_real_runtime_requires_authorized_candidate_set_when_governed" time="0.023" /><testcase classname="tests.harness.test_mission_completion_gate" name="test_valid_mission_gets_pass_and_preserves_protected_untracked" time="1.789" /><testcase classname="tests.harness.test_mission_completion_gate" name="test_material_repair_requires_an_evidence_path" time="0.820" /><testcase classname="tests.harness.test_mission_completion_gate" name="test_material_repair_without_resolvable_evidence_blocks_completion" time="2.141" /><testcase classname="tests.harness.test_mission_completion_gate" name="test_material_repair_with_verified_evidence_can_complete" time="2.067" /><testcase classname="tests.harness.test_mission_completion_gate" name="test_material_completion_blocks_dependency_omitted_from_canonical_registry" time="2.292" /><testcase classname="tests.harness.test_mission_completion_gate" name="test_material_completion_blocks_unknown_canonical_downstream" time="2.145" /><testcase classname="tests.harness.test_mission_completion_gate" name="test_mission_scope_boolean_mismatch_blocks" time="2.086" /><testcase classname="tests.harness.test_mission_completion_gate" name="test_mission_scope_evidence_path_mismatch_blocks" time="2.052" /><testcase classname="tests.harness.test_mission_completion_gate" name="test_post_authorization_tampering_invalidates_authorization" time="2.081" /><testcase classname="tests.harness.test_mission_completion_gate" name="test_diff_check_failure_prevents_pass" time="2.317" /><testcase classname="tests.harness.test_mission_completion_gate" name="test_out_of_scope_change_prevents_pass" time="2.277" /><testcase classname="tests.harness.test_mission_completion_gate" name="test_duplicate_yaml_key_is_detected" time="2.185" /><testcase classname="tests.harness.test_mission_completion_gate" name="test_required_test_failure_prevents_pass" time="2.027" /><testcase classname="tests.harness.test_mission_completion_gate" name="test_forbidden_state_transition_prevents_pass" time="2.116" /><testcase classname="tests.harness.test_mission_completion_gate" name="test_gate_result_with_violations_cannot_be_pass" time="0.003" /><testcase classname="tests.harness.test_mission_completion_gate" name="test_contract_rejects_free_form_llm_claims" time="0.005" /><testcase classname="tests.harness.test_mission_completion_gate" name="test_gate_is_provider_and_ide_agnostic" time="2.167" /><testcase classname="tests.harness.test_mission_completion_gate" name="test_declared_completion_requirement_blocks_downgraded_e2e" time="2.171" /><testcase classname="tests.harness.test_mission_completion_gate" name="test_declared_completion_requirement_passes_only_with_fresh_e2e" time="1.935" /><testcase classname="tests.harness.test_mission_completion_gate" name="test_schema_check_uses_real_json_validation" time="2.140" /><testcase classname="tests.harness.test_mission_completion_gate" name="test_duplicate_yaml_key_inside_markdown_is_detected" time="2.098" /><testcase classname="tests.harness.test_mission_completion_gate" name="test_protected_untracked_content_change_prevents_pass" time="2.034" /><testcase classname="tests.harness.test_mission_completion_gate" name="test_new_file_inside_protected_tree_prevents_pass" time="2.057" /><testcase classname="tests.harness.test_mission_completion_gate" name="test_changed_remote_reference_prevents_pass" time="2.100" /></testsuite></testsuites>